SF:lib\app\app_module.dart
DA:18,6
LF:1
LH:1
end_of_record
SF:lib\app\app_guard.dart
DA:6,0
DA:7,0
DA:11,0
LF:3
LH:0
end_of_record
SF:lib\app\modules\auth\infra\auth_guards\auth_guard_adm.dart
DA:7,0
DA:8,0
DA:9,0
DA:10,0
DA:11,0
DA:13,0
DA:19,0
LF:7
LH:0
end_of_record
SF:lib\app\modules\auth\infra\auth_guards\auth_guard_user.dart
DA:8,0
DA:9,0
DA:10,0
DA:11,0
DA:12,0
DA:14,0
DA:20,0
LF:7
LH:0
end_of_record
SF:lib\app\modules\dashboard\adm_module.dart
DA:19,0
DA:20,0
DA:23,0
DA:24,0
DA:27,0
DA:28,0
DA:32,0
DA:34,0
DA:40,0
DA:42,0
DA:43,0
LF:11
LH:0
end_of_record
SF:lib\app\modules\dashboard\user_module.dart
DA:16,3
DA:18,3
DA:20,0
DA:21,0
DA:22,0
DA:23,0
DA:31,0
DA:34,0
LF:8
LH:2
end_of_record
SF:lib\app\modules\login\login_module.dart
DA:11,0
DA:12,0
DA:14,0
DA:19,0
LF:4
LH:0
end_of_record
SF:lib\app\modules\register\register_module.dart
DA:10,0
DA:11,0
DA:15,0
LF:3
LH:0
end_of_record
SF:lib\app\modules\auth\auth_module.dart
DA:15,2
DA:16,1
DA:17,1
DA:20,2
DA:22,2
DA:25,3
LF:6
LH:6
end_of_record
SF:lib\app\modules\home\home_module.dart
DA:19,3
DA:21,3
DA:22,3
DA:24,2
DA:25,2
DA:26,0
DA:28,3
DA:29,3
DA:31,2
DA:36,0
LF:10
LH:8
end_of_record
SF:lib\app\shared\services\dio\smile_options.dart
DA:3,9
LF:1
LH:1
end_of_record
SF:lib\app\modules\auth\presenter\controllers\auth_controller.dart
DA:10,2
DA:15,2
DA:16,0
DA:18,1
DA:20,3
DA:21,4
DA:23,0
DA:24,0
DA:26,1
DA:27,2
DA:30,0
DA:31,0
DA:33,0
DA:37,0
DA:38,0
DA:39,0
DA:41,0
DA:42,0
DA:44,0
DA:48,1
DA:49,3
DA:50,1
LF:22
LH:10
end_of_record
SF:lib\app\modules\auth\external\access_level_datasource_impl.dart
DA:9,1
DA:11,0
DA:13,0
DA:14,0
DA:16,0
DA:17,0
DA:18,0
DA:20,0
DA:23,0
DA:24,0
LF:10
LH:1
end_of_record
SF:lib\app\modules\auth\infra\repositories\auth_repository_mock.dart
DA:13,0
DA:15,0
DA:16,0
DA:17,0
DA:18,0
DA:20,0
DA:21,0
DA:23,0
DA:29,0
LF:9
LH:0
end_of_record
SF:lib\app\modules\auth\infra\repositories\secure_storage.dart
DA:8,1
DA:10,1
DA:11,3
DA:12,4
DA:16,0
DA:17,0
DA:21,0
DA:22,0
DA:26,0
DA:27,0
DA:31,0
DA:32,0
DA:36,0
DA:37,0
LF:14
LH:4
end_of_record
SF:lib\app\modules\auth\errors\errors.dart
DA:3,0
DA:7,0
DA:11,0
LF:3
LH:0
end_of_record
SF:lib\app\shared\models\user_model.dart
DA:15,0
DA:22,0
DA:30,0
DA:31,0
DA:32,0
DA:33,0
DA:34,0
DA:35,0
DA:36,0
DA:37,0
LF:10
LH:0
end_of_record
SF:lib\app\modules\dashboard\presenter\controllers\adm\adm_dashboard_controller.g.dart
DA:14,0
DA:16,0
DA:17,0
DA:19,0
DA:22,0
DA:24,0
DA:25,0
DA:27,0
DA:30,0
DA:32,0
DA:33,0
DA:35,0
DA:38,0
DA:40,0
DA:41,0
DA:43,0
DA:46,0
DA:48,0
DA:49,0
DA:51,0
DA:56,0
DA:58,0
DA:59,0
DA:62,0
DA:64,0
DA:65,0
DA:66,0
DA:73,0
DA:75,0
DA:76,0
DA:79,0
DA:81,0
DA:82,0
DA:83,0
DA:90,0
DA:92,0
DA:93,0
DA:96,0
DA:98,0
DA:99,0
DA:106,0
DA:108,0
DA:109,0
DA:112,0
DA:114,0
DA:115,0
DA:122,0
DA:124,0
DA:125,0
DA:131,0
DA:133,0
DA:139,0
DA:142,0
DA:145,0
DA:147,0
DA:151,0
DA:154,0
DA:157,0
DA:159,0
DA:163,0
DA:165,0
DA:166,0
DA:168,0
DA:170,0
DA:174,0
DA:177,0
DA:178,0
DA:179,0
DA:180,0
DA:181,0
DA:182,0
DA:183,0
DA:184,0
DA:185,0
DA:186,0
LF:75
LH:0
end_of_record
SF:lib\app\modules\dashboard\presenter\controllers\adm\adm_dashboard_controller.dart
DA:15,0
DA:19,0
DA:34,0
DA:35,0
DA:36,0
DA:37,0
DA:38,0
DA:40,0
DA:41,0
DA:42,0
DA:43,0
DA:44,0
DA:46,0
DA:47,0
DA:48,0
DA:49,0
DA:50,0
DA:52,0
DA:53,0
DA:54,0
DA:55,0
DA:56,0
DA:58,0
DA:59,0
DA:60,0
DA:61,0
DA:62,0
DA:64,0
DA:66,0
DA:69,0
DA:71,0
DA:72,0
DA:73,0
DA:75,0
DA:76,0
DA:81,0
DA:82,0
DA:83,0
DA:87,0
DA:88,0
DA:89,0
DA:90,0
DA:91,0
DA:94,0
DA:96,0
DA:97,0
DA:98,0
DA:99,0
DA:100,0
DA:101,0
LF:50
LH:0
end_of_record
SF:lib\app\modules\dashboard\presenter\controllers\adm\edit_activity_controller.dart
DA:17,1
DA:23,2
DA:25,1
DA:27,3
DA:34,0
DA:35,0
DA:39,0
DA:40,0
DA:43,1
DA:45,3
DA:48,1
DA:50,3
DA:53,1
DA:55,3
DA:58,1
DA:60,3
DA:63,1
DA:65,2
DA:66,1
DA:67,1
DA:68,1
DA:69,1
DA:70,4
DA:71,6
DA:73,2
DA:74,2
DA:75,5
DA:76,3
DA:80,1
DA:82,2
DA:83,4
DA:84,1
DA:85,5
DA:87,2
DA:88,2
DA:89,5
DA:90,3
DA:94,1
DA:96,2
DA:97,1
DA:98,4
DA:99,3
DA:102,1
DA:104,3
DA:105,3
DA:108,1
DA:110,3
DA:111,3
DA:114,1
DA:116,3
DA:117,3
DA:120,1
DA:122,2
DA:123,2
DA:124,3
DA:127,1
DA:129,2
DA:130,1
DA:131,3
LF:59
LH:55
end_of_record
SF:lib\app\modules\dashboard\presenter\controllers\adm\edit_activity_controller.g.dart
DA:15,1
DA:17,2
DA:18,1
DA:21,1
DA:23,4
DA:24,1
DA:31,0
DA:33,0
DA:39,0
DA:41,0
DA:47,1
DA:49,1
DA:50,1
DA:52,1
DA:54,2
DA:58,1
DA:60,1
DA:61,1
DA:63,1
DA:65,2
DA:69,1
DA:71,1
DA:72,1
DA:74,1
DA:76,2
DA:80,1
DA:82,1
DA:83,1
DA:85,1
DA:87,2
DA:91,1
DA:93,1
DA:94,1
DA:96,1
DA:98,2
DA:102,1
DA:104,1
DA:105,1
DA:107,1
DA:109,2
DA:113,1
DA:115,1
DA:116,1
DA:118,1
DA:120,2
DA:124,1
DA:126,1
DA:127,1
DA:129,1
DA:131,2
DA:135,1
DA:137,1
DA:138,1
DA:140,1
DA:142,2
DA:146,1
DA:148,1
DA:149,1
DA:151,1
DA:153,2
DA:157,1
DA:159,1
DA:160,1
DA:162,1
DA:164,2
DA:168,1
DA:170,1
DA:171,1
DA:173,1
DA:175,2
DA:179,1
DA:181,1
DA:182,1
DA:184,1
DA:186,2
DA:190,0
DA:193,0
DA:194,0
LF:78
LH:71
end_of_record
SF:lib\app\modules\dashboard\presenter\controllers\adm\create_activity_controller.g.dart
DA:15,1
DA:17,2
DA:18,1
DA:21,1
DA:23,4
DA:24,1
DA:31,0
DA:33,0
DA:39,1
DA:41,1
DA:42,1
DA:44,1
DA:46,2
DA:50,1
DA:52,1
DA:53,1
DA:55,1
DA:57,2
DA:61,1
DA:63,1
DA:64,1
DA:66,1
DA:68,2
DA:72,1
DA:74,1
DA:75,1
DA:77,1
DA:79,2
DA:83,1
DA:85,1
DA:86,1
DA:88,1
DA:90,2
DA:94,1
DA:96,1
DA:97,1
DA:99,1
DA:101,2
DA:105,1
DA:107,1
DA:108,1
DA:110,1
DA:112,2
DA:116,1
DA:118,1
DA:119,1
DA:121,1
DA:123,2
DA:127,0
DA:129,0
DA:130,0
DA:132,0
DA:134,0
DA:138,1
DA:140,1
DA:141,1
DA:143,1
DA:145,2
DA:149,1
DA:151,1
DA:152,1
DA:154,1
DA:156,2
DA:160,1
DA:162,1
DA:163,1
DA:165,1
DA:167,2
DA:171,1
DA:173,1
DA:174,1
DA:176,1
DA:178,2
DA:182,0
DA:185,0
DA:186,0
LF:76
LH:66
end_of_record
SF:lib\app\modules\dashboard\presenter\controllers\adm\create_activity_controller.dart
DA:17,1
DA:24,1
DA:26,3
DA:33,0
DA:34,0
DA:37,1
DA:39,3
DA:42,1
DA:44,3
DA:47,1
DA:49,3
DA:52,1
DA:54,3
DA:57,1
DA:59,2
DA:60,1
DA:61,1
DA:62,1
DA:63,1
DA:64,4
DA:65,0
DA:68,2
DA:69,2
DA:70,5
DA:71,3
DA:75,1
DA:77,2
DA:78,4
DA:79,1
DA:80,5
DA:82,1
DA:83,0
DA:84,2
DA:85,2
DA:86,5
DA:87,3
DA:91,1
DA:93,2
DA:94,1
DA:95,4
DA:96,3
DA:99,0
DA:101,0
DA:102,0
DA:105,1
DA:107,3
DA:108,3
DA:111,1
DA:113,3
DA:114,3
DA:117,1
DA:119,2
DA:120,2
DA:121,3
DA:124,1
DA:126,2
DA:127,1
DA:128,3
LF:58
LH:51
end_of_record
SF:lib\app\modules\dashboard\ui\adm\adm_dashboard_page.dart
DA:13,13
DA:15,0
DA:16,0
DA:21,0
DA:23,0
DA:24,0
DA:25,0
DA:26,0
DA:28,0
DA:35,0
DA:36,0
DA:38,0
DA:39,0
DA:42,0
DA:44,0
DA:46,0
DA:48,0
DA:49,0
DA:50,0
DA:51,0
DA:52,0
DA:53,0
DA:55,0
DA:57,0
DA:61,0
DA:62,0
DA:63,0
DA:64,0
DA:65,0
DA:66,0
DA:67,0
DA:68,0
DA:69,0
DA:70,0
DA:71,0
DA:72,0
DA:73,0
DA:80,0
DA:81,0
DA:84,0
DA:85,0
DA:86,0
DA:88,0
DA:90,0
DA:91,0
DA:93,0
DA:96,0
DA:98,0
DA:102,0
DA:105,0
DA:106,0
DA:108,0
DA:110,0
DA:111,0
DA:113,0
DA:116,0
DA:118,0
DA:119,0
DA:124,0
DA:127,0
DA:129,0
DA:131,0
DA:132,0
DA:134,0
DA:135,0
DA:138,0
DA:140,0
DA:141,0
LF:68
LH:1
end_of_record
SF:lib\app\modules\dashboard\ui\adm\edit_activity_page.dart
DA:20,13
DA:22,0
DA:23,0
DA:28,0
DA:30,0
DA:31,0
DA:32,0
DA:35,0
DA:36,0
DA:37,0
DA:38,0
DA:39,0
DA:49,0
DA:51,0
DA:52,0
DA:53,0
DA:54,0
DA:55,0
DA:56,0
DA:57,0
DA:60,0
DA:62,0
DA:63,0
DA:64,0
DA:66,0
DA:68,0
DA:69,0
DA:75,0
DA:76,0
DA:79,0
DA:80,0
DA:85,0
DA:87,0
DA:88,0
DA:90,0
DA:91,0
DA:92,0
DA:94,0
DA:95,0
DA:96,0
DA:97,0
DA:98,0
DA:99,0
DA:100,0
DA:103,0
DA:106,0
DA:107,0
DA:108,0
DA:109,0
DA:111,0
DA:112,0
DA:114,0
DA:115,0
DA:117,0
DA:118,0
DA:119,0
DA:126,0
DA:127,0
DA:130,0
DA:132,0
DA:133,0
DA:137,0
DA:139,0
DA:140,0
DA:142,0
DA:144,0
DA:147,0
DA:152,0
DA:153,0
DA:156,0
DA:157,0
DA:158,0
DA:159,0
DA:160,0
DA:163,0
DA:164,0
DA:170,0
DA:171,0
DA:173,0
DA:175,0
DA:181,0
DA:183,0
DA:185,0
DA:186,0
DA:196,0
DA:198,0
DA:201,0
DA:202,0
DA:204,0
DA:205,0
DA:207,0
DA:211,0
DA:213,0
DA:214,0
DA:215,0
DA:217,0
DA:218,0
DA:222,0
DA:223,0
DA:224,0
DA:229,0
DA:231,0
DA:237,0
DA:241,0
DA:242,0
DA:243,0
DA:245,0
DA:246,0
DA:250,0
DA:251,0
DA:252,0
DA:262,0
DA:263,0
LF:113
LH:1
end_of_record
SF:lib\app\modules\dashboard\ui\adm\create_activity_page.dart
DA:19,13
DA:21,0
DA:22,0
DA:27,0
DA:29,0
DA:30,0
DA:31,0
DA:34,0
DA:35,0
DA:36,0
DA:37,0
DA:38,0
DA:48,0
DA:50,0
DA:51,0
DA:52,0
DA:53,0
DA:54,0
DA:55,0
DA:56,0
DA:59,0
DA:61,0
DA:62,0
DA:63,0
DA:65,0
DA:67,0
DA:68,0
DA:74,0
DA:75,0
DA:78,0
DA:79,0
DA:84,0
DA:86,0
DA:87,0
DA:89,0
DA:90,0
DA:91,0
DA:93,0
DA:94,0
DA:96,0
DA:99,0
DA:100,0
DA:102,0
DA:105,0
DA:106,0
DA:107,0
DA:110,0
DA:111,0
DA:112,0
DA:115,0
DA:116,0
DA:118,0
DA:119,0
DA:121,0
DA:122,0
DA:124,0
DA:125,0
DA:126,0
DA:133,0
DA:134,0
DA:137,0
DA:139,0
DA:140,0
DA:144,0
DA:146,0
DA:147,0
DA:149,0
DA:151,0
DA:154,0
DA:159,0
DA:160,0
DA:163,0
DA:164,0
DA:165,0
DA:166,0
DA:167,0
DA:170,0
DA:171,0
DA:177,0
DA:178,0
DA:180,0
DA:182,0
DA:188,0
DA:190,0
DA:192,0
DA:193,0
DA:203,0
DA:205,0
DA:208,0
DA:209,0
DA:211,0
DA:212,0
DA:214,0
DA:218,0
DA:220,0
DA:221,0
DA:222,0
DA:224,0
DA:225,0
DA:229,0
DA:230,0
DA:235,0
DA:237,0
DA:243,0
LF:104
LH:1
end_of_record
SF:lib\app\shared\models\activity_model.dart
DA:18,5
DA:26,5
DA:36,1
DA:37,1
DA:38,1
DA:39,2
DA:40,1
DA:41,1
DA:42,2
DA:43,1
DA:44,2
DA:48,1
DA:49,4
DA:52,0
DA:53,0
DA:54,0
DA:55,0
DA:56,0
DA:57,0
DA:58,0
DA:61,1
DA:62,1
DA:63,2
DA:69,1
DA:73,2
DA:84,2
DA:85,2
DA:86,2
DA:87,2
DA:88,2
DA:89,2
DA:90,2
DA:91,2
LF:33
LH:26
end_of_record
SF:lib\app\modules\dashboard\external\activities_datasource_impl.dart
DA:8,2
DA:11,1
DA:13,3
DA:14,2
DA:15,2
DA:17,0
DA:18,0
DA:21,0
DA:22,0
DA:28,0
DA:30,0
DA:31,0
DA:32,0
DA:35,0
DA:36,0
DA:41,0
DA:43,0
DA:44,0
DA:45,0
DA:48,0
DA:49,0
DA:54,0
DA:56,0
DA:57,0
DA:60,0
DA:61,0
LF:26
LH:5
end_of_record
SF:lib\app\modules\dashboard\infra\repository\activities_repository_impl.dart
DA:9,2
DA:12,1
DA:14,3
DA:15,1
DA:16,3
DA:17,3
DA:18,2
DA:21,1
DA:25,0
DA:26,0
DA:27,0
DA:31,0
DA:32,0
DA:36,0
DA:37,0
DA:41,0
DA:42,0
LF:17
LH:8
end_of_record
SF:lib\app\modules\dashboard\domain\entities\schedule_activity.dart
DA:5,5
LF:1
LH:1
end_of_record
SF:lib\app\modules\dashboard\domain\infra\activity_enum.dart
DA:3,14
DA:18,0
DA:20,0
DA:22,0
DA:24,0
DA:26,0
DA:28,0
DA:30,0
DA:32,0
DA:34,0
DA:36,0
DA:38,0
DA:40,0
DA:45,1
DA:47,6
LF:15
LH:3
end_of_record
SF:lib\app\modules\dashboard\domain\infra\weekdays_enum.dart
DA:3,13
DA:14,0
DA:16,0
DA:18,0
DA:20,0
DA:22,0
DA:24,0
DA:26,0
DA:28,0
LF:9
LH:1
end_of_record
SF:lib\app\modules\dashboard\infra\models\schedule_activity_model.dart
DA:8,5
DA:9,5
DA:11,1
DA:12,1
DA:13,2
DA:14,1
DA:17,1
DA:18,4
DA:21,0
DA:22,0
DA:23,0
DA:26,2
DA:30,2
DA:31,2
DA:32,2
DA:36,2
DA:37,2
LF:17
LH:14
end_of_record
SF:lib\app\modules\dashboard\infra\models\speaker_activity_model.dart
DA:12,5
DA:17,5
DA:23,0
DA:24,0
DA:25,0
DA:26,0
DA:27,0
DA:30,1
DA:31,1
DA:32,1
DA:33,1
DA:34,1
DA:35,1
DA:39,2
DA:45,2
DA:46,2
DA:47,2
DA:48,2
DA:49,2
LF:19
LH:14
end_of_record
SF:lib\app\shared\entities\speaker.dart
DA:6,7
DA:12,0
DA:13,0
LF:3
LH:1
end_of_record
SF:lib\app\modules\dashboard\presenter\controllers\user\user_dashboard_controller.dart
DA:17,1
DA:22,1
DA:29,1
DA:30,5
DA:34,0
DA:35,0
DA:38,1
DA:40,2
DA:41,2
DA:42,4
DA:43,1
DA:44,1
DA:45,0
LF:13
LH:10
end_of_record
SF:lib\app\modules\dashboard\presenter\controllers\user\user_dashboard_controller.g.dart
DA:15,1
DA:17,2
DA:18,1
DA:21,1
DA:23,4
DA:24,1
DA:31,1
DA:33,1
DA:34,3
DA:40,0
DA:42,0
DA:48,1
DA:50,1
DA:51,1
DA:53,1
DA:55,2
DA:59,0
DA:62,0
DA:63,0
LF:19
LH:14
end_of_record
SF:lib\app\modules\dashboard\ui\widgets\activities_carousel_widget.dart
DA:17,0
DA:23,0
DA:25,0
DA:27,0
DA:28,0
DA:29,0
DA:33,0
DA:34,0
DA:38,0
DA:39,0
DA:40,0
DA:41,0
DA:43,0
DA:44,0
DA:45,0
DA:46,0
DA:47,0
DA:48,0
DA:53,0
DA:54,0
DA:60,0
DA:62,0
DA:63,0
DA:64,0
DA:66,0
DA:69,0
DA:70,0
DA:73,0
DA:74,0
DA:75,0
DA:76,0
DA:77,0
DA:78,0
DA:79,0
DA:80,0
DA:81,0
DA:82,0
DA:85,0
DA:86,0
DA:87,0
DA:88,0
DA:91,0
DA:93,0
DA:94,0
DA:95,0
DA:97,0
DA:100,0
DA:101,0
DA:102,0
DA:103,0
DA:107,0
DA:110,0
DA:111,0
DA:117,0
DA:118,0
DA:121,0
DA:122,0
DA:123,0
DA:124,0
DA:125,0
DA:127,0
DA:128,0
DA:129,0
DA:139,0
DA:140,0
DA:142,0
DA:144,0
DA:150,0
DA:151,0
DA:153,0
DA:154,0
DA:155,0
DA:156,0
DA:157,0
DA:158,0
DA:160,0
DA:161,0
DA:162,0
DA:172,0
DA:173,0
DA:175,0
LF:81
LH:0
end_of_record
SF:lib\app\modules\dashboard\ui\widgets\filter_chip_widget.dart
DA:9,0
DA:14,0
DA:16,0
DA:18,0
DA:19,0
DA:20,0
DA:21,0
DA:22,0
DA:23,0
DA:24,0
DA:25,0
DA:26,0
DA:28,0
DA:29,0
DA:31,0
DA:32,0
LF:16
LH:0
end_of_record
SF:lib\app\shared\themes\app_colors.dart
DA:4,0
DA:5,0
DA:6,0
DA:7,0
DA:8,0
DA:9,0
DA:10,0
LF:7
LH:0
end_of_record
SF:lib\app\shared\widgets\text_header_scratched.dart
DA:9,91
DA:11,0
DA:13,0
DA:15,0
DA:16,0
DA:17,0
DA:19,0
DA:20,0
DA:21,0
DA:23,0
DA:24,0
DA:25,0
DA:26,0
DA:29,0
DA:30,0
DA:31,0
LF:16
LH:1
end_of_record
SF:lib\app\shared\themes\app_text_styles.dart
DA:6,0
DA:7,0
DA:12,0
DA:13,0
DA:18,0
DA:24,0
DA:30,0
LF:7
LH:0
end_of_record
SF:lib\app\shared\widgets\buttons\forms_button_widget.dart
DA:9,0
DA:15,0
DA:17,0
DA:19,0
DA:20,0
DA:21,0
DA:22,0
DA:23,0
DA:24,0
DA:27,0
DA:28,0
DA:30,0
DA:32,0
DA:33,0
DA:34,0
DA:38,0
DA:39,0
DA:40,0
DA:41,0
DA:42,0
LF:20
LH:0
end_of_record
SF:lib\app\shared\widgets\dialogs\action_confirmation_dialog_widget.dart
DA:8,0
DA:10,0
DA:12,0
DA:14,0
DA:15,0
DA:16,0
DA:17,0
DA:18,0
DA:20,0
DA:21,0
DA:24,0
DA:26,0
LF:12
LH:0
end_of_record
SF:lib\app\shared\widgets\dialogs\fill_all_fields_dialog_widget.dart
DA:4,26
DA:6,0
DA:8,0
DA:12,0
DA:13,0
DA:15,0
DA:16,0
LF:7
LH:1
end_of_record
SF:lib\app\shared\widgets\text-fields\drop_down_field_custom.dart
DA:12,0
DA:20,0
DA:22,0
DA:24,0
DA:25,0
DA:26,0
DA:28,0
DA:29,0
DA:30,0
DA:32,0
DA:33,0
DA:34,0
DA:35,0
DA:36,0
DA:37,0
DA:38,0
DA:39,0
DA:40,0
DA:41,0
DA:42,0
DA:43,0
DA:46,0
DA:47,0
DA:48,0
DA:50,0
DA:51,0
DA:52,0
LF:27
LH:0
end_of_record
SF:lib\app\modules\dashboard\ui\widgets\add_photo_widget.dart
DA:5,26
DA:7,0
DA:9,0
DA:10,0
DA:11,0
DA:12,0
DA:15,0
DA:17,0
LF:8
LH:1
end_of_record
SF:lib\app\modules\dashboard\ui\widgets\schedule_add_widget.dart
DA:16,0
DA:25,0
DA:27,0
DA:29,0
DA:30,0
DA:31,0
DA:32,0
DA:34,0
DA:35,0
DA:37,0
DA:38,0
DA:46,0
DA:47,0
DA:49,0
DA:50,0
DA:52,0
DA:53,0
DA:61,0
DA:62,0
DA:64,0
DA:66,0
DA:73,0
DA:75,0
DA:76,0
DA:77,0
DA:80,0
LF:26
LH:0
end_of_record
SF:lib\app\modules\dashboard\ui\widgets\text_field_dialog_widget.dart
DA:12,0
DA:19,0
DA:21,0
DA:23,0
DA:24,0
DA:25,0
DA:26,0
DA:27,0
DA:28,0
DA:32,0
DA:34,0
DA:35,0
DA:36,0
DA:37,0
DA:38,0
DA:39,0
DA:41,0
DA:42,0
DA:43,0
DA:45,0
DA:46,0
DA:47,0
DA:48,0
DA:49,0
DA:50,0
LF:25
LH:0
end_of_record
SF:lib\app\modules\dashboard\ui\user\filter_dashboard_page.dart
DA:11,0
DA:12,0
DA:14,0
DA:15,0
DA:19,0
DA:21,0
DA:22,0
DA:23,0
DA:24,0
DA:25,0
DA:26,0
DA:28,0
DA:31,0
DA:32,0
DA:35,0
DA:36,0
DA:42,0
DA:44,0
DA:45,0
DA:46,0
DA:47,0
DA:48,0
LF:22
LH:0
end_of_record
SF:lib\app\modules\dashboard\ui\widgets\filter_button_widget.dart
DA:9,0
DA:10,0
DA:12,0
DA:14,0
DA:15,0
DA:16,0
DA:17,0
DA:18,0
DA:19,0
DA:20,0
DA:22,0
DA:24,0
DA:25,0
DA:26,0
DA:27,0
DA:28,0
LF:16
LH:0
end_of_record
SF:lib\app\shared\widgets\dashboard-appbar\dashboard_appbar_widget.dart
DA:4,26
DA:6,0
DA:8,0
DA:10,0
DA:25,0
DA:26,0
DA:27,0
LF:7
LH:1
end_of_record
SF:lib\app\shared\widgets\vertical_nav_bar\vertical_nav_bar.dart
DA:13,0
DA:14,0
DA:16,0
DA:17,0
DA:18,0
DA:19,0
DA:21,0
DA:23,0
DA:24,0
DA:25,0
DA:26,0
DA:27,0
DA:29,0
DA:30,0
DA:31,0
DA:33,0
DA:34,0
DA:38,0
DA:40,0
DA:41,0
DA:42,0
DA:52,0
DA:53,0
DA:54,0
DA:57,0
DA:58,0
DA:59,0
DA:61,0
DA:62,0
DA:66,0
DA:68,0
DA:69,0
DA:70,0
DA:80,0
DA:81,0
DA:82,0
DA:85,0
DA:86,0
DA:87,0
DA:89,0
DA:90,0
DA:94,0
DA:96,0
DA:97,0
DA:98,0
DA:108,0
DA:109,0
DA:110,0
DA:113,0
DA:114,0
DA:115,0
DA:117,0
DA:118,0
DA:122,0
DA:124,0
DA:125,0
DA:126,0
DA:136,0
DA:137,0
DA:138,0
DA:141,0
DA:142,0
DA:143,0
DA:145,0
DA:146,0
DA:150,0
DA:152,0
DA:153,0
DA:154,0
LF:69
LH:0
end_of_record
SF:lib\app\modules\dashboard\ui\user\user_dashboard_page.dart
DA:12,13
DA:14,0
DA:15,0
DA:20,0
DA:22,0
DA:23,0
DA:24,0
DA:25,0
DA:26,0
DA:27,0
DA:28,0
DA:31,0
DA:33,0
DA:35,0
DA:36,0
DA:38,0
DA:39,0
DA:73,0
DA:74,0
DA:77,0
DA:78,0
DA:79,0
DA:86,0
DA:87,0
DA:89,0
DA:91,0
DA:92,0
DA:93,0
DA:94,0
DA:95,0
DA:96,0
DA:97,0
DA:99,0
LF:33
LH:1
end_of_record
SF:lib\app\modules\dashboard\ui\widgets\activity_card_widget.dart
DA:14,0
DA:24,0
DA:26,0
DA:28,0
DA:30,0
DA:31,0
DA:32,0
DA:37,0
DA:38,0
DA:40,0
DA:41,0
DA:42,0
DA:43,0
DA:44,0
DA:45,0
DA:52,0
DA:54,0
DA:57,0
DA:58,0
DA:59,0
DA:60,0
DA:61,0
DA:63,0
DA:64,0
DA:66,0
DA:67,0
DA:68,0
DA:69,0
DA:72,0
DA:76,0
DA:78,0
DA:79,0
DA:80,0
DA:81,0
DA:83,0
DA:85,0
DA:86,0
DA:91,0
DA:92,0
DA:94,0
DA:97,0
DA:98,0
DA:99,0
DA:101,0
DA:103,0
DA:104,0
DA:109,0
DA:110,0
DA:112,0
DA:115,0
DA:116,0
DA:117,0
DA:119,0
DA:121,0
DA:122,0
DA:127,0
DA:128,0
DA:129,0
DA:130,0
DA:131,0
DA:134,0
DA:135,0
DA:136,0
DA:137,0
DA:139,0
LF:65
LH:0
end_of_record
SF:lib\app\shared\widgets\text-fields\text_field_custom.dart
DA:9,0
DA:14,0
DA:16,0
DA:18,0
DA:19,0
DA:21,0
DA:23,0
DA:24,0
DA:25,0
DA:26,0
DA:27,0
DA:29,0
DA:30,0
DA:31,0
DA:32,0
DA:34,0
DA:35,0
DA:46,0
DA:47,0
DA:48,0
DA:50,0
DA:51,0
DA:52,0
LF:23
LH:0
end_of_record
SF:lib\app\modules\home\domain\entities\lecture_images.dart
DA:4,2
LF:1
LH:1
end_of_record
SF:lib\app\modules\home\domain\entities\rectors.dart
DA:7,2
LF:1
LH:1
end_of_record
SF:lib\app\modules\home\infra\models\home_speaker_model.dart
DA:13,2
DA:18,2
DA:24,0
DA:25,0
DA:26,0
DA:27,0
DA:28,0
DA:29,0
DA:33,0
DA:34,0
DA:35,0
DA:36,0
DA:37,0
DA:38,0
DA:42,0
DA:44,0
DA:45,0
LF:17
LH:2
end_of_record
SF:lib\app\modules\home\external\lecture_images_datasource_impl.dart
DA:6,1
DA:8,2
LF:2
LH:2
end_of_record
SF:lib\app\modules\home\utils\mocks\lecture_images_mock.dart
DA:3,3
DA:4,1
DA:5,1
DA:6,1
DA:7,1
DA:8,1
DA:9,1
DA:10,1
DA:11,1
LF:9
LH:9
end_of_record
SF:lib\app\modules\home\external\rectors_datasource_impl.dart
DA:6,1
DA:8,2
LF:2
LH:2
end_of_record
SF:lib\app\modules\home\utils\mocks\rectors_mock.dart
DA:3,3
DA:4,1
DA:11,1
LF:3
LH:3
end_of_record
SF:lib\app\modules\home\infra\repository\speakers_repository_impl.dart
DA:40,1
DA:41,2
LF:2
LH:2
end_of_record
SF:lib\app\modules\home\infra\repository\lecture_images_repository_impl.dart
DA:8,1
DA:10,1
DA:12,2
DA:13,1
LF:4
LH:4
end_of_record
SF:lib\app\modules\home\presenter\controllers\about_home_controller.dart
DA:13,2
DA:14,2
DA:24,2
DA:25,8
DA:29,1
DA:30,1
LF:6
LH:6
end_of_record
SF:lib\app\modules\home\presenter\controllers\about_home_controller.g.dart
DA:14,1
DA:16,2
DA:17,1
DA:20,2
DA:22,8
DA:23,2
DA:29,1
DA:31,2
DA:32,1
DA:35,1
DA:37,4
DA:38,1
DA:45,2
DA:47,8
DA:53,1
DA:55,4
DA:58,0
DA:61,0
DA:62,0
DA:63,0
LF:20
LH:16
end_of_record
SF:lib\app\modules\home\presenter\controllers\calendar_home_controller.dart
DA:13,2
DA:14,2
DA:21,2
DA:22,8
LF:4
LH:4
end_of_record
SF:lib\app\modules\home\presenter\controllers\calendar_home_controller.g.dart
DA:15,1
DA:17,2
DA:18,1
DA:21,2
DA:23,8
DA:24,2
DA:31,2
DA:33,8
DA:36,0
DA:39,0
DA:40,0
LF:11
LH:8
end_of_record
SF:lib\app\modules\home\ui\pages\home_page.dart
DA:12,13
DA:14,0
DA:15,0
DA:18,0
DA:19,0
DA:22,0
DA:32,0
DA:34,0
DA:35,0
DA:36,0
DA:37,0
DA:39,0
DA:40,0
DA:41,0
DA:42,0
DA:44,0
DA:50,0
DA:51,0
DA:55,0
DA:56,0
DA:60,0
DA:62,0
DA:66,0
DA:67,0
DA:71,0
DA:72,0
DA:76,0
DA:77,0
DA:81,0
DA:82,0
DA:86,0
DA:87,0
DA:91,0
DA:92,0
DA:94,0
DA:99,0
DA:100,0
DA:101,0
DA:102,0
DA:104,0
DA:107,0
DA:108,0
LF:42
LH:1
end_of_record
SF:lib\app\modules\home\presenter\controllers\activity_home_controller.g.dart
DA:15,1
DA:17,2
DA:18,1
DA:21,2
DA:23,8
DA:24,2
DA:31,2
DA:33,8
DA:36,0
DA:39,0
DA:40,0
LF:11
LH:8
end_of_record
SF:lib\app\modules\home\presenter\controllers\activity_home_controller.dart
DA:13,2
DA:14,2
DA:21,2
DA:22,8
LF:4
LH:4
end_of_record
SF:lib\app\modules\home\infra\repository\rectors_repository_impl.dart
DA:8,1
DA:10,1
DA:12,2
DA:13,1
LF:4
LH:4
end_of_record
SF:lib\app\modules\home\ui\pages\about-home\about_home_page.dart
DA:10,13
DA:12,0
DA:13,0
DA:17,0
DA:19,0
DA:20,0
DA:28,0
DA:29,0
DA:32,0
DA:33,0
DA:34,0
DA:35,0
LF:12
LH:1
end_of_record
SF:lib\app\modules\home\ui\pages\about-home\widgets\main_speakers_card.dart
DA:12,0
DA:17,0
DA:19,0
DA:21,0
DA:22,0
DA:24,0
DA:25,0
DA:26,0
DA:27,0
DA:28,0
DA:30,0
DA:31,0
DA:32,0
DA:33,0
DA:35,0
DA:36,0
DA:38,0
DA:41,0
DA:42,0
DA:43,0
DA:44,0
DA:45,0
DA:47,0
DA:48,0
DA:54,0
DA:55,0
DA:56,0
DA:57,0
DA:58,0
DA:60,0
DA:70,0
DA:72,0
DA:73,0
DA:74,0
DA:82,0
DA:83,0
DA:84,0
DA:85,0
DA:87,0
DA:88,0
DA:89,0
DA:93,0
DA:94,0
DA:95,0
DA:96,0
DA:97,0
DA:98,0
DA:99,0
DA:101,0
DA:102,0
DA:103,0
DA:104,0
DA:105,0
DA:106,0
DA:107,0
DA:108,0
DA:109,0
DA:110,0
DA:111,0
DA:112,0
DA:113,0
DA:114,0
DA:115,0
DA:116,0
DA:117,0
DA:118,0
DA:119,0
DA:120,0
DA:121,0
DA:122,0
DA:126,0
DA:127,0
DA:128,0
DA:130,0
DA:131,0
DA:132,0
DA:133,0
DA:134,0
DA:135,0
DA:136,0
DA:137,0
DA:139,0
DA:141,0
DA:142,0
DA:143,0
DA:144,0
DA:145,0
DA:146,0
DA:147,0
DA:149,0
DA:151,0
DA:152,0
DA:153,0
DA:154,0
LF:94
LH:0
end_of_record
SF:lib\app\modules\home\ui\pages\activity-home\activity_home_page.dart
DA:9,13
DA:11,0
DA:12,0
DA:15,0
DA:16,0
DA:17,0
DA:18,0
DA:19,0
DA:22,0
DA:23,0
DA:24,0
DA:27,0
DA:28,0
DA:31,0
DA:32,0
DA:35,0
DA:38,0
DA:44,0
DA:45,0
DA:46,0
DA:49,0
DA:50,0
DA:53,0
DA:54,0
DA:57,0
DA:58,0
DA:61,0
DA:62,0
DA:63,0
DA:66,0
DA:67,0
DA:73,0
DA:74,0
DA:75,0
DA:76,0
DA:77,0
DA:80,0
DA:81,0
DA:82,0
DA:83,0
DA:86,0
DA:87,0
DA:88,0
DA:89,0
DA:90,0
DA:91,0
DA:94,0
DA:95,0
DA:96,0
DA:97,0
DA:98,0
DA:99,0
DA:102,0
DA:103,0
DA:104,0
DA:105,0
DA:106,0
DA:107,0
DA:110,0
DA:111,0
DA:112,0
DA:113,0
DA:116,0
DA:124,0
DA:126,0
DA:127,0
DA:128,0
DA:129,0
DA:130,0
DA:131,0
DA:134,0
DA:135,0
DA:136,0
DA:138,0
DA:141,0
DA:142,0
DA:145,0
DA:146,0
DA:148,0
DA:150,0
DA:151,0
DA:152,0
DA:155,0
DA:156,0
DA:157,0
DA:158,0
DA:161,0
DA:162,0
DA:163,0
DA:164,0
DA:165,0
DA:170,0
DA:172,0
DA:174,0
DA:175,0
DA:176,0
DA:177,0
DA:178,0
DA:180,0
DA:181,0
DA:182,0
DA:184,0
DA:189,0
DA:190,0
DA:191,0
DA:196,0
DA:198,0
DA:199,0
DA:203,0
DA:206,0
DA:207,0
DA:209,0
DA:211,0
DA:212,0
DA:213,0
DA:214,0
DA:215,0
DA:217,0
DA:218,0
DA:219,0
DA:220,0
DA:225,0
DA:227,0
DA:231,0
DA:233,0
DA:237,0
DA:238,0
DA:239,0
DA:242,0
DA:243,0
DA:244,0
DA:245,0
DA:248,0
DA:249,0
DA:250,0
DA:252,0
LF:136
LH:1
end_of_record
SF:lib\app\modules\home\ui\pages\calendar-home\calendar_home_page.dart
DA:8,13
DA:10,0
DA:11,0
DA:16,0
DA:18,0
DA:20,0
DA:21,0
DA:29,0
DA:30,0
DA:31,0
DA:34,0
DA:36,0
DA:38,0
DA:41,0
DA:42,0
DA:43,0
DA:44,0
DA:46,0
LF:18
LH:1
end_of_record
SF:lib\app\modules\home\ui\pages\main-home\main_home_page.dart
DA:10,13
DA:12,0
DA:13,0
DA:16,0
DA:18,0
DA:19,0
DA:20,0
DA:21,0
DA:22,0
DA:23,0
DA:24,0
DA:25,0
DA:26,0
DA:27,0
DA:28,0
DA:33,0
DA:34,0
DA:35,0
DA:37,0
DA:38,0
DA:40,0
DA:41,0
DA:43,0
DA:44,0
DA:46,0
DA:47,0
DA:49,0
DA:50,0
DA:52,0
DA:53,0
DA:58,0
DA:59,0
DA:62,0
DA:63,0
DA:64,0
DA:67,0
DA:70,0
DA:71,0
DA:72,0
DA:75,0
DA:76,0
DA:77,0
DA:78,0
DA:79,0
DA:82,0
DA:83,0
DA:84,0
DA:85,0
DA:86,0
DA:89,0
DA:90,0
DA:91,0
DA:92,0
DA:93,0
DA:99,0
DA:100,0
DA:103,0
DA:104,0
DA:107,0
DA:108,0
DA:111,0
DA:112,0
DA:115,0
DA:118,0
DA:119,0
DA:120,0
DA:123,0
DA:124,0
DA:130,0
DA:131,0
DA:134,0
DA:137,0
DA:140,0
DA:143,0
DA:146,0
DA:152,0
DA:153,0
DA:156,0
DA:157,0
DA:158,0
DA:159,0
DA:162,0
DA:163,0
DA:164,0
DA:167,0
DA:168,0
DA:169,0
DA:172,0
DA:173,0
DA:174,0
DA:175,0
DA:176,0
DA:177,0
DA:180,0
DA:181,0
DA:182,0
DA:183,0
DA:184,0
DA:185,0
DA:188,0
DA:189,0
DA:190,0
DA:191,0
DA:197,0
DA:198,0
DA:199,0
DA:200,0
DA:203,0
DA:206,0
DA:207,0
DA:210,0
DA:211,0
DA:217,0
DA:218,0
DA:221,0
DA:224,0
DA:230,0
DA:231,0
DA:234,0
DA:237,0
DA:240,0
DA:243,0
DA:246,0
DA:253,0
DA:255,0
DA:256,0
DA:257,0
DA:258,0
DA:260,0
DA:261,0
DA:262,0
DA:263,0
DA:264,0
DA:265,0
DA:266,0
DA:268,0
DA:269,0
DA:270,0
DA:271,0
DA:272,0
DA:274,0
DA:275,0
DA:276,0
DA:278,0
DA:279,0
DA:280,0
DA:281,0
DA:283,0
DA:284,0
DA:285,0
DA:287,0
DA:288,0
DA:289,0
DA:290,0
DA:292,0
DA:293,0
DA:294,0
DA:296,0
DA:297,0
DA:298,0
DA:303,0
DA:305,0
DA:306,0
DA:312,0
DA:313,0
DA:315,0
DA:316,0
DA:317,0
DA:318,0
DA:321,0
DA:323,0
DA:325,0
DA:328,0
DA:330,0
DA:331,0
DA:333,0
DA:338,0
DA:339,0
DA:341,0
DA:342,0
DA:343,0
DA:345,0
DA:346,0
DA:347,0
DA:350,0
DA:351,0
DA:353,0
DA:355,0
DA:356,0
DA:358,0
DA:359,0
DA:361,0
DA:364,0
DA:367,0
DA:368,0
DA:370,0
DA:371,0
DA:380,0
DA:381,0
DA:383,0
DA:384,0
DA:385,0
DA:387,0
DA:390,0
DA:392,0
DA:393,0
DA:394,0
DA:402,0
DA:403,0
LF:209
LH:1
end_of_record
SF:lib\app\modules\home\ui\pages\widgets\action_textbutton_widget.dart
DA:14,0
DA:24,0
DA:26,0
DA:28,0
DA:29,0
DA:30,0
DA:31,0
DA:32,0
DA:33,0
DA:34,0
DA:35,0
DA:36,0
DA:37,0
DA:40,0
DA:42,0
DA:44,0
DA:45,0
LF:17
LH:0
end_of_record
SF:lib\app\modules\home\ui\pages\main-home\widgets\branding_textbutton_widget.dart
DA:11,0
DA:19,0
DA:21,0
DA:23,0
DA:24,0
DA:25,0
DA:26,0
DA:27,0
DA:28,0
DA:30,0
DA:31,0
DA:32,0
DA:33,0
DA:34,0
DA:36,0
DA:37,0
LF:16
LH:0
end_of_record
SF:lib\app\modules\login\presenter\controllers\login_controller.dart
DA:14,0
DA:29,0
DA:30,0
DA:34,0
DA:35,0
DA:39,0
DA:41,0
DA:42,0
DA:43,0
DA:44,0
DA:45,0
DA:46,0
DA:47,0
DA:49,0
DA:50,0
DA:53,0
DA:54,0
LF:17
LH:0
end_of_record
SF:lib\app\modules\login\presenter\controllers\login_controller.g.dart
DA:14,0
DA:16,0
DA:17,0
DA:20,0
DA:22,0
DA:23,0
DA:29,0
DA:31,0
DA:32,0
DA:35,0
DA:37,0
DA:38,0
DA:44,0
DA:46,0
DA:47,0
DA:50,0
DA:52,0
DA:53,0
DA:59,0
DA:61,0
DA:62,0
DA:65,0
DA:67,0
DA:68,0
DA:74,0
DA:76,0
DA:81,0
DA:83,0
DA:88,0
DA:90,0
DA:93,0
DA:96,0
DA:97,0
DA:98,0
DA:99,0
DA:100,0
LF:36
LH:0
end_of_record
SF:lib\app\modules\login\presenter\controllers\register_controller.dart
DA:12,0
DA:39,0
DA:40,0
DA:43,0
DA:45,0
DA:52,0
DA:53,0
DA:56,0
DA:58,0
DA:65,0
DA:66,0
DA:69,0
DA:71,0
DA:74,0
DA:81,0
DA:82,0
DA:83,0
DA:84,0
DA:89,0
DA:90,0
DA:93,0
DA:95,0
DA:98,0
DA:99,0
DA:100,0
DA:107,0
DA:108,0
DA:112,0
DA:113,0
DA:116,0
DA:118,0
DA:121,0
DA:128,0
DA:129,0
DA:132,0
DA:133,0
DA:134,0
DA:135,0
DA:136,0
DA:137,0
DA:142,0
LF:41
LH:0
end_of_record
SF:lib\app\modules\login\presenter\controllers\register_controller.g.dart
DA:14,0
DA:16,0
DA:17,0
DA:19,0
DA:23,0
DA:25,0
DA:26,0
DA:29,0
DA:31,0
DA:32,0
DA:38,0
DA:40,0
DA:41,0
DA:44,0
DA:46,0
DA:47,0
DA:53,0
DA:55,0
DA:56,0
DA:59,0
DA:61,0
DA:62,0
DA:68,0
DA:70,0
DA:71,0
DA:74,0
DA:76,0
DA:77,0
DA:83,0
DA:85,0
DA:86,0
DA:89,0
DA:91,0
DA:92,0
DA:98,0
DA:100,0
DA:101,0
DA:104,0
DA:106,0
DA:107,0
DA:113,0
DA:115,0
DA:116,0
DA:119,0
DA:121,0
DA:122,0
DA:129,0
DA:131,0
DA:132,0
DA:135,0
DA:137,0
DA:138,0
DA:139,0
DA:145,0
DA:147,0
DA:152,0
DA:154,0
DA:159,0
DA:161,0
DA:167,0
DA:169,0
DA:170,0
DA:175,0
DA:177,0
DA:183,0
DA:185,0
DA:191,0
DA:193,0
DA:194,0
DA:200,0
DA:202,0
DA:203,0
DA:208,0
DA:210,0
DA:216,0
DA:218,0
DA:221,0
DA:223,0
DA:227,0
DA:229,0
DA:232,0
DA:234,0
DA:238,0
DA:240,0
DA:243,0
DA:245,0
DA:249,0
DA:251,0
DA:254,0
DA:256,0
DA:260,0
DA:262,0
DA:265,0
DA:267,0
DA:271,0
DA:274,0
DA:275,0
DA:276,0
DA:277,0
DA:278,0
DA:279,0
DA:280,0
DA:281,0
DA:282,0
DA:283,0
LF:105
LH:0
end_of_record
SF:lib\app\modules\login\ui\login_page.dart
DA:8,13
DA:10,0
DA:11,0
DA:15,0
DA:17,0
DA:18,0
DA:19,0
DA:20,0
DA:27,0
DA:28,0
DA:29,0
DA:30,0
DA:31,0
DA:32,0
DA:33,0
DA:34,0
DA:37,0
DA:38,0
DA:39,0
DA:40,0
DA:41,0
DA:42,0
DA:44,0
DA:47,0
DA:48,0
DA:49,0
DA:50,0
DA:55,0
DA:56,0
DA:57,0
LF:30
LH:1
end_of_record
SF:lib\app\modules\register\domain\entities\register_informations.dart
DA:9,0
DA:17,0
DA:18,0
LF:3
LH:0
end_of_record
SF:lib\app\modules\register\presenter\controllers\register_user_controller.dart
DA:7,0
DA:11,0
DA:12,0
LF:3
LH:0
end_of_record
SF:lib\app\modules\login\ui\widgets\login_tab_bar.dart
DA:7,13
DA:9,0
DA:10,0
DA:17,0
DA:19,0
DA:20,0
DA:23,0
DA:25,0
DA:26,0
DA:29,0
DA:31,0
DA:33,0
DA:34,0
DA:36,0
DA:38,0
DA:39,0
DA:43,0
DA:44,0
DA:45,0
DA:50,0
DA:53,0
DA:54,0
DA:55,0
DA:56,0
DA:58,0
DA:59,0
DA:60,0
DA:62,0
DA:69,0
DA:71,0
DA:72,0
DA:73,0
DA:75,0
DA:86,0
DA:87,0
DA:88,0
LF:36
LH:1
end_of_record
SF:lib\app\modules\login\ui\responsivity_login.dart
DA:1,0
DA:2,0
DA:5,0
DA:8,0
DA:11,0
DA:14,0
DA:17,0
DA:20,0
DA:26,0
DA:27,0
DA:30,0
DA:31,0
DA:34,0
DA:35,0
DA:38,0
DA:39,0
DA:40,0
DA:41,0
DA:42,0
DA:43,0
DA:44,0
LF:21
LH:0
end_of_record
SF:lib\app\modules\login\ui\widgets\first_tab.dart
DA:12,13
DA:14,0
DA:15,0
DA:19,0
DA:21,0
DA:22,0
DA:23,0
DA:24,0
DA:25,0
DA:26,0
DA:27,0
DA:28,0
DA:31,0
DA:33,0
DA:40,0
DA:42,0
DA:44,0
DA:45,0
DA:48,0
DA:49,0
DA:54,0
DA:58,0
DA:59,0
DA:64,0
DA:67,0
DA:72,0
DA:74,0
DA:78,0
DA:79,0
DA:80,0
LF:30
LH:1
end_of_record
SF:lib\app\modules\login\ui\widgets\input_box.dart
DA:14,0
DA:24,0
DA:26,0
DA:28,0
DA:29,0
DA:30,0
DA:31,0
DA:32,0
DA:39,0
DA:40,0
DA:41,0
DA:42,0
DA:43,0
DA:44,0
DA:45,0
DA:46,0
DA:47,0
DA:48,0
DA:49,0
DA:50,0
DA:53,0
DA:54,0
DA:55,0
DA:56,0
DA:57,0
DA:61,0
DA:63,0
DA:64,0
DA:66,0
DA:68,0
DA:70,0
DA:71,0
DA:73,0
DA:74,0
DA:75,0
DA:77,0
DA:78,0
DA:80,0
DA:81,0
DA:82,0
DA:84,0
DA:85,0
LF:42
LH:0
end_of_record
SF:lib\app\modules\login\ui\widgets\second_tab.dart
DA:14,13
DA:16,0
DA:18,0
DA:19,0
DA:25,0
DA:27,0
DA:28,0
DA:30,0
DA:31,0
DA:32,0
DA:33,0
DA:34,0
DA:35,0
DA:36,0
DA:37,0
DA:39,0
DA:40,0
DA:42,0
DA:49,0
DA:51,0
DA:53,0
DA:54,0
DA:55,0
DA:56,0
DA:59,0
DA:60,0
DA:65,0
DA:67,0
DA:68,0
DA:69,0
DA:70,0
DA:71,0
DA:74,0
DA:79,0
DA:80,0
DA:81,0
DA:83,0
DA:86,0
DA:93,0
DA:95,0
DA:96,0
DA:97,0
DA:99,0
DA:101,0
DA:102,0
DA:103,0
DA:109,0
DA:110,0
DA:111,0
DA:112,0
DA:113,0
DA:115,0
DA:118,0
DA:126,0
DA:128,0
DA:129,0
DA:130,0
DA:131,0
DA:133,0
DA:136,0
DA:142,0
DA:143,0
DA:144,0
DA:146,0
DA:149,0
DA:157,0
DA:158,0
DA:160,0
DA:161,0
DA:162,0
DA:163,0
DA:169,0
DA:172,0
DA:174,0
DA:176,0
DA:180,0
DA:181,0
DA:182,0
DA:183,0
DA:184,0
LF:80
LH:1
end_of_record
SF:lib\app\modules\login\ui\widgets\radios_ask_buttons.dart
DA:12,0
DA:19,0
DA:21,0
DA:23,0
DA:24,0
DA:25,0
DA:26,0
DA:28,0
DA:29,0
DA:30,0
DA:31,0
DA:38,0
DA:40,0
DA:42,0
DA:43,0
DA:44,0
DA:47,0
DA:49,0
DA:50,0
DA:52,0
DA:53,0
DA:54,0
DA:56,0
DA:59,0
DA:60,0
DA:61,0
DA:62,0
DA:72,0
DA:74,0
DA:75,0
DA:76,0
DA:78,0
DA:81,0
DA:82,0
DA:83,0
DA:84,0
LF:36
LH:0
end_of_record
SF:lib\app\modules\register\domain\repositories\register_user_repository_mock.dart
DA:6,0
LF:1
LH:0
end_of_record
SF:lib\app\shared\entities\activity.dart
DA:15,5
DA:25,0
DA:26,0
DA:27,0
DA:33,0
LF:5
LH:1
end_of_record
SF:lib\app\shared\entities\user.dart
DA:9,0
DA:17,0
DA:18,0
LF:3
LH:0
end_of_record
SF:lib\app\shared\widgets\vertical_nav_bar\vertical_nav_bar_controller.dart
DA:13,0
DA:14,0
LF:2
LH:0
end_of_record
SF:lib\app\shared\widgets\vertical_nav_bar\vertical_nav_bar_controller.g.dart
DA:15,0
DA:17,0
DA:18,0
DA:21,0
DA:23,0
DA:24,0
DA:31,0
DA:33,0
DA:36,0
DA:39,0
DA:40,0
LF:11
LH:0
end_of_record
