SF:lib\app\app_guard.dart
DA:5,0
DA:7,0
DA:11,0
LF:3
LH:0
end_of_record
SF:lib\app\modules\auth\infra\auth_guards\auth_guard_adm.dart
DA:6,0
DA:8,0
DA:9,0
DA:10,0
DA:11,0
DA:13,0
DA:19,0
LF:7
LH:0
end_of_record
SF:lib\app\modules\auth\infra\auth_guards\auth_guard_user.dart
DA:7,0
DA:9,0
DA:10,0
DA:11,0
DA:12,0
DA:14,0
DA:15,0
DA:16,0
DA:17,0
DA:18,0
DA:19,0
DA:25,0
LF:12
LH:0
end_of_record
SF:lib\app\shared\error\error_page.dart
DA:9,150
DA:11,0
DA:12,0
DA:13,0
DA:17,0
DA:19,0
DA:20,0
DA:21,0
DA:22,0
DA:23,0
DA:24,0
DA:27,0
DA:29,0
DA:30,0
DA:31,0
DA:32,0
DA:35,0
DA:36,0
DA:37,0
DA:38,0
DA:40,0
DA:41,0
DA:42,0
DA:43,0
DA:45,0
DA:47,0
DA:48,0
DA:49,0
DA:50,0
DA:54,0
DA:56,0
DA:57,0
LF:32
LH:1
end_of_record
SF:lib\app\shared\services\firebase-analytics\firebase_analytics_service.dart
DA:6,0
DA:7,0
DA:9,0
DA:10,0
DA:13,0
DA:14,0
DA:17,0
DA:18,0
DA:21,0
DA:22,0
DA:23,0
DA:26,0
DA:27,0
DA:30,0
DA:31,0
LF:15
LH:0
end_of_record
SF:lib\app\app_widget.dart
DA:12,0
DA:13,0
DA:16,0
DA:18,0
DA:20,0
DA:21,0
DA:22,0
DA:25,0
DA:32,0
DA:33,0
DA:35,0
DA:37,0
DA:38,0
DA:39,0
DA:41,0
DA:42,0
DA:43,0
DA:45,0
DA:46,0
DA:48,0
DA:49,0
DA:54,0
DA:56,0
DA:57,0
LF:24
LH:0
end_of_record
SF:lib\app\shared\themes\app_colors.dart
DA:4,0
DA:5,0
DA:6,0
DA:7,0
DA:8,0
DA:9,0
DA:10,0
DA:11,0
DA:12,0
DA:13,0
DA:14,0
DA:15,0
DA:16,0
DA:17,0
DA:18,0
LF:15
LH:0
end_of_record
SF:lib\app\shared\themes\app_text_styles.dart
DA:6,0
DA:7,0
DA:12,0
DA:13,0
DA:18,0
DA:24,0
DA:30,0
DA:35,0
LF:8
LH:0
end_of_record
SF:lib\generated\l10n.dart
DA:16,4
DA:20,3
DA:21,3
DA:28,4
DA:29,4
DA:30,0
DA:31,4
DA:32,4
DA:33,12
DA:34,4
DA:35,4
DA:42,0
DA:43,0
DA:44,0
DA:49,0
DA:50,0
DA:54,0
DA:55,0
DA:59,0
DA:64,0
DA:65,0
DA:69,0
DA:74,0
DA:75,0
DA:79,0
DA:84,0
DA:85,0
DA:87,0
DA:94,0
DA:99,0
DA:100,0
DA:104,0
DA:109,0
DA:110,0
DA:114,0
DA:119,0
DA:120,0
DA:124,0
DA:129,0
DA:130,0
DA:132,0
DA:143,0
DA:148,0
DA:149,0
DA:153,0
DA:158,0
DA:159,0
DA:163,0
DA:168,0
DA:169,0
DA:173,0
DA:178,0
DA:179,0
DA:183,0
DA:188,0
DA:189,0
DA:191,0
DA:202,0
DA:207,0
DA:208,0
DA:210,0
DA:227,0
DA:232,0
DA:233,0
DA:237,0
DA:242,0
DA:243,0
DA:245,0
DA:262,0
DA:267,0
DA:268,0
DA:270,0
DA:299,0
DA:304,0
DA:305,0
DA:309,0
DA:314,0
DA:315,0
DA:319,0
DA:324,0
DA:325,0
DA:329,0
DA:334,0
DA:335,0
DA:337,0
DA:359,0
DA:364,0
DA:365,0
DA:367,0
DA:389,0
DA:394,0
DA:395,0
DA:399,0
DA:404,0
DA:405,0
DA:409,0
DA:414,0
DA:415,0
DA:419,0
DA:424,0
DA:425,0
DA:429,0
DA:434,0
DA:435,0
DA:439,0
DA:444,0
DA:445,0
DA:449,0
DA:454,0
DA:455,0
DA:459,0
DA:464,0
DA:465,0
DA:469,0
DA:474,0
DA:475,0
DA:479,0
DA:484,0
DA:485,0
DA:489,0
DA:494,0
DA:495,0
DA:499,0
DA:504,0
DA:505,0
DA:507,0
DA:524,0
DA:529,0
DA:530,0
DA:532,0
DA:540,0
DA:545,0
DA:546,0
DA:548,0
DA:556,0
DA:561,0
DA:562,0
DA:566,0
DA:571,0
DA:572,0
DA:576,0
DA:581,0
DA:582,0
DA:586,0
DA:591,0
DA:592,0
DA:594,0
DA:604,0
DA:609,0
DA:610,0
DA:612,0
DA:622,0
DA:627,0
DA:628,0
DA:630,0
DA:637,0
DA:642,0
DA:643,0
DA:647,0
DA:652,0
DA:653,0
DA:657,0
DA:662,0
DA:663,0
DA:667,0
DA:672,0
DA:673,0
DA:675,0
DA:686,0
DA:691,0
DA:692,0
DA:696,0
DA:701,0
DA:702,0
DA:706,0
DA:711,0
DA:712,0
DA:716,0
DA:721,0
DA:722,0
DA:726,0
DA:731,0
DA:732,0
DA:736,0
DA:741,0
DA:742,0
DA:746,0
DA:751,0
DA:752,0
DA:756,0
DA:761,0
DA:762,0
DA:766,0
DA:771,0
DA:772,0
DA:776,0
DA:781,0
DA:782,0
DA:786,0
DA:791,0
DA:792,0
DA:796,0
DA:801,0
DA:802,0
DA:806,0
DA:811,0
DA:812,0
DA:816,0
DA:821,0
DA:822,0
DA:826,0
DA:831,0
DA:832,0
DA:836,0
DA:841,0
DA:842,0
DA:846,0
DA:851,0
DA:852,0
DA:856,0
DA:861,0
DA:862,0
DA:866,0
DA:871,0
DA:872,0
DA:876,0
DA:881,0
DA:882,0
DA:886,0
DA:891,0
DA:892,0
DA:896,0
DA:901,0
DA:902,0
DA:906,0
DA:911,0
DA:912,0
DA:916,0
DA:921,0
DA:922,0
DA:926,0
DA:931,0
DA:932,0
DA:936,0
DA:941,0
DA:942,0
DA:946,0
DA:951,0
DA:952,0
DA:956,0
DA:961,0
DA:962,0
DA:966,0
DA:971,0
DA:972,0
DA:974,0
DA:981,0
DA:986,0
DA:987,0
DA:991,0
DA:996,0
DA:997,0
DA:1001,0
DA:1006,0
DA:1007,0
DA:1011,0
DA:1016,0
DA:1017,0
DA:1021,0
DA:1026,0
DA:1027,0
DA:1031,0
DA:1036,0
DA:1037,0
DA:1041,0
DA:1046,0
DA:1047,0
DA:1051,0
DA:1056,0
DA:1057,0
DA:1061,0
DA:1066,0
DA:1067,0
DA:1071,0
DA:1076,0
DA:1077,0
DA:1081,0
DA:1086,0
DA:1087,0
DA:1091,0
DA:1096,0
DA:1097,0
DA:1101,0
DA:1106,0
DA:1107,0
DA:1109,0
DA:1118,0
DA:1123,0
DA:1124,0
DA:1128,0
DA:1133,0
DA:1134,0
DA:1138,0
DA:1143,0
DA:1144,0
DA:1146,0
DA:1153,0
DA:1158,0
DA:1159,0
DA:1163,0
DA:1168,0
DA:1169,0
DA:1173,0
DA:1178,0
DA:1179,0
DA:1183,0
DA:1188,0
DA:1189,0
DA:1193,0
DA:1198,0
DA:1199,0
DA:1200,0
DA:1203,0
DA:1208,0
DA:1209,0
DA:1213,0
DA:1218,0
DA:1219,0
DA:1223,0
DA:1228,3
DA:1229,3
DA:1233,3
DA:1238,0
DA:1239,0
DA:1243,0
DA:1248,0
DA:1249,0
DA:1253,0
DA:1258,2
DA:1259,2
DA:1263,2
DA:1268,0
DA:1269,0
DA:1273,0
DA:1278,1
DA:1279,1
DA:1283,1
DA:1288,1
DA:1289,1
DA:1293,1
DA:1298,0
DA:1299,0
DA:1303,0
DA:1308,0
DA:1309,0
DA:1313,0
DA:1318,0
DA:1319,0
DA:1323,0
DA:1328,0
DA:1329,0
DA:1333,0
DA:1338,0
DA:1339,0
DA:1343,0
DA:1348,0
DA:1349,0
DA:1353,0
DA:1358,0
DA:1359,0
DA:1363,0
DA:1368,0
DA:1369,0
DA:1373,0
DA:1378,0
DA:1379,0
DA:1383,0
DA:1388,0
DA:1389,0
DA:1393,0
DA:1398,0
DA:1399,0
DA:1403,0
DA:1408,0
DA:1409,0
DA:1413,0
DA:1418,0
DA:1419,0
DA:1423,0
DA:1428,0
DA:1429,0
DA:1433,0
DA:1438,0
DA:1439,0
DA:1443,0
DA:1448,0
DA:1449,0
DA:1453,0
DA:1458,0
DA:1459,0
DA:1463,0
DA:1468,0
DA:1469,0
DA:1473,0
DA:1478,0
DA:1479,0
DA:1483,0
DA:1488,0
DA:1489,0
DA:1493,0
DA:1498,0
DA:1499,0
DA:1503,0
DA:1508,0
DA:1509,0
DA:1513,0
DA:1518,0
DA:1519,0
DA:1523,0
DA:1528,0
DA:1529,0
DA:1533,0
DA:1538,0
DA:1539,0
DA:1543,0
DA:1548,0
DA:1549,0
DA:1553,0
DA:1558,0
DA:1559,0
DA:1563,0
DA:1568,0
DA:1569,0
DA:1573,0
DA:1578,0
DA:1579,0
DA:1583,0
DA:1588,0
DA:1589,0
DA:1593,0
DA:1598,0
DA:1599,0
DA:1603,0
DA:1608,0
DA:1609,0
DA:1613,0
DA:1618,0
DA:1619,0
DA:1623,0
DA:1628,0
DA:1629,0
DA:1633,0
DA:1638,0
DA:1639,0
DA:1643,0
DA:1648,0
DA:1649,0
DA:1653,0
DA:1658,0
DA:1659,0
DA:1663,0
DA:1671,30
DA:1673,0
DA:1680,0
DA:1681,0
DA:1682,0
DA:1683,0
DA:1684,0
DA:1687,0
DA:1688,0
DA:1689,0
LF:471
LH:23
end_of_record
SF:lib\app\modules\auth\presenter\controllers\auth_controller.dart
DA:19,9
DA:26,4
DA:27,2
DA:28,2
DA:29,2
DA:30,2
DA:31,2
DA:33,1
DA:34,2
DA:35,4
DA:36,2
DA:37,2
DA:38,2
DA:39,2
DA:41,3
DA:42,3
DA:43,3
DA:44,3
DA:45,3
DA:46,3
DA:47,3
DA:48,3
DA:49,1
DA:50,2
DA:51,4
DA:53,1
DA:56,0
DA:57,0
DA:59,0
DA:63,0
DA:64,0
DA:65,0
DA:66,0
DA:68,0
DA:69,0
DA:71,0
DA:72,0
DA:76,2
DA:77,4
DA:78,2
DA:81,1
DA:83,2
DA:84,2
DA:85,2
DA:86,1
DA:87,1
DA:88,1
DA:89,1
DA:90,1
DA:92,0
DA:93,0
DA:97,0
LF:52
LH:38
end_of_record
SF:lib\app\modules\auth\domain\usecases\refresh_token.dart
DA:10,5
DA:12,0
DA:14,0
LF:3
LH:1
end_of_record
SF:lib\app\modules\auth\domain\usecases\login_with_email.dart
DA:12,5
DA:14,0
DA:16,0
LF:3
LH:1
end_of_record
SF:lib\app\shared\services\dio\smile_login_options.dart
DA:4,15
LF:1
LH:1
end_of_record
SF:lib\app\modules\auth\external\auth_datasource_impl.dart
DA:19,5
DA:20,15
DA:23,0
DA:26,0
DA:30,0
DA:31,0
DA:32,0
DA:34,0
DA:35,0
DA:36,0
DA:40,0
DA:42,0
DA:44,0
DA:45,0
DA:46,0
DA:47,0
DA:50,0
DA:51,0
DA:52,0
DA:53,0
DA:54,0
LF:21
LH:2
end_of_record
SF:lib\app\modules\auth\infra\repositories\auth_repository_impl.dart
DA:9,6
DA:11,1
DA:13,2
DA:14,1
DA:17,1
DA:19,2
DA:20,1
LF:7
LH:7
end_of_record
SF:lib\app\modules\auth\infra\repositories\secure_storage.dart
DA:7,7
DA:9,9
DA:10,18
DA:11,25
DA:14,0
DA:16,0
DA:19,0
DA:21,0
DA:24,1
DA:26,2
DA:29,1
DA:31,2
DA:34,0
DA:36,0
DA:39,0
DA:41,0
DA:44,1
DA:46,2
DA:49,0
DA:51,0
DA:54,0
DA:56,0
DA:59,1
DA:61,2
DA:64,1
DA:66,2
DA:69,0
DA:71,0
DA:74,1
DA:77,2
DA:80,0
DA:82,0
DA:85,1
DA:87,2
DA:90,0
DA:92,0
DA:95,0
DA:97,0
LF:38
LH:18
end_of_record
SF:lib\app\shared\models\user_model.dart
DA:10,2
DA:25,0
DA:26,0
DA:27,0
DA:29,0
DA:30,0
DA:31,0
DA:32,0
DA:33,0
DA:34,0
DA:35,0
DA:36,0
DA:37,0
DA:38,0
DA:39,0
LF:15
LH:1
end_of_record
SF:lib\app\modules\auth\errors\errors.dart
DA:3,0
DA:7,0
LF:2
LH:0
end_of_record
SF:lib\app\shared\services\environment\environment_config.dart
DA:28,0
DA:29,0
DA:30,0
DA:33,0
DA:34,0
DA:35,0
DA:36,0
LF:7
LH:0
end_of_record
SF:lib\app\modules\dashboard\domain\usecases\create_activity.dart
DA:11,1
DA:13,0
DA:15,0
LF:3
LH:1
end_of_record
SF:lib\app\modules\dashboard\domain\usecases\delete_activity.dart
DA:10,0
DA:12,0
DA:14,0
LF:3
LH:0
end_of_record
SF:lib\app\modules\dashboard\domain\usecases\get_all_activities.dart
DA:12,0
DA:14,0
DA:16,0
LF:3
LH:0
end_of_record
SF:lib\app\modules\dashboard\domain\usecases\get_download_link_csv.dart
DA:10,0
DA:12,0
DA:14,0
LF:3
LH:0
end_of_record
SF:lib\app\modules\dashboard\presenter\controllers\adm\adm_dashboard_controller.g.dart
DA:12,1
DA:13,2
DA:15,1
DA:17,2
DA:18,1
DA:21,1
DA:23,4
DA:24,1
DA:28,1
DA:29,2
DA:31,1
DA:33,2
DA:34,1
DA:37,1
DA:39,4
DA:40,1
DA:44,2
DA:46,1
DA:48,1
DA:50,2
DA:51,1
DA:54,1
DA:56,1
DA:57,3
DA:58,1
DA:66,0
DA:68,0
DA:69,0
DA:72,0
DA:74,0
DA:75,0
DA:76,0
DA:80,1
DA:81,2
DA:83,1
DA:85,2
DA:86,1
DA:89,1
DA:91,4
DA:92,1
DA:96,2
DA:97,1
DA:99,1
DA:101,2
DA:102,1
DA:105,1
DA:107,4
DA:108,1
DA:112,1
DA:113,2
DA:115,1
DA:117,2
DA:118,1
DA:121,1
DA:123,4
DA:124,1
DA:128,1
DA:129,2
DA:131,1
DA:133,2
DA:134,1
DA:137,1
DA:139,4
DA:140,1
DA:144,1
DA:145,2
DA:147,1
DA:149,2
DA:150,1
DA:153,1
DA:155,4
DA:156,1
DA:160,2
DA:162,1
DA:164,1
DA:166,4
DA:169,1
DA:170,2
DA:172,1
DA:174,4
DA:177,2
DA:179,1
DA:181,1
DA:183,4
DA:186,1
DA:187,2
DA:189,1
DA:191,4
DA:198,0
DA:200,0
DA:201,0
DA:204,1
DA:205,2
DA:207,1
DA:210,2
DA:213,1
DA:215,2
DA:219,1
DA:221,1
DA:222,1
DA:224,1
DA:226,2
DA:230,1
DA:232,1
DA:233,1
DA:235,1
DA:237,2
DA:241,1
DA:243,1
DA:244,1
DA:246,1
DA:248,2
DA:252,1
DA:254,1
DA:255,1
DA:257,1
DA:259,2
DA:263,1
DA:265,1
DA:266,1
DA:268,1
DA:270,2
DA:274,1
DA:277,1
DA:278,1
DA:280,1
DA:282,2
DA:286,1
DA:289,1
DA:290,1
DA:292,1
DA:294,2
DA:298,1
DA:301,1
DA:302,1
DA:304,1
DA:306,2
DA:310,0
DA:313,0
DA:314,0
DA:315,0
DA:316,0
DA:317,0
DA:318,0
DA:319,0
DA:320,0
DA:321,0
DA:322,0
LF:148
LH:127
end_of_record
SF:lib\app\modules\dashboard\presenter\controllers\adm\adm_dashboard_controller.dart
DA:21,1
DA:26,1
DA:29,0
DA:30,0
DA:31,0
DA:32,0
DA:33,0
DA:37,0
DA:39,0
DA:45,1
DA:47,1
DA:53,1
DA:55,1
DA:70,1
DA:72,2
DA:78,1
DA:80,1
DA:81,1
DA:87,1
DA:89,1
DA:90,1
DA:96,1
DA:98,1
DA:99,1
DA:102,1
DA:104,1
DA:105,1
DA:106,2
DA:108,1
DA:109,2
DA:111,1
DA:112,2
DA:114,1
DA:117,1
DA:119,2
DA:120,1
DA:121,1
DA:122,1
DA:125,1
DA:129,5
DA:133,1
DA:137,4
DA:138,1
DA:142,1
DA:146,4
DA:147,1
DA:151,1
DA:152,3
DA:153,0
DA:154,0
DA:160,1
DA:161,3
DA:162,3
DA:168,1
DA:170,1
DA:171,3
DA:172,3
DA:173,1
DA:176,1
DA:178,2
DA:179,3
DA:182,0
DA:184,0
DA:185,0
DA:186,0
LF:65
LH:52
end_of_record
SF:lib\app\modules\dashboard\presenter\controllers\adm\edit_activity_controller.g.dart
DA:15,0
DA:17,0
DA:18,0
DA:21,0
DA:23,0
DA:24,0
DA:31,0
DA:33,0
DA:34,0
DA:37,0
DA:39,0
DA:40,0
DA:47,0
DA:49,0
DA:56,0
DA:58,0
DA:64,0
DA:66,0
DA:67,0
DA:69,0
DA:71,0
DA:75,0
DA:77,0
DA:78,0
DA:80,0
DA:82,0
DA:86,0
DA:88,0
DA:89,0
DA:91,0
DA:93,0
DA:97,0
DA:99,0
DA:100,0
DA:102,0
DA:104,0
DA:108,0
DA:110,0
DA:111,0
DA:113,0
DA:115,0
DA:119,0
DA:121,0
DA:122,0
DA:124,0
DA:126,0
DA:130,0
DA:132,0
DA:133,0
DA:135,0
DA:137,0
DA:141,0
DA:143,0
DA:144,0
DA:146,0
DA:148,0
DA:152,0
DA:154,0
DA:155,0
DA:157,0
DA:159,0
DA:163,0
DA:165,0
DA:166,0
DA:168,0
DA:170,0
DA:174,0
DA:176,0
DA:177,0
DA:179,0
DA:181,0
DA:185,0
DA:187,0
DA:188,0
DA:190,0
DA:192,0
DA:196,0
DA:198,0
DA:199,0
DA:201,0
DA:203,0
DA:207,0
DA:209,0
DA:210,0
DA:212,0
DA:214,0
DA:218,0
DA:220,0
DA:221,0
DA:223,0
DA:225,0
DA:229,0
DA:231,0
DA:232,0
DA:234,0
DA:236,0
DA:240,0
DA:242,0
DA:243,0
DA:245,0
DA:247,0
DA:251,0
DA:254,0
DA:255,0
DA:256,0
LF:105
LH:0
end_of_record
SF:lib\app\modules\dashboard\presenter\controllers\adm\edit_activity_controller.dart
DA:18,0
DA:22,0
DA:23,0
DA:33,0
DA:35,0
DA:38,0
DA:40,0
DA:41,0
DA:42,0
DA:43,0
DA:44,0
DA:50,0
DA:52,0
DA:53,0
DA:54,0
DA:55,0
DA:58,0
DA:60,0
DA:63,0
DA:65,0
DA:68,0
DA:70,0
DA:73,0
DA:75,0
DA:78,0
DA:80,0
DA:83,0
DA:85,0
DA:88,0
DA:90,0
DA:91,0
DA:92,0
DA:93,0
DA:94,0
DA:95,0
DA:96,0
DA:99,0
DA:100,0
DA:104,0
DA:106,0
DA:107,0
DA:108,0
DA:110,0
DA:112,0
DA:116,0
DA:118,0
DA:119,0
DA:122,0
DA:124,0
DA:127,0
DA:129,0
DA:132,0
DA:134,0
DA:137,0
DA:139,0
DA:142,0
DA:144,0
DA:147,0
DA:149,0
DA:150,0
DA:151,0
DA:154,0
DA:156,0
DA:157,0
DA:158,0
LF:65
LH:0
end_of_record
SF:lib\app\modules\dashboard\presenter\controllers\adm\create_activity_controller.dart
DA:17,2
DA:27,1
DA:29,1
DA:32,1
DA:34,3
DA:35,0
DA:36,0
DA:37,0
DA:38,0
DA:39,0
DA:45,0
DA:47,0
DA:48,0
DA:49,0
DA:50,0
DA:53,1
DA:55,3
DA:58,1
DA:60,3
DA:63,1
DA:65,3
DA:68,1
DA:70,3
DA:73,1
DA:75,2
DA:78,1
DA:80,2
DA:83,1
DA:85,2
DA:86,1
DA:87,1
DA:88,1
DA:89,1
DA:90,2
DA:91,4
DA:94,3
DA:95,3
DA:99,1
DA:101,2
DA:102,2
DA:103,4
DA:105,2
DA:106,3
DA:110,1
DA:112,1
DA:113,3
DA:116,1
DA:118,3
DA:121,1
DA:123,1
DA:124,2
DA:127,1
DA:129,4
DA:132,1
DA:134,4
DA:137,1
DA:139,4
DA:142,1
DA:144,2
DA:145,2
DA:146,3
DA:149,1
DA:151,2
DA:152,1
DA:153,3
LF:65
LH:55
end_of_record
SF:lib\app\modules\dashboard\presenter\controllers\adm\create_activity_controller.g.dart
DA:12,2
DA:13,1
DA:15,1
DA:17,2
DA:18,1
DA:21,1
DA:23,4
DA:24,1
DA:28,1
DA:29,2
DA:31,1
DA:33,2
DA:34,1
DA:37,1
DA:39,4
DA:40,1
DA:44,2
DA:46,1
DA:48,1
DA:50,4
DA:57,0
DA:59,0
DA:60,0
DA:63,1
DA:64,2
DA:66,1
DA:68,1
DA:69,1
DA:71,1
DA:73,2
DA:77,1
DA:79,1
DA:80,1
DA:82,1
DA:84,2
DA:88,1
DA:90,1
DA:91,1
DA:93,1
DA:95,2
DA:99,1
DA:101,1
DA:102,1
DA:104,1
DA:106,2
DA:110,1
DA:112,1
DA:113,1
DA:115,1
DA:117,2
DA:121,1
DA:123,1
DA:124,1
DA:126,1
DA:128,2
DA:132,1
DA:134,1
DA:135,1
DA:137,1
DA:139,2
DA:143,1
DA:145,1
DA:146,1
DA:148,1
DA:150,2
DA:154,1
DA:156,1
DA:157,1
DA:159,1
DA:161,2
DA:165,1
DA:167,1
DA:168,1
DA:170,1
DA:172,2
DA:176,1
DA:178,1
DA:179,1
DA:181,1
DA:183,2
DA:187,1
DA:190,2
DA:193,1
DA:195,2
DA:199,1
DA:201,1
DA:202,1
DA:204,1
DA:206,2
DA:210,1
DA:212,1
DA:213,1
DA:215,1
DA:217,2
DA:221,1
DA:223,1
DA:224,1
DA:226,1
DA:228,2
DA:232,1
DA:234,1
DA:235,1
DA:237,1
DA:239,2
DA:243,1
DA:245,1
DA:246,1
DA:248,1
DA:250,2
DA:254,0
DA:257,0
DA:258,0
DA:259,0
LF:113
LH:106
end_of_record
SF:lib\app\modules\dashboard\ui\adm\adm_dashboard_page.dart
DA:17,30
DA:19,0
DA:20,0
DA:25,0
DA:27,0
DA:28,0
DA:29,0
DA:31,0
DA:32,0
DA:33,0
DA:34,0
DA:36,0
DA:37,0
DA:41,0
DA:42,0
DA:44,0
DA:45,0
DA:46,0
DA:47,0
DA:48,0
DA:49,0
DA:50,0
DA:51,0
DA:53,0
DA:54,0
DA:56,0
DA:57,0
DA:61,0
DA:62,0
DA:67,0
DA:68,0
DA:70,0
DA:71,0
DA:72,0
DA:73,0
DA:74,0
DA:75,0
DA:76,0
DA:77,0
DA:78,0
DA:79,0
DA:80,0
DA:81,0
DA:83,0
DA:84,0
DA:85,0
DA:86,0
DA:87,0
DA:88,0
DA:90,0
DA:91,0
DA:92,0
DA:93,0
DA:94,0
DA:95,0
DA:96,0
DA:99,0
DA:100,0
DA:102,0
DA:103,0
DA:104,0
DA:105,0
DA:110,0
DA:111,0
DA:112,0
DA:113,0
DA:114,0
DA:116,0
DA:117,0
DA:123,0
DA:125,0
DA:126,0
DA:127,0
DA:129,0
DA:130,0
DA:131,0
DA:132,0
DA:133,0
DA:144,0
DA:145,0
LF:80
LH:1
end_of_record
SF:lib\app\modules\dashboard\ui\adm\edit_activity_page.dart
DA:22,30
DA:24,0
DA:25,0
DA:30,0
DA:32,0
DA:33,0
DA:34,0
DA:35,0
DA:38,0
DA:39,0
DA:40,0
DA:41,0
DA:42,0
DA:43,0
DA:44,0
DA:45,0
DA:51,0
DA:54,0
DA:55,0
DA:59,0
DA:62,0
DA:63,0
DA:64,0
DA:65,0
DA:66,0
DA:67,0
DA:68,0
DA:69,0
DA:73,0
DA:74,0
DA:76,0
DA:77,0
DA:78,0
DA:80,0
DA:82,0
DA:83,0
DA:89,0
DA:90,0
DA:91,0
DA:92,0
DA:94,0
DA:95,0
DA:100,0
DA:101,0
DA:102,0
DA:104,0
DA:105,0
DA:110,0
DA:111,0
DA:112,0
DA:113,0
DA:115,0
DA:116,0
DA:119,0
DA:120,0
DA:122,0
DA:123,0
DA:124,0
DA:126,0
DA:127,0
DA:129,0
DA:132,0
DA:134,0
DA:135,0
DA:136,0
DA:137,0
DA:142,0
DA:143,0
DA:144,0
DA:146,0
DA:147,0
DA:148,0
DA:151,0
DA:152,0
DA:153,0
DA:157,0
DA:158,0
DA:159,0
DA:161,0
DA:162,0
DA:164,0
DA:165,0
DA:167,0
DA:168,0
DA:169,0
DA:171,0
DA:172,0
DA:173,0
DA:175,0
DA:176,0
DA:177,0
DA:178,0
DA:179,0
DA:180,0
DA:181,0
DA:186,0
DA:187,0
DA:188,0
DA:191,0
DA:192,0
DA:194,0
DA:196,0
DA:197,0
DA:198,0
DA:199,0
DA:200,0
DA:201,0
DA:202,0
DA:207,0
DA:208,0
DA:215,0
DA:216,0
DA:219,0
DA:220,0
DA:221,0
DA:222,0
DA:227,0
DA:228,0
DA:230,0
DA:231,0
DA:232,0
DA:233,0
DA:234,0
DA:235,0
DA:237,0
DA:238,0
DA:239,0
DA:241,0
DA:242,0
DA:244,0
DA:245,0
DA:247,0
DA:248,0
DA:249,0
DA:255,0
DA:256,0
DA:258,0
DA:259,0
DA:260,0
DA:261,0
DA:269,0
DA:271,0
DA:274,0
DA:275,0
DA:276,0
DA:277,0
DA:278,0
DA:280,0
DA:284,0
DA:285,0
DA:286,0
DA:287,0
DA:288,0
DA:290,0
DA:291,0
DA:292,0
DA:293,0
DA:294,0
DA:295,0
DA:296,0
DA:297,0
DA:303,0
DA:305,0
DA:306,0
DA:307,0
DA:309,0
DA:310,0
DA:316,0
LF:168
LH:1
end_of_record
SF:lib\app\modules\dashboard\ui\adm\create_activity_page.dart
DA:22,30
DA:24,0
DA:25,0
DA:30,0
DA:32,0
DA:33,0
DA:34,0
DA:35,0
DA:38,0
DA:39,0
DA:40,0
DA:41,0
DA:42,0
DA:43,0
DA:44,0
DA:45,0
DA:58,0
DA:61,0
DA:62,0
DA:63,0
DA:64,0
DA:65,0
DA:66,0
DA:67,0
DA:68,0
DA:73,0
DA:75,0
DA:76,0
DA:77,0
DA:79,0
DA:81,0
DA:82,0
DA:88,0
DA:89,0
DA:90,0
DA:93,0
DA:94,0
DA:99,0
DA:100,0
DA:103,0
DA:104,0
DA:109,0
DA:111,0
DA:112,0
DA:114,0
DA:115,0
DA:118,0
DA:119,0
DA:121,0
DA:122,0
DA:123,0
DA:125,0
DA:126,0
DA:127,0
DA:130,0
DA:131,0
DA:132,0
DA:133,0
DA:134,0
DA:135,0
DA:140,0
DA:141,0
DA:142,0
DA:144,0
DA:145,0
DA:146,0
DA:149,0
DA:150,0
DA:151,0
DA:155,0
DA:156,0
DA:157,0
DA:159,0
DA:160,0
DA:162,0
DA:163,0
DA:165,0
DA:166,0
DA:167,0
DA:169,0
DA:170,0
DA:171,0
DA:173,0
DA:174,0
DA:175,0
DA:176,0
DA:177,0
DA:178,0
DA:179,0
DA:184,0
DA:185,0
DA:186,0
DA:189,0
DA:190,0
DA:192,0
DA:194,0
DA:195,0
DA:196,0
DA:197,0
DA:198,0
DA:199,0
DA:200,0
DA:205,0
DA:206,0
DA:212,0
DA:213,0
DA:216,0
DA:218,0
DA:219,0
DA:224,0
DA:225,0
DA:227,0
DA:228,0
DA:229,0
DA:230,0
DA:231,0
DA:232,0
DA:234,0
DA:235,0
DA:236,0
DA:238,0
DA:239,0
DA:241,0
DA:242,0
DA:244,0
DA:245,0
DA:246,0
DA:252,0
DA:253,0
DA:256,0
DA:258,0
DA:259,0
DA:267,0
DA:269,0
DA:272,0
DA:273,0
DA:275,0
DA:276,0
DA:278,0
DA:282,0
DA:284,0
DA:285,0
DA:286,0
DA:288,0
DA:289,0
DA:290,0
DA:291,0
DA:296,0
DA:297,0
DA:303,0
DA:305,0
DA:315,0
LF:152
LH:1
end_of_record
SF:lib\app\shared\models\activity_model.dart
DA:9,4
DA:28,0
DA:29,0
DA:30,0
DA:31,0
DA:32,0
DA:33,0
DA:34,0
DA:35,0
DA:36,0
DA:37,0
DA:38,0
DA:39,0
DA:41,0
DA:42,0
DA:44,0
DA:45,0
DA:46,0
DA:48,0
DA:49,0
DA:50,0
DA:51,0
DA:54,0
DA:55,0
DA:58,0
DA:59,0
DA:60,0
DA:61,0
DA:62,0
DA:63,0
DA:64,0
DA:65,0
DA:66,0
DA:67,0
DA:68,0
DA:69,0
DA:70,0
DA:71,0
DA:73,0
DA:74,0
DA:75,0
DA:78,0
DA:79,0
DA:80,0
DA:81,0
DA:82,0
DA:83,0
DA:85,0
DA:86,0
DA:87,0
DA:88,0
DA:89,0
DA:90,0
DA:91,0
DA:92,0
DA:94,0
DA:95,0
DA:96,0
DA:99,3
DA:100,3
DA:105,6
DA:108,3
DA:111,3
DA:117,1
DA:135,1
DA:136,1
DA:137,1
DA:138,1
DA:139,1
DA:140,1
DA:141,1
DA:142,1
DA:143,1
DA:144,1
DA:146,1
DA:148,1
DA:149,1
DA:150,1
DA:151,1
DA:152,1
DA:154,1
LF:81
LH:24
end_of_record
SF:lib\app\shared\services\dio\smile_activities_options.dart
DA:4,3
LF:1
LH:1
end_of_record
SF:lib\app\modules\dashboard\domain\usecases\get_admin_activities_interface.dart
DA:12,0
DA:14,0
DA:16,0
LF:3
LH:0
end_of_record
SF:lib\app\modules\dashboard\domain\usecases\edit_activity.dart
DA:12,0
DA:14,0
DA:16,0
LF:3
LH:0
end_of_record
SF:lib\app\modules\dashboard\external\activities_datasource_impl.dart
DA:25,2
DA:28,6
DA:31,0
DA:36,0
DA:38,0
DA:41,0
DA:42,0
DA:44,0
DA:45,0
DA:48,0
DA:51,0
DA:52,0
DA:53,0
DA:54,0
DA:55,0
DA:57,0
DA:62,0
DA:65,0
DA:66,0
DA:67,0
DA:69,0
DA:72,0
DA:74,0
DA:75,0
DA:76,0
DA:77,0
DA:79,0
DA:82,0
DA:84,0
DA:85,0
DA:86,0
DA:87,0
DA:89,0
DA:92,0
DA:96,0
DA:97,0
DA:98,0
DA:99,0
DA:101,0
DA:104,0
DA:106,0
DA:107,0
DA:110,0
DA:112,0
DA:113,0
DA:116,0
DA:118,0
DA:119,0
DA:122,0
DA:124,0
DA:126,0
DA:127,0
DA:128,0
DA:130,0
DA:132,0
DA:133,0
DA:135,0
DA:138,0
DA:140,0
DA:141,0
DA:142,0
DA:148,0
DA:150,0
DA:152,0
DA:153,0
DA:154,0
DA:155,0
DA:157,0
DA:158,0
DA:159,0
DA:160,0
DA:161,0
DA:163,0
DA:164,0
DA:169,0
DA:172,0
DA:175,0
DA:177,0
DA:180,0
DA:183,0
DA:184,0
DA:185,0
DA:187,0
DA:190,0
DA:194,0
DA:195,0
DA:196,0
DA:197,0
DA:199,0
LF:89
LH:2
end_of_record
SF:lib\app\modules\dashboard\infra\repository\activities_repository_impl.dart
DA:14,3
DA:22,1
DA:24,2
DA:25,3
DA:27,2
DA:30,0
DA:32,0
DA:33,0
DA:35,0
DA:38,0
DA:40,0
DA:41,0
DA:42,0
DA:43,0
DA:44,0
DA:47,0
DA:49,0
DA:50,0
DA:51,0
DA:54,0
DA:56,0
DA:57,0
DA:60,0
DA:62,0
DA:63,0
DA:64,0
DA:65,0
DA:66,0
DA:68,0
DA:69,0
DA:70,0
DA:71,0
DA:72,0
DA:74,0
DA:75,0
DA:76,0
DA:77,0
DA:78,0
DA:79,0
DA:80,0
DA:81,0
DA:82,0
DA:83,0
DA:84,0
DA:85,0
DA:86,0
DA:87,0
DA:88,0
DA:89,0
DA:92,0
DA:93,0
DA:94,0
DA:100,0
DA:102,0
DA:104,0
DA:105,0
DA:106,0
DA:108,0
DA:109,0
DA:110,0
DA:111,0
DA:112,0
DA:114,0
DA:115,0
DA:116,0
DA:117,0
DA:118,0
DA:119,0
DA:120,0
DA:121,0
DA:122,0
DA:123,0
DA:124,0
DA:125,0
DA:128,0
DA:129,0
DA:130,0
DA:135,0
DA:137,0
DA:141,0
DA:143,0
DA:144,0
DA:146,0
LF:83
LH:5
end_of_record
SF:lib\app\modules\dashboard\domain\entities\certificate.dart
DA:5,0
LF:1
LH:0
end_of_record
SF:lib\app\modules\dashboard\domain\entities\faq.dart
DA:6,2
LF:1
LH:1
end_of_record
SF:lib\app\modules\dashboard\domain\infra\activity_enum.dart
DA:24,0
DA:25,0
DA:28,0
DA:29,0
DA:32,0
DA:34,0
DA:35,0
DA:36,0
DA:37,0
DA:38,0
DA:39,0
DA:40,0
DA:41,0
DA:42,0
DA:43,0
DA:44,0
DA:45,0
DA:46,0
DA:47,0
DA:48,0
DA:49,0
DA:50,0
DA:51,0
DA:52,0
DA:53,0
DA:54,0
DA:55,0
DA:56,0
DA:57,0
DA:61,0
DA:62,0
DA:63,0
DA:64,0
DA:68,0
DA:69,0
LF:35
LH:0
end_of_record
SF:lib\app\shared\utils\s3_assets_url.dart
DA:3,0
DA:5,0
DA:7,0
DA:9,0
DA:11,0
DA:13,0
DA:15,0
DA:17,0
DA:19,0
DA:21,0
DA:23,0
DA:25,0
DA:27,0
DA:28,0
DA:30,0
DA:32,0
DA:33,0
DA:35,0
DA:36,0
DA:38,0
DA:39,0
DA:41,0
DA:43,0
DA:44,0
DA:46,0
DA:48,0
DA:50,0
LF:27
LH:0
end_of_record
SF:lib\app\shared\models\admin_activity_model.dart
DA:11,1
DA:32,0
DA:33,0
DA:34,0
DA:35,0
DA:36,0
DA:37,0
DA:38,0
DA:39,0
DA:40,0
DA:41,0
DA:42,0
DA:43,0
DA:45,0
DA:46,0
DA:47,0
DA:49,0
DA:50,0
DA:51,0
DA:52,0
DA:53,0
DA:55,0
DA:56,0
DA:57,0
DA:58,0
DA:59,0
DA:62,0
DA:63,0
LF:28
LH:1
end_of_record
SF:lib\app\shared\models\enrolls_activity_model.dart
DA:12,2
DA:32,0
DA:33,0
DA:34,0
DA:35,0
DA:36,0
DA:37,0
DA:38,0
DA:39,0
DA:40,0
DA:41,0
DA:42,0
DA:43,0
DA:45,0
DA:46,0
DA:47,0
DA:49,0
DA:50,0
DA:51,0
DA:53,0
DA:54,0
DA:56,0
DA:57,0
DA:58,0
DA:59,0
DA:60,0
DA:61,0
DA:65,0
DA:66,0
DA:69,1
DA:70,1
DA:75,2
DA:78,1
DA:81,1
DA:87,0
DA:106,0
DA:107,0
DA:108,0
DA:109,0
DA:110,0
DA:111,0
DA:112,0
DA:113,0
DA:114,0
DA:115,0
DA:117,0
DA:119,0
DA:120,0
DA:121,0
DA:122,0
DA:123,0
DA:125,0
DA:126,0
LF:53
LH:6
end_of_record
SF:lib\app\modules\dashboard\infra\models\certificate_model.dart
DA:4,0
DA:5,0
DA:7,0
DA:8,0
DA:9,0
DA:10,0
DA:11,0
DA:12,0
DA:19,0
DA:23,0
DA:24,0
DA:25,0
DA:29,0
DA:30,0
LF:14
LH:0
end_of_record
SF:lib\app\modules\dashboard\infra\models\user_change_data_model.dart
DA:6,0
DA:11,0
DA:12,0
DA:13,0
DA:14,0
LF:5
LH:0
end_of_record
SF:lib\app\modules\dashboard\domain\usecases\change_data.dart
DA:13,0
DA:15,0
DA:18,0
DA:23,0
LF:4
LH:0
end_of_record
SF:lib\app\modules\dashboard\domain\usecases\get_faq_information.dart
DA:11,0
DA:13,0
DA:15,0
LF:3
LH:0
end_of_record
SF:lib\app\modules\dashboard\domain\usecases\get_user_certificates.dart
DA:11,0
DA:13,0
DA:15,0
LF:3
LH:0
end_of_record
SF:lib\app\modules\dashboard\domain\usecases\get_user_subscribed_activities.dart
DA:12,0
DA:14,0
DA:16,0
LF:3
LH:0
end_of_record
SF:lib\app\modules\dashboard\domain\usecases\subscribe_activities.dart
DA:10,0
DA:12,0
DA:14,0
LF:3
LH:0
end_of_record
SF:lib\app\modules\dashboard\domain\usecases\unsubscribe_activities.dart
DA:10,0
DA:12,0
DA:14,0
LF:3
LH:0
end_of_record
SF:lib\app\shared\entities\infra\enrollment_state_enum.dart
DA:15,0
DA:16,0
DA:17,0
DA:18,0
DA:19,0
DA:23,0
DA:24,0
LF:7
LH:0
end_of_record
SF:lib\app\shared\error\dio_exceptions.dart
DA:6,0
DA:7,0
DA:8,0
DA:9,0
DA:11,0
DA:12,0
DA:14,0
DA:15,0
DA:18,0
DA:19,0
DA:21,0
DA:22,0
DA:23,0
DA:26,0
DA:27,0
DA:30,0
DA:35,0
DA:37,0
DA:39,0
DA:41,0
DA:43,0
DA:50,0
DA:51,0
LF:23
LH:0
end_of_record
SF:lib\app\shared\error\error_snackbar.dart
DA:6,0
DA:7,0
DA:9,0
DA:14,0
DA:15,0
DA:17,0
LF:6
LH:0
end_of_record
SF:lib\app\shared\models\enrollments_model.dart
DA:8,0
DA:13,0
DA:14,0
DA:15,0
DA:16,0
DA:18,0
DA:21,0
DA:22,0
DA:25,0
DA:26,0
DA:29,0
LF:11
LH:0
end_of_record
SF:lib\app\modules\dashboard\external\certificate_datasource_impl.dart
DA:15,0
DA:17,0
DA:19,0
DA:28,0
DA:30,0
DA:31,0
DA:32,0
DA:33,0
DA:35,0
DA:36,0
DA:37,0
DA:38,0
DA:39,0
DA:41,0
DA:42,0
LF:15
LH:0
end_of_record
SF:lib\app\modules\dashboard\external\faq_datasource_impl.dart
DA:7,0
DA:9,0
LF:2
LH:0
end_of_record
SF:lib\app\modules\dashboard\utils\mocks\faq_mock.dart
DA:3,0
DA:4,0
DA:9,0
DA:14,0
DA:19,0
DA:24,0
DA:29,0
DA:35,0
DA:40,0
DA:45,0
DA:49,0
DA:54,0
DA:59,0
DA:65,0
DA:70,0
DA:76,0
LF:16
LH:0
end_of_record
SF:lib\app\modules\dashboard\external\user_datasource_impl.dart
DA:26,0
DA:27,0
DA:30,0
DA:35,0
DA:37,0
DA:40,0
DA:41,0
DA:43,0
DA:44,0
DA:47,0
DA:50,0
DA:51,0
DA:52,0
DA:53,0
DA:54,0
DA:56,0
DA:57,0
DA:62,0
DA:64,0
DA:65,0
LF:20
LH:0
end_of_record
SF:lib\app\modules\dashboard\infra\models\faq_panel_model.dart
DA:7,1
DA:9,1
DA:10,2
DA:13,2
LF:4
LH:4
end_of_record
SF:lib\app\modules\dashboard\infra\models\speaker_activity_model.dart
DA:4,7
DA:10,0
DA:11,0
DA:12,0
DA:13,0
DA:16,0
DA:17,0
DA:18,0
DA:19,0
DA:20,0
DA:23,0
DA:24,0
DA:27,0
DA:32,0
DA:33,0
DA:34,0
DA:35,0
DA:39,4
DA:40,4
LF:19
LH:3
end_of_record
SF:lib\app\shared\entities\speaker.dart
DA:7,7
DA:10,0
DA:11,0
LF:3
LH:1
end_of_record
SF:lib\app\modules\dashboard\infra\repository\certificates_repository_impl.dart
DA:9,0
DA:13,0
DA:15,0
DA:16,0
DA:18,0
LF:5
LH:0
end_of_record
SF:lib\app\modules\dashboard\infra\repository\faq_repository_impl.dart
DA:8,1
DA:10,1
DA:12,2
LF:3
LH:3
end_of_record
SF:lib\app\modules\dashboard\infra\repository\user_repository_impl.dart
DA:8,0
DA:10,0
DA:12,0
LF:3
LH:0
end_of_record
SF:lib\app\modules\dashboard\ui\user\landing_user_page.dart
DA:11,30
DA:13,0
DA:14,0
DA:18,0
DA:20,0
DA:21,0
DA:23,0
DA:24,0
DA:25,0
DA:27,0
DA:28,0
DA:29,0
DA:30,0
DA:31,0
DA:32,0
DA:35,0
DA:36,0
DA:38,0
DA:39,0
DA:41,0
DA:45,0
DA:50,0
DA:51,0
DA:52,0
DA:53,0
DA:54,0
DA:55,0
DA:56,0
DA:58,0
DA:61,0
DA:62,0
DA:63,0
DA:64,0
DA:65,0
DA:67,0
DA:68,0
DA:69,0
DA:70,0
DA:71,0
DA:73,0
LF:40
LH:1
end_of_record
SF:lib\app\shared\widgets\bottom_navigation_bar\bottom_navigation_bar_controller.g.dart
DA:15,0
DA:17,0
DA:18,0
DA:21,0
DA:23,0
DA:24,0
DA:31,0
DA:33,0
DA:40,0
DA:42,0
DA:45,0
DA:48,0
DA:49,0
LF:13
LH:0
end_of_record
SF:lib\app\shared\widgets\bottom_navigation_bar\bottom_navigation_bar_controller.dart
DA:14,1
DA:16,0
DA:18,0
DA:19,0
DA:25,0
DA:27,0
LF:6
LH:1
end_of_record
SF:lib\app\modules\dashboard\presenter\controllers\user\all_activities_user_dashboard_controller.g.dart
DA:17,0
DA:19,0
DA:20,0
DA:23,0
DA:25,0
DA:26,0
DA:34,0
DA:36,0
DA:37,0
DA:40,0
DA:42,0
DA:43,0
DA:44,0
DA:52,0
DA:54,0
DA:55,0
DA:58,0
DA:60,0
DA:61,0
DA:69,0
DA:71,0
DA:72,0
DA:75,0
DA:77,0
DA:78,0
DA:86,0
DA:88,0
DA:89,0
DA:92,0
DA:94,0
DA:95,0
DA:103,0
DA:105,0
DA:106,0
DA:109,0
DA:111,0
DA:112,0
DA:120,0
DA:122,0
DA:123,0
DA:126,0
DA:128,0
DA:129,0
DA:137,0
DA:139,0
DA:146,0
DA:148,0
DA:155,0
DA:157,0
DA:164,0
DA:167,0
DA:170,0
DA:172,0
DA:173,0
DA:177,0
DA:180,0
DA:183,0
DA:185,0
DA:186,0
DA:190,0
DA:193,0
DA:196,0
DA:198,0
DA:199,0
DA:203,0
DA:206,0
DA:209,0
DA:211,0
DA:212,0
DA:216,0
DA:219,0
DA:222,0
DA:224,0
DA:225,0
DA:229,0
DA:233,0
DA:237,0
DA:239,0
DA:240,0
DA:244,0
DA:248,0
DA:252,0
DA:254,0
DA:255,0
DA:259,0
DA:263,0
DA:267,0
DA:269,0
DA:270,0
DA:274,0
DA:277,0
DA:278,0
DA:279,0
DA:280,0
DA:281,0
DA:282,0
DA:283,0
DA:284,0
LF:98
LH:0
end_of_record
SF:lib\app\modules\dashboard\presenter\controllers\user\all_activities_user_dashboard_controller.dart
DA:20,1
DA:24,0
DA:30,0
DA:32,0
DA:35,0
DA:36,0
DA:37,0
DA:38,0
DA:39,0
DA:42,0
DA:43,0
DA:44,0
DA:45,0
DA:46,0
DA:61,0
DA:63,0
DA:64,0
DA:70,0
DA:72,0
DA:73,0
DA:79,0
DA:81,0
DA:82,0
DA:85,0
DA:87,0
DA:88,0
DA:89,0
DA:91,0
DA:92,0
DA:94,0
DA:95,0
DA:97,0
DA:100,0
DA:102,0
DA:103,0
DA:104,0
DA:105,0
DA:108,0
DA:112,0
DA:113,0
DA:114,0
DA:115,0
DA:116,0
DA:117,0
DA:118,0
DA:119,0
DA:120,0
DA:121,0
DA:122,0
DA:123,0
DA:124,0
DA:125,0
DA:126,0
DA:127,0
DA:128,0
DA:129,0
DA:130,0
DA:131,0
DA:133,0
DA:139,0
DA:143,0
DA:144,0
DA:145,0
DA:146,0
DA:147,0
DA:148,0
DA:149,0
DA:150,0
DA:151,0
DA:152,0
DA:153,0
DA:154,0
DA:155,0
DA:156,0
DA:157,0
DA:158,0
DA:159,0
DA:160,0
DA:161,0
DA:162,0
DA:163,0
DA:165,0
DA:171,0
DA:175,0
DA:176,0
DA:177,0
DA:178,0
DA:179,0
DA:180,0
DA:181,0
DA:182,0
DA:183,0
DA:184,0
DA:185,0
DA:186,0
DA:187,0
DA:188,0
DA:189,0
DA:190,0
DA:191,0
DA:192,0
DA:193,0
DA:194,0
DA:195,0
DA:197,0
DA:203,0
DA:204,0
DA:205,0
DA:206,0
DA:212,0
DA:213,0
DA:214,0
DA:220,0
DA:222,0
DA:223,0
DA:224,0
DA:225,0
DA:226,0
DA:229,0
DA:231,0
DA:232,0
LF:121
LH:1
end_of_record
SF:lib\app\modules\dashboard\presenter\controllers\user\user_subscription_controller.dart
DA:17,1
DA:25,1
DA:27,2
DA:36,1
DA:38,1
DA:39,3
DA:40,2
DA:41,2
DA:42,1
DA:43,0
DA:44,0
DA:45,0
DA:49,1
LF:13
LH:10
end_of_record
SF:lib\app\modules\dashboard\presenter\controllers\user\user_subscription_controller.g.dart
DA:12,1
DA:13,2
DA:15,1
DA:17,2
DA:18,1
DA:21,1
DA:23,4
DA:24,1
DA:28,2
DA:30,1
DA:32,1
DA:34,2
DA:35,1
DA:38,1
DA:40,3
DA:41,1
DA:42,1
DA:46,2
DA:48,1
DA:50,1
DA:52,2
DA:53,1
DA:56,1
DA:58,1
DA:59,3
DA:60,1
DA:64,2
DA:66,1
DA:68,1
DA:70,1
DA:71,3
DA:74,1
DA:75,2
DA:77,1
DA:79,1
DA:80,1
DA:82,1
DA:84,2
DA:88,0
DA:91,0
DA:92,0
DA:93,0
DA:94,0
LF:43
LH:38
end_of_record
SF:lib\app\modules\dashboard\presenter\controllers\user\certificate_controller.g.dart
DA:15,0
DA:17,0
DA:18,0
DA:21,0
DA:23,0
DA:24,0
DA:31,0
DA:33,0
DA:34,0
DA:37,0
DA:39,0
DA:40,0
DA:47,0
DA:49,0
DA:56,0
DA:58,0
DA:61,0
DA:64,0
DA:65,0
DA:66,0
LF:20
LH:0
end_of_record
SF:lib\app\modules\dashboard\presenter\controllers\user\certificate_controller.dart
DA:14,0
DA:15,0
DA:21,0
DA:23,0
DA:29,0
DA:31,0
DA:32,0
DA:33,0
LF:8
LH:0
end_of_record
SF:lib\app\modules\dashboard\presenter\controllers\user\help_controller.g.dart
DA:12,3
DA:14,1
DA:16,2
DA:17,1
DA:20,1
DA:22,4
DA:23,1
DA:27,1
DA:28,2
DA:30,1
DA:32,2
DA:33,1
DA:36,1
DA:38,4
DA:39,1
DA:43,1
DA:44,2
DA:46,1
DA:48,4
DA:51,1
DA:52,2
DA:54,1
DA:56,2
DA:59,1
DA:61,2
DA:65,1
DA:67,2
DA:70,1
DA:72,2
DA:76,0
DA:79,0
DA:80,0
DA:81,0
LF:33
LH:29
end_of_record
SF:lib\app\modules\dashboard\presenter\controllers\user\help_controller.dart
DA:15,1
DA:17,1
DA:26,1
DA:28,1
DA:29,4
DA:30,4
DA:32,1
DA:35,1
DA:37,2
DA:38,2
DA:39,1
DA:42,1
DA:44,3
DA:45,1
LF:14
LH:14
end_of_record
SF:lib\app\modules\dashboard\presenter\controllers\user\more_info_controller.dart
DA:10,0
DA:15,0
DA:17,0
DA:20,0
DA:21,0
DA:23,0
DA:25,0
DA:28,0
DA:29,0
DA:31,0
DA:33,0
LF:11
LH:0
end_of_record
SF:lib\app\modules\dashboard\presenter\controllers\user\more_info_controller.g.dart
DA:15,0
DA:17,0
DA:18,0
DA:21,0
DA:23,0
DA:24,0
DA:31,0
DA:33,0
DA:36,0
DA:38,0
DA:42,0
DA:45,0
DA:46,0
LF:13
LH:0
end_of_record
SF:lib\app\modules\dashboard\presenter\controllers\user\user_dashboard_controller.g.dart
DA:12,1
DA:13,2
DA:15,1
DA:17,2
DA:18,1
DA:21,1
DA:23,4
DA:24,1
DA:28,1
DA:29,2
DA:31,1
DA:33,2
DA:34,1
DA:37,1
DA:39,4
DA:40,1
DA:44,1
DA:45,2
DA:47,1
DA:49,2
DA:50,1
DA:53,1
DA:55,4
DA:56,1
DA:60,2
DA:62,1
DA:64,1
DA:66,2
DA:67,1
DA:70,1
DA:72,1
DA:73,3
DA:74,1
DA:78,2
DA:79,1
DA:81,1
DA:83,2
DA:84,1
DA:87,1
DA:89,4
DA:90,1
DA:94,1
DA:95,2
DA:97,1
DA:99,2
DA:100,1
DA:103,1
DA:105,4
DA:106,1
DA:110,2
DA:111,1
DA:113,1
DA:115,2
DA:116,1
DA:119,1
DA:121,4
DA:122,1
DA:130,0
DA:132,0
DA:133,0
DA:136,0
DA:138,0
DA:139,0
DA:140,0
DA:147,0
DA:149,0
DA:150,0
DA:153,0
DA:155,0
DA:156,0
DA:163,0
DA:165,0
DA:166,0
DA:169,0
DA:171,0
DA:172,0
DA:179,0
DA:181,0
DA:182,0
DA:185,0
DA:187,0
DA:188,0
DA:195,0
DA:197,0
DA:198,0
DA:201,0
DA:203,0
DA:204,0
DA:208,1
DA:209,2
DA:211,1
DA:213,2
DA:214,1
DA:217,1
DA:219,4
DA:220,1
DA:228,0
DA:230,0
DA:231,0
DA:234,0
DA:236,0
DA:237,0
DA:238,0
DA:242,2
DA:244,1
DA:246,1
DA:248,2
DA:249,1
DA:252,1
DA:254,1
DA:255,3
DA:256,1
DA:263,0
DA:265,0
DA:266,0
DA:269,0
DA:271,0
DA:272,0
DA:276,2
DA:278,1
DA:280,1
DA:282,1
DA:283,3
DA:286,1
DA:287,2
DA:289,1
DA:291,4
DA:294,2
DA:296,1
DA:298,1
DA:300,4
DA:303,2
DA:305,1
DA:307,1
DA:309,1
DA:310,3
DA:317,0
DA:319,0
DA:322,1
DA:323,2
DA:325,1
DA:327,4
DA:330,2
DA:332,1
DA:334,1
DA:336,1
DA:337,3
DA:340,1
DA:341,2
DA:343,0
DA:345,0
DA:346,0
DA:348,0
DA:350,0
DA:354,0
DA:356,0
DA:357,0
DA:359,0
DA:361,0
DA:365,0
DA:367,0
DA:368,0
DA:370,0
DA:372,0
DA:376,0
DA:378,0
DA:379,0
DA:381,0
DA:383,0
DA:387,0
DA:389,0
DA:390,0
DA:392,0
DA:394,0
DA:398,0
DA:402,0
DA:405,0
DA:407,0
DA:411,0
DA:415,0
DA:418,0
DA:420,0
DA:424,0
DA:428,0
DA:431,0
DA:433,0
DA:437,1
DA:439,1
DA:440,1
DA:442,1
DA:444,2
DA:448,1
DA:450,1
DA:451,1
DA:453,1
DA:455,2
DA:459,1
DA:462,2
DA:465,1
DA:467,2
DA:471,1
DA:473,1
DA:474,1
DA:476,1
DA:478,2
DA:482,1
DA:484,1
DA:485,1
DA:487,1
DA:489,2
DA:493,0
DA:495,0
DA:496,0
DA:498,0
DA:500,0
DA:504,0
DA:507,0
DA:508,0
DA:509,0
DA:510,0
DA:511,0
DA:512,0
DA:513,0
DA:514,0
DA:515,0
DA:516,0
DA:517,0
DA:518,0
DA:519,0
DA:520,0
DA:521,0
DA:522,0
DA:523,0
LF:233
LH:127
end_of_record
SF:lib\app\modules\dashboard\presenter\controllers\user\user_dashboard_controller.dart
DA:20,1
DA:26,1
DA:27,1
DA:28,1
DA:61,0
DA:63,0
DA:64,0
DA:70,0
DA:72,0
DA:73,0
DA:79,0
DA:81,0
DA:82,0
DA:85,0
DA:87,0
DA:88,0
DA:89,0
DA:91,0
DA:92,0
DA:94,0
DA:95,0
DA:97,0
DA:100,0
DA:102,0
DA:103,0
DA:104,0
DA:105,0
DA:108,0
DA:112,0
DA:113,0
DA:114,0
DA:115,0
DA:116,0
DA:117,0
DA:118,0
DA:119,0
DA:120,0
DA:121,0
DA:122,0
DA:123,0
DA:124,0
DA:125,0
DA:126,0
DA:127,0
DA:128,0
DA:129,0
DA:130,0
DA:131,0
DA:133,0
DA:139,0
DA:143,0
DA:144,0
DA:145,0
DA:146,0
DA:147,0
DA:148,0
DA:149,0
DA:150,0
DA:151,0
DA:152,0
DA:153,0
DA:154,0
DA:155,0
DA:156,0
DA:157,0
DA:158,0
DA:159,0
DA:160,0
DA:161,0
DA:162,0
DA:163,0
DA:165,0
DA:171,0
DA:175,0
DA:176,0
DA:177,0
DA:178,0
DA:179,0
DA:180,0
DA:181,0
DA:182,0
DA:183,0
DA:184,0
DA:185,0
DA:186,0
DA:187,0
DA:188,0
DA:189,0
DA:190,0
DA:191,0
DA:192,0
DA:193,0
DA:194,0
DA:195,0
DA:197,0
DA:203,0
DA:204,0
DA:205,0
DA:206,0
DA:212,0
DA:213,0
DA:214,0
DA:220,1
DA:222,1
DA:223,2
DA:226,1
DA:228,3
DA:229,2
DA:232,1
DA:234,3
DA:235,2
DA:236,3
DA:237,1
DA:239,0
DA:243,1
DA:245,1
DA:246,1
DA:247,1
DA:250,1
DA:252,1
DA:255,1
DA:257,1
DA:260,1
DA:262,1
DA:265,0
DA:267,0
DA:268,0
DA:269,0
DA:270,0
DA:271,0
DA:272,0
DA:273,0
DA:274,0
DA:275,0
DA:276,0
DA:277,0
DA:280,1
DA:282,2
DA:283,1
DA:285,4
DA:286,1
DA:292,1
DA:294,3
DA:295,1
DA:304,1
DA:306,1
DA:318,1
DA:320,1
DA:321,2
DA:322,3
DA:323,2
DA:324,0
DA:325,0
DA:327,0
DA:328,0
DA:331,1
DA:334,0
DA:336,0
DA:337,0
DA:339,0
LF:160
LH:41
end_of_record
SF:lib\app\modules\dashboard\ui\adm\widgets\activities_card\activities_card_widget.dart
DA:19,0
DA:32,0
DA:34,0
DA:36,0
DA:39,0
DA:40,0
DA:41,0
DA:42,0
DA:43,0
DA:44,0
DA:45,0
DA:52,0
DA:53,0
DA:55,0
DA:57,0
DA:60,0
DA:61,0
DA:64,0
DA:65,0
DA:66,0
DA:68,0
DA:70,0
DA:72,0
DA:73,0
DA:75,0
DA:76,0
DA:77,0
DA:82,0
DA:83,0
DA:86,0
DA:92,0
DA:94,0
DA:99,0
DA:102,0
DA:103,0
DA:104,0
DA:106,0
DA:108,0
DA:109,0
DA:112,0
DA:113,0
DA:114,0
DA:115,0
DA:118,0
DA:120,0
DA:121,0
DA:122,0
DA:125,0
DA:126,0
DA:127,0
DA:130,0
DA:132,0
DA:133,0
DA:134,0
DA:138,0
DA:141,0
DA:142,0
DA:143,0
DA:144,0
DA:147,0
DA:149,0
DA:150,0
DA:151,0
DA:154,0
DA:155,0
DA:156,0
DA:157,0
DA:158,0
DA:159,0
DA:160,0
DA:161,0
LF:71
LH:0
end_of_record
SF:lib\app\modules\dashboard\ui\adm\widgets\app_bar\adm_app_bar_widget.dart
DA:11,0
DA:14,0
DA:16,0
DA:18,0
DA:21,0
DA:23,0
DA:24,0
DA:26,0
DA:28,0
DA:29,0
DA:30,0
LF:11
LH:0
end_of_record
SF:lib\app\modules\dashboard\ui\adm\widgets\filter\filter_card_widget.dart
DA:18,0
DA:27,0
DA:29,0
DA:32,0
DA:34,0
DA:35,0
DA:36,0
DA:37,0
DA:38,0
DA:39,0
DA:40,0
DA:41,0
DA:42,0
DA:43,0
DA:51,0
DA:53,0
DA:54,0
DA:57,0
DA:58,0
DA:59,0
DA:60,0
DA:62,0
DA:63,0
DA:66,0
DA:68,0
DA:69,0
DA:71,0
DA:75,0
DA:76,0
DA:78,0
DA:79,0
DA:80,0
DA:81,0
DA:82,0
DA:86,0
DA:89,0
DA:90,0
DA:91,0
DA:92,0
DA:94,0
DA:97,0
DA:98,0
DA:100,0
DA:101,0
DA:102,0
DA:104,0
DA:105,0
DA:107,0
DA:108,0
DA:109,0
DA:111,0
DA:112,0
DA:113,0
DA:114,0
DA:115,0
DA:116,0
DA:117,0
DA:118,0
DA:121,0
DA:123,0
DA:124,0
DA:127,0
DA:128,0
DA:137,0
DA:140,0
DA:141,0
DA:142,0
DA:143,0
DA:145,0
DA:148,0
DA:149,0
DA:151,0
DA:152,0
DA:153,0
DA:155,0
DA:156,0
DA:158,0
DA:159,0
DA:160,0
DA:162,0
DA:164,0
DA:165,0
DA:166,0
DA:167,0
DA:168,0
DA:169,0
DA:173,0
DA:174,0
DA:175,0
DA:176,0
DA:177,0
DA:178,0
DA:181,0
DA:182,0
DA:195,0
DA:196,0
DA:198,0
LF:97
LH:0
end_of_record
SF:lib\app\modules\dashboard\ui\adm\widgets\side_bar\side_bar_widget.dart
DA:11,30
DA:13,0
DA:14,0
DA:19,0
DA:21,0
DA:24,0
DA:25,0
DA:27,0
DA:29,0
DA:30,0
DA:31,0
DA:35,0
DA:36,0
DA:37,0
DA:39,0
DA:43,0
DA:46,0
DA:47,0
DA:48,0
DA:50,0
DA:57,0
DA:59,0
DA:60,0
DA:61,0
DA:62,0
DA:65,0
DA:68,0
DA:70,0
DA:71,0
DA:72,0
DA:73,0
LF:31
LH:1
end_of_record
SF:lib\app\shared\utils\utils.dart
DA:4,0
DA:5,0
DA:6,0
DA:7,0
DA:8,0
DA:10,0
DA:13,0
DA:14,0
DA:15,0
DA:16,0
DA:17,0
DA:19,0
DA:24,0
DA:25,0
LF:14
LH:0
end_of_record
SF:lib\app\shared\widgets\dialogs\action_confirmation_dialog_widget.dart
DA:11,0
DA:17,0
DA:19,0
DA:21,0
DA:22,0
DA:23,0
DA:24,0
DA:25,0
DA:26,0
DA:27,0
DA:28,0
DA:31,0
DA:32,0
DA:33,0
DA:42,0
LF:15
LH:0
end_of_record
SF:lib\app\modules\dashboard\ui\adm\widgets\add_forms\speaker_add_widget.dart
DA:15,0
DA:25,0
DA:27,0
DA:29,0
DA:31,0
DA:34,0
DA:35,0
DA:36,0
DA:39,0
DA:40,0
DA:41,0
DA:42,0
DA:43,0
DA:46,0
DA:47,0
DA:53,0
DA:54,0
DA:56,0
DA:57,0
DA:66,0
DA:68,0
DA:69,0
DA:75,0
DA:80,0
DA:81,0
DA:83,0
DA:84,0
DA:85,0
DA:88,0
LF:29
LH:0
end_of_record
SF:lib\app\shared\widgets\buttons\forms_button_widget.dart
DA:9,0
DA:15,0
DA:17,0
DA:19,0
DA:20,0
DA:21,0
DA:22,0
DA:23,0
DA:24,0
DA:25,0
DA:26,0
DA:27,0
DA:29,0
DA:32,0
DA:33,0
DA:35,0
DA:37,0
DA:38,0
DA:39,0
DA:40,0
DA:41,0
LF:21
LH:0
end_of_record
SF:lib\app\shared\widgets\dialogs\custom_alert_dialog_widget.dart
DA:8,60
DA:12,0
DA:14,0
DA:16,0
DA:17,0
DA:18,0
DA:19,0
DA:20,0
DA:21,0
DA:22,0
DA:23,0
LF:11
LH:1
end_of_record
SF:lib\app\shared\widgets\text-fields\drop_down_field_custom.dart
DA:12,0
DA:20,0
DA:22,0
DA:24,0
DA:25,0
DA:26,0
DA:28,0
DA:29,0
DA:30,0
DA:32,0
DA:33,0
DA:34,0
DA:35,0
DA:36,0
DA:37,0
DA:38,0
DA:39,0
DA:40,0
DA:41,0
DA:42,0
DA:43,0
DA:46,0
DA:47,0
DA:48,0
DA:50,0
DA:51,0
DA:52,0
LF:27
LH:0
end_of_record
SF:lib\app\shared\widgets\text-header\text_header.dart
DA:10,30
DA:16,0
DA:18,0
DA:20,0
DA:21,0
DA:22,0
DA:24,0
DA:25,0
DA:26,0
DA:28,0
DA:29,0
DA:30,0
DA:31,0
DA:32,0
LF:14
LH:1
end_of_record
SF:lib\app\modules\dashboard\ui\adm\widgets\add_forms\schedule_add_widget.dart
DA:27,0
DA:47,0
DA:49,0
DA:51,0
DA:54,0
DA:55,0
DA:56,0
DA:57,0
DA:58,0
DA:60,0
DA:61,0
DA:62,0
DA:63,0
DA:67,0
DA:68,0
DA:70,0
DA:71,0
DA:76,0
DA:77,0
DA:78,0
DA:82,0
DA:83,0
DA:85,0
DA:86,0
DA:91,0
DA:92,0
DA:95,0
DA:96,0
DA:98,0
DA:99,0
DA:104,0
DA:105,0
DA:107,0
DA:108,0
DA:110,0
DA:114,0
DA:115,0
DA:116,0
DA:117,0
DA:119,0
DA:120,0
DA:121,0
DA:125,0
DA:126,0
DA:127,0
DA:129,0
DA:136,0
DA:138,0
DA:139,0
DA:140,0
DA:141,0
DA:143,0
DA:144,0
DA:151,0
DA:152,0
DA:154,0
DA:155,0
DA:165,0
DA:170,0
DA:171,0
DA:173,0
DA:174,0
DA:175,0
DA:178,0
LF:64
LH:0
end_of_record
SF:lib\app\modules\dashboard\ui\adm\widgets\add_forms\text_field_dialog_widget.dart
DA:15,0
DA:25,0
DA:27,0
DA:29,0
DA:30,0
DA:31,0
DA:32,0
DA:33,0
DA:35,0
DA:39,0
DA:40,0
DA:41,0
DA:42,0
DA:43,0
DA:44,0
DA:45,0
DA:46,0
DA:47,0
DA:48,0
DA:50,0
DA:53,0
DA:54,0
DA:55,0
DA:57,0
DA:58,0
DA:59,0
DA:61,0
DA:62,0
DA:63,0
DA:64,0
DA:65,0
DA:66,0
DA:67,0
LF:33
LH:0
end_of_record
SF:lib\app\modules\dashboard\ui\shared\widgets\logout_button_widget.dart
DA:8,0
DA:13,0
DA:15,0
DA:17,0
DA:18,0
DA:19,0
DA:20,0
DA:21,0
DA:22,0
DA:23,0
DA:25,0
DA:27,0
DA:28,0
DA:29,0
LF:14
LH:0
end_of_record
SF:lib\app\modules\dashboard\ui\shared\widgets\sidebar_button_widget.dart
DA:13,0
DA:19,0
DA:21,0
DA:23,0
DA:26,0
DA:27,0
DA:28,0
DA:30,0
DA:31,0
DA:32,0
DA:33,0
DA:34,0
DA:36,0
DA:37,0
DA:38,0
DA:39,0
DA:40,0
DA:41,0
LF:18
LH:0
end_of_record
SF:lib\app\modules\dashboard\ui\user\all_activities_user_dashboard_page.dart
DA:16,30
DA:18,0
DA:20,0
DA:25,0
DA:27,0
DA:28,0
DA:32,0
DA:33,0
DA:36,0
DA:37,0
DA:38,0
DA:39,0
DA:41,0
DA:49,0
DA:50,0
DA:51,0
DA:52,0
DA:53,0
DA:54,0
DA:55,0
DA:56,0
DA:58,0
DA:59,0
DA:61,0
DA:62,0
DA:68,0
DA:69,0
DA:72,0
DA:73,0
DA:74,0
DA:75,0
DA:77,0
DA:80,0
DA:81,0
DA:82,0
DA:83,0
DA:84,0
DA:87,0
DA:88,0
DA:89,0
DA:90,0
DA:91,0
DA:92,0
DA:93,0
DA:94,0
DA:95,0
DA:96,0
DA:98,0
DA:99,0
DA:100,0
DA:102,0
DA:104,0
DA:105,0
DA:108,0
DA:109,0
DA:110,0
DA:111,0
DA:113,0
DA:115,0
DA:116,0
DA:117,0
DA:119,0
DA:121,0
DA:122,0
DA:125,0
DA:133,0
DA:134,0
DA:135,0
DA:137,0
LF:69
LH:1
end_of_record
SF:lib\app\modules\dashboard\ui\user\widgets\mobile_widgets\filter\mobile_filter_card_widget.dart
DA:19,0
DA:28,0
DA:30,0
DA:33,0
DA:35,0
DA:36,0
DA:37,0
DA:38,0
DA:39,0
DA:40,0
DA:41,0
DA:42,0
DA:43,0
DA:44,0
DA:50,0
DA:54,0
DA:55,0
DA:57,0
DA:58,0
DA:59,0
DA:62,0
DA:65,0
DA:66,0
DA:67,0
DA:68,0
DA:69,0
DA:71,0
DA:75,0
DA:78,0
DA:79,0
DA:81,0
DA:85,0
DA:86,0
DA:90,0
DA:91,0
DA:93,0
DA:94,0
DA:101,0
DA:102,0
DA:104,0
DA:105,0
DA:107,0
DA:111,0
DA:112,0
DA:116,0
DA:117,0
DA:120,0
DA:123,0
DA:124,0
DA:125,0
DA:126,0
DA:127,0
DA:128,0
DA:132,0
DA:136,0
DA:139,0
DA:140,0
DA:142,0
DA:143,0
DA:144,0
DA:146,0
DA:147,0
DA:148,0
DA:152,0
DA:157,0
DA:158,0
DA:159,0
DA:161,0
DA:162,0
DA:163,0
DA:164,0
DA:165,0
DA:166,0
DA:167,0
DA:168,0
DA:171,0
DA:173,0
DA:174,0
DA:177,0
DA:178,0
DA:181,0
DA:190,0
DA:191,0
DA:194,0
DA:197,0
DA:198,0
DA:199,0
DA:200,0
DA:201,0
DA:202,0
DA:206,0
DA:210,0
DA:213,0
DA:214,0
DA:216,0
DA:217,0
DA:218,0
DA:220,0
DA:221,0
DA:222,0
DA:226,0
DA:231,0
DA:232,0
DA:233,0
DA:235,0
DA:237,0
DA:238,0
DA:239,0
DA:240,0
DA:241,0
DA:242,0
DA:246,0
DA:247,0
DA:248,0
DA:249,0
DA:250,0
DA:251,0
DA:254,0
DA:255,0
DA:258,0
DA:271,0
DA:274,0
DA:275,0
DA:277,0
LF:124
LH:0
end_of_record
SF:lib\app\modules\dashboard\ui\user\widgets\mobile_widgets\activities_card\mobile_activities_card_all_activities_dashboard_widget.dart
DA:27,0
DA:42,0
DA:44,0
DA:46,0
DA:47,0
DA:48,0
DA:49,0
DA:50,0
DA:51,0
DA:52,0
DA:53,0
DA:54,0
DA:55,0
DA:56,0
DA:57,0
DA:63,0
DA:67,0
DA:68,0
DA:69,0
DA:70,0
DA:71,0
DA:74,0
DA:77,0
DA:78,0
DA:79,0
DA:80,0
DA:82,0
DA:83,0
DA:84,0
DA:90,0
DA:92,0
DA:95,0
DA:96,0
DA:98,0
DA:99,0
DA:100,0
DA:104,0
DA:108,0
DA:110,0
DA:112,0
DA:116,0
DA:118,0
DA:120,0
DA:121,0
DA:122,0
DA:124,0
DA:125,0
DA:131,0
DA:132,0
DA:134,0
DA:135,0
DA:136,0
DA:137,0
DA:142,0
DA:143,0
DA:144,0
DA:151,0
DA:153,0
DA:157,0
DA:158,0
DA:162,0
DA:166,0
DA:167,0
DA:168,0
DA:169,0
DA:170,0
DA:171,0
DA:172,0
DA:176,0
DA:177,0
DA:180,0
DA:183,0
DA:186,0
DA:187,0
DA:190,0
DA:191,0
DA:194,0
DA:195,0
DA:197,0
DA:198,0
DA:200,0
DA:201,0
DA:202,0
DA:203,0
DA:204,0
DA:205,0
DA:208,0
DA:209,0
DA:213,0
DA:214,0
DA:216,0
DA:217,0
DA:218,0
DA:220,0
DA:221,0
DA:223,0
DA:224,0
DA:226,0
DA:231,0
DA:232,0
DA:233,0
DA:236,0
DA:239,0
DA:240,0
DA:241,0
DA:242,0
DA:243,0
DA:244,0
DA:248,0
DA:251,0
DA:252,0
DA:253,0
DA:254,0
DA:256,0
DA:258,0
DA:259,0
DA:260,0
DA:261,0
DA:265,0
DA:267,0
DA:269,0
DA:270,0
DA:272,0
DA:273,0
DA:275,0
DA:276,0
DA:277,0
DA:278,0
DA:279,0
DA:281,0
DA:282,0
DA:284,0
DA:285,0
DA:287,0
DA:288,0
DA:290,0
DA:291,0
DA:297,0
DA:298,0
DA:299,0
DA:300,0
DA:301,0
DA:306,0
LF:143
LH:0
end_of_record
SF:lib\app\modules\dashboard\ui\user\certificate_page.dart
DA:12,30
DA:14,0
DA:15,0
DA:20,0
DA:22,0
DA:23,0
DA:26,0
DA:27,0
DA:28,0
DA:29,0
DA:33,0
DA:35,0
DA:41,0
DA:42,0
DA:44,0
DA:47,0
DA:48,0
DA:50,0
DA:52,0
DA:57,0
DA:58,0
DA:59,0
DA:60,0
DA:65,0
DA:67,0
DA:69,0
DA:73,0
DA:80,0
DA:82,0
DA:85,0
DA:86,0
DA:88,0
DA:90,0
DA:95,0
DA:96,0
DA:97,0
DA:98,0
DA:103,0
DA:105,0
DA:107,0
DA:111,0
DA:121,0
DA:122,0
DA:124,0
DA:125,0
DA:126,0
DA:129,0
DA:130,0
DA:139,0
DA:142,0
DA:143,0
DA:145,0
DA:147,0
DA:148,0
DA:149,0
DA:150,0
DA:151,0
DA:152,0
DA:153,0
DA:156,0
DA:161,0
DA:163,0
DA:164,0
DA:166,0
DA:169,0
DA:171,0
DA:175,0
DA:176,0
DA:178,0
DA:180,0
DA:185,0
DA:188,0
DA:190,0
DA:195,0
DA:197,0
DA:199,0
DA:204,0
DA:207,0
DA:209,0
LF:79
LH:1
end_of_record
SF:lib\app\modules\dashboard\ui\user\widgets\certificates\certificate_widget.dart
DA:10,0
DA:15,0
DA:17,0
DA:19,0
DA:21,0
DA:22,0
DA:23,0
DA:24,0
DA:26,0
DA:27,0
DA:28,0
DA:29,0
DA:31,0
DA:33,0
DA:34,0
DA:35,0
DA:36,0
DA:39,0
DA:41,0
DA:42,0
DA:49,0
DA:51,0
DA:53,0
LF:23
LH:0
end_of_record
SF:lib\app\modules\dashboard\ui\user\help_page.dart
DA:10,30
DA:12,0
DA:13,0
DA:17,0
DA:19,0
DA:20,0
DA:21,0
DA:22,0
DA:26,0
DA:28,0
DA:34,0
DA:35,0
DA:38,0
DA:39,0
DA:40,0
DA:41,0
DA:42,0
DA:43,0
DA:44,0
DA:46,0
DA:47,0
DA:48,0
LF:22
LH:1
end_of_record
SF:lib\app\modules\dashboard\ui\user\widgets\faq\faq_card_widget.dart
DA:10,0
DA:17,0
DA:19,0
DA:21,0
DA:23,0
DA:26,0
DA:27,0
DA:29,0
DA:30,0
DA:33,0
DA:34,0
DA:36,0
DA:37,0
DA:39,0
DA:41,0
DA:48,0
DA:50,0
DA:53,0
DA:55,0
DA:57,0
DA:63,0
DA:64,0
DA:66,0
LF:23
LH:0
end_of_record
SF:lib\app\modules\dashboard\ui\user\widgets\mobile_widgets\sidebar\mobile_sidebar_widget.dart
DA:9,0
DA:43,0
DA:45,0
DA:46,0
DA:47,0
DA:48,0
DA:49,0
DA:50,0
DA:51,0
DA:52,0
DA:53,0
DA:54,0
DA:55,0
DA:56,0
DA:57,0
DA:67,0
DA:72,0
DA:74,0
DA:76,0
DA:77,0
DA:78,0
DA:79,0
DA:81,0
DA:83,0
DA:90,0
DA:92,0
DA:93,0
LF:27
LH:0
end_of_record
SF:lib\app\modules\dashboard\ui\user\widgets\vertical-nav-bar\vertical_nav_bar_widget.dart
DA:13,0
DA:14,0
DA:16,0
DA:17,0
DA:18,0
DA:19,0
DA:20,0
DA:22,0
DA:24,0
DA:25,0
DA:26,0
DA:27,0
DA:28,0
DA:31,0
DA:32,0
DA:33,0
DA:39,0
DA:41,0
DA:43,0
DA:44,0
DA:45,0
DA:52,0
DA:53,0
DA:54,0
DA:56,0
DA:57,0
DA:58,0
DA:65,0
DA:67,0
DA:69,0
DA:70,0
DA:71,0
DA:78,0
DA:80,0
DA:82,0
DA:83,0
DA:84,0
DA:91,0
DA:93,0
DA:95,0
DA:96,0
DA:97,0
DA:102,0
DA:103,0
DA:104,0
DA:105,0
DA:108,0
DA:109,0
DA:110,0
DA:116,0
DA:118,0
DA:120,0
DA:121,0
DA:122,0
DA:129,0
DA:130,0
DA:131,0
DA:133,0
DA:134,0
DA:135,0
DA:142,0
DA:144,0
DA:146,0
DA:147,0
DA:148,0
DA:155,0
DA:157,0
DA:159,0
DA:160,0
DA:161,0
LF:70
LH:0
end_of_record
SF:lib\app\shared\utils\screen_helper.dart
DA:4,0
DA:5,0
DA:6,0
LF:3
LH:0
end_of_record
SF:lib\app\modules\dashboard\ui\user\more_info_page.dart
DA:22,0
DA:24,0
DA:25,0
DA:30,0
DA:32,0
DA:34,0
DA:35,0
DA:37,0
DA:38,0
DA:39,0
DA:40,0
DA:41,0
DA:42,0
DA:44,0
DA:45,0
DA:46,0
DA:47,0
DA:48,0
DA:50,0
DA:51,0
DA:52,0
DA:53,0
DA:54,0
DA:55,0
DA:56,0
DA:57,0
DA:58,0
DA:59,0
DA:60,0
DA:62,0
DA:63,0
DA:65,0
DA:68,0
DA:76,0
DA:78,0
DA:79,0
DA:81,0
DA:82,0
DA:84,0
DA:93,0
DA:94,0
DA:96,0
DA:97,0
DA:98,0
DA:99,0
DA:100,0
DA:102,0
DA:103,0
DA:104,0
DA:105,0
DA:107,0
DA:110,0
DA:112,0
DA:114,0
DA:115,0
DA:117,0
DA:120,0
DA:124,0
DA:125,0
DA:126,0
DA:128,0
DA:129,0
DA:131,0
DA:134,0
DA:136,0
DA:137,0
DA:138,0
DA:139,0
DA:141,0
DA:144,0
DA:148,0
DA:149,0
DA:150,0
DA:151,0
DA:153,0
DA:154,0
DA:157,0
DA:160,0
DA:162,0
DA:163,0
DA:164,0
DA:165,0
DA:168,0
DA:171,0
DA:175,0
DA:176,0
DA:177,0
DA:178,0
DA:180,0
DA:181,0
DA:182,0
DA:184,0
DA:185,0
DA:186,0
DA:188,0
DA:189,0
DA:192,0
DA:199,0
DA:200,0
DA:201,0
DA:204,0
DA:205,0
DA:207,0
DA:208,0
DA:209,0
DA:212,0
DA:213,0
DA:214,0
DA:218,0
DA:231,0
DA:232,0
DA:233,0
DA:236,0
DA:237,0
DA:238,0
DA:240,0
DA:244,0
DA:245,0
DA:247,0
DA:250,0
DA:251,0
DA:252,0
DA:253,0
DA:254,0
DA:255,0
DA:257,0
DA:258,0
DA:259,0
DA:260,0
DA:265,0
DA:266,0
DA:267,0
DA:268,0
DA:269,0
DA:275,0
DA:276,0
DA:277,0
DA:279,0
DA:287,0
DA:289,0
DA:290,0
DA:291,0
DA:292,0
DA:297,0
DA:298,0
DA:299,0
DA:300,0
DA:301,0
DA:313,0
DA:315,0
DA:316,0
DA:317,0
DA:319,0
DA:322,0
DA:327,0
DA:329,0
DA:331,0
DA:332,0
DA:334,0
DA:342,0
DA:345,0
DA:346,0
DA:347,0
DA:348,0
DA:350,0
DA:351,0
DA:353,0
DA:354,0
DA:355,0
DA:356,0
DA:358,0
DA:359,0
DA:360,0
DA:361,0
DA:364,0
DA:365,0
DA:366,0
DA:367,0
DA:368,0
DA:370,0
DA:371,0
DA:373,0
DA:374,0
DA:376,0
DA:377,0
DA:378,0
DA:379,0
DA:382,0
DA:388,0
DA:389,0
DA:391,0
DA:392,0
DA:394,0
DA:395,0
DA:397,0
DA:398,0
DA:399,0
DA:400,0
DA:403,0
DA:407,0
DA:417,0
DA:418,0
DA:419,0
DA:421,0
DA:422,0
DA:424,0
DA:425,0
DA:428,0
DA:433,0
LF:209
LH:0
end_of_record
SF:lib\app\modules\dashboard\ui\user\widgets\register_button_widget.dart
DA:12,0
DA:17,0
DA:19,0
DA:21,0
DA:22,0
DA:23,0
DA:25,0
DA:26,0
DA:27,0
DA:28,0
DA:29,0
DA:31,0
DA:32,0
DA:34,0
DA:35,0
DA:40,0
DA:41,0
DA:42,0
DA:43,0
DA:44,0
DA:45,0
DA:47,0
LF:22
LH:0
end_of_record
SF:lib\app\modules\dashboard\ui\user\user_dashboard_page.dart
DA:19,30
DA:21,0
DA:22,0
DA:28,0
DA:30,0
DA:31,0
DA:34,0
DA:35,0
DA:36,0
DA:37,0
DA:38,0
DA:39,0
DA:42,0
DA:44,0
DA:48,0
DA:49,0
DA:50,0
DA:52,0
DA:57,0
DA:59,0
DA:61,0
DA:65,0
DA:67,0
DA:68,0
DA:70,0
DA:71,0
DA:72,0
DA:73,0
DA:74,0
DA:75,0
DA:76,0
DA:77,0
DA:79,0
DA:80,0
DA:81,0
DA:84,0
DA:86,0
DA:87,0
DA:88,0
DA:89,0
DA:90,0
DA:91,0
DA:92,0
DA:93,0
DA:95,0
DA:96,0
DA:98,0
DA:99,0
DA:103,0
DA:104,0
DA:105,0
DA:106,0
DA:107,0
DA:108,0
DA:112,0
DA:114,0
DA:115,0
DA:116,0
DA:117,0
DA:118,0
DA:121,0
DA:122,0
DA:123,0
DA:124,0
DA:125,0
DA:126,0
DA:127,0
DA:128,0
DA:129,0
DA:131,0
DA:132,0
DA:133,0
DA:134,0
DA:136,0
DA:137,0
DA:139,0
DA:140,0
DA:142,0
DA:143,0
DA:144,0
DA:151,0
DA:152,0
DA:153,0
DA:163,0
DA:164,0
DA:166,0
DA:170,0
DA:171,0
DA:172,0
DA:174,0
DA:179,0
DA:181,0
DA:184,0
DA:185,0
DA:191,0
DA:192,0
DA:193,0
DA:195,0
DA:196,0
DA:197,0
DA:198,0
DA:200,0
DA:201,0
DA:203,0
DA:204,0
DA:205,0
DA:206,0
DA:209,0
DA:212,0
DA:220,0
DA:221,0
DA:222,0
DA:223,0
LF:113
LH:1
end_of_record
SF:lib\app\modules\dashboard\ui\user\widgets\mobile_widgets\activities_card\mobile_activities_card_user_dashboard_widget.dart
DA:14,0
DA:22,0
DA:24,0
DA:26,0
DA:27,0
DA:28,0
DA:29,0
DA:30,0
DA:31,0
DA:32,0
DA:33,0
DA:34,0
DA:35,0
DA:36,0
DA:37,0
DA:43,0
DA:47,0
DA:48,0
DA:49,0
DA:50,0
DA:53,0
DA:56,0
DA:57,0
DA:58,0
DA:59,0
DA:61,0
DA:62,0
DA:63,0
DA:68,0
DA:70,0
DA:73,0
DA:74,0
DA:76,0
DA:77,0
DA:78,0
DA:82,0
DA:86,0
DA:88,0
DA:90,0
DA:94,0
DA:96,0
DA:98,0
DA:100,0
DA:101,0
DA:103,0
DA:104,0
DA:105,0
DA:106,0
DA:111,0
DA:112,0
DA:113,0
DA:120,0
DA:122,0
DA:130,0
DA:131,0
LF:55
LH:0
end_of_record
SF:lib\app\modules\dashboard\ui\user\widgets\user_data\user_data_widget.dart
DA:15,0
DA:19,0
DA:21,0
DA:23,0
DA:24,0
DA:25,0
DA:27,0
DA:29,0
DA:30,0
DA:31,0
DA:32,0
DA:33,0
DA:34,0
DA:36,0
DA:39,0
DA:42,0
DA:43,0
DA:44,0
DA:45,0
DA:47,0
DA:50,0
DA:52,0
DA:53,0
DA:54,0
DA:56,0
DA:57,0
DA:58,0
DA:59,0
DA:60,0
DA:62,0
DA:63,0
DA:64,0
DA:65,0
DA:66,0
DA:67,0
DA:68,0
DA:70,0
DA:71,0
DA:73,0
DA:75,0
DA:76,0
DA:77,0
DA:78,0
DA:79,0
DA:80,0
DA:81,0
DA:83,0
DA:84,0
DA:85,0
DA:86,0
DA:91,0
DA:92,0
DA:93,0
DA:94,0
DA:100,0
DA:102,0
DA:103,0
DA:104,0
DA:110,0
DA:111,0
DA:113,0
DA:114,0
DA:115,0
DA:120,0
DA:121,0
DA:122,0
DA:123,0
DA:128,0
DA:130,0
DA:131,0
DA:132,0
DA:143,0
DA:145,0
DA:146,0
DA:148,0
DA:149,0
DA:151,0
DA:153,0
DA:154,0
DA:156,0
DA:157,0
LF:81
LH:0
end_of_record
SF:lib\app\modules\dashboard\ui\user\widgets\next_activity\next_activity_card_widget.dart
DA:21,0
DA:32,0
DA:34,0
DA:36,0
DA:37,0
DA:39,0
DA:40,0
DA:42,0
DA:43,0
DA:45,0
DA:46,0
DA:47,0
DA:49,0
DA:51,0
DA:52,0
DA:53,0
DA:54,0
DA:55,0
DA:56,0
DA:57,0
DA:64,0
DA:67,0
DA:70,0
DA:74,0
DA:75,0
DA:76,0
DA:80,0
DA:82,0
DA:90,0
DA:91,0
DA:93,0
DA:95,0
DA:101,0
DA:105,0
DA:107,0
DA:108,0
DA:109,0
DA:110,0
DA:112,0
DA:115,0
DA:121,0
DA:122,0
DA:123,0
DA:125,0
DA:133,0
DA:134,0
DA:135,0
DA:137,0
DA:140,0
DA:146,0
DA:147,0
DA:148,0
DA:155,0
DA:156,0
DA:157,0
DA:158,0
DA:160,0
DA:161,0
DA:163,0
DA:169,0
DA:170,0
DA:171,0
DA:173,0
DA:175,0
DA:176,0
DA:177,0
DA:179,0
DA:188,0
DA:189,0
DA:190,0
DA:191,0
DA:193,0
DA:196,0
DA:202,0
DA:203,0
DA:205,0
DA:212,0
DA:213,0
DA:214,0
DA:215,0
DA:217,0
DA:218,0
DA:219,0
DA:222,0
DA:229,0
DA:230,0
DA:231,0
DA:234,0
DA:235,0
DA:237,0
LF:90
LH:0
end_of_record
SF:lib\app\modules\dashboard\ui\user\widgets\user_data\name_alteration_dialog.dart
DA:20,0
DA:32,0
DA:34,0
DA:36,0
DA:37,0
DA:38,0
DA:40,0
DA:41,0
DA:42,0
DA:44,0
DA:45,0
DA:47,0
DA:48,0
DA:50,0
DA:51,0
DA:53,0
DA:56,0
DA:58,0
DA:60,0
DA:61,0
DA:63,0
DA:65,0
DA:74,0
DA:76,0
DA:78,0
DA:80,0
DA:82,0
DA:84,0
DA:93,0
DA:94,0
DA:96,0
DA:97,0
DA:99,0
DA:101,0
DA:105,0
DA:106,0
DA:108,0
DA:109,0
DA:111,0
DA:113,0
DA:114,0
DA:116,0
DA:123,0
DA:125,0
DA:127,0
DA:128,0
DA:130,0
DA:132,0
DA:134,0
DA:138,0
DA:139,0
DA:140,0
DA:141,0
DA:142,0
DA:143,0
DA:151,0
DA:153,0
DA:155,0
DA:157,0
DA:159,0
DA:161,0
DA:170,0
DA:171,0
DA:172,0
DA:174,0
DA:175,0
DA:177,0
DA:179,0
DA:183,0
DA:185,0
DA:187,0
DA:188,0
DA:189,0
DA:191,0
DA:192,0
DA:194,0
DA:196,0
DA:197,0
DA:199,0
DA:206,0
DA:207,0
DA:209,0
DA:211,0
DA:212,0
DA:213,0
DA:216,0
DA:218,0
DA:220,0
DA:225,0
DA:226,0
DA:227,0
DA:228,0
DA:229,0
DA:230,0
DA:235,0
DA:238,0
DA:240,0
DA:243,0
DA:245,0
DA:247,0
DA:250,0
DA:251,0
DA:253,0
DA:255,0
DA:257,0
DA:261,0
DA:264,0
DA:266,0
DA:268,0
DA:274,0
DA:277,0
DA:278,0
DA:280,0
DA:281,0
DA:284,0
DA:285,0
DA:286,0
LF:117
LH:0
end_of_record
SF:lib\app\shared\widgets\custom_elevated_button_widget.dart
DA:19,0
DA:33,0
DA:35,0
DA:37,0
DA:38,0
DA:39,0
DA:40,0
DA:41,0
DA:42,0
DA:43,0
DA:44,0
DA:45,0
DA:46,0
DA:47,0
DA:48,0
DA:49,0
DA:50,0
DA:51,0
DA:52,0
DA:53,0
DA:55,0
DA:58,0
DA:59,0
DA:61,0
DA:63,0
DA:65,0
DA:66,0
DA:67,0
DA:68,0
LF:29
LH:0
end_of_record
SF:lib\app\modules\dashboard\ui\user\widgets\vertical-nav-bar\nav_bar_button_widget.dart
DA:10,0
DA:17,0
DA:19,0
DA:21,0
DA:22,0
DA:23,0
DA:24,0
DA:25,0
DA:26,0
DA:27,0
DA:28,0
DA:32,0
DA:33,0
DA:35,0
DA:36,0
DA:37,0
LF:16
LH:0
end_of_record
SF:lib\app\modules\forgot-password\domain\usecases\change_password.dart
DA:10,0
DA:12,0
DA:14,0
LF:3
LH:0
end_of_record
SF:lib\app\modules\forgot-password\domain\usecases\forgot_password.dart
DA:10,0
DA:12,0
DA:14,0
LF:3
LH:0
end_of_record
SF:lib\app\modules\forgot-password\external\errors.dart
DA:3,0
DA:7,0
LF:2
LH:0
end_of_record
SF:lib\app\modules\forgot-password\external\forgot_password_datasourse_impl.dart
DA:18,1
DA:19,3
DA:22,0
DA:25,0
DA:28,0
DA:29,0
DA:31,0
DA:32,0
DA:33,0
DA:37,0
DA:41,0
DA:46,0
DA:47,0
DA:49,0
DA:50,0
DA:51,0
LF:16
LH:2
end_of_record
SF:lib\app\modules\forgot-password\presenter\controller\forgot_password_controller.dart
DA:22,1
DA:57,1
DA:59,1
DA:62,1
DA:64,1
DA:67,1
DA:69,1
DA:70,1
DA:71,4
DA:75,1
DA:77,1
DA:78,1
DA:79,1
DA:80,1
DA:81,2
DA:87,1
DA:89,1
DA:92,0
DA:94,0
DA:96,0
DA:97,0
DA:98,0
DA:99,0
DA:100,0
DA:102,0
DA:105,0
DA:108,0
DA:110,0
DA:112,0
DA:113,0
DA:114,0
DA:115,0
DA:116,0
DA:117,0
DA:118,0
DA:119,0
DA:120,0
DA:121,0
DA:122,0
DA:123,0
DA:124,0
DA:126,0
DA:129,0
DA:132,1
DA:134,1
DA:137,1
DA:139,1
DA:142,1
DA:144,1
DA:147,1
DA:149,1
DA:150,2
DA:152,3
DA:153,2
DA:157,0
DA:158,0
DA:159,0
DA:164,1
DA:166,1
DA:169,1
DA:171,1
LF:61
LH:32
end_of_record
SF:lib\app\modules\forgot-password\presenter\controller\forgot_password_controller.g.dart
DA:12,1
DA:13,2
DA:15,1
DA:17,2
DA:18,1
DA:21,1
DA:23,4
DA:24,1
DA:28,1
DA:29,2
DA:31,1
DA:33,2
DA:34,1
DA:37,1
DA:39,4
DA:40,1
DA:47,0
DA:49,0
DA:50,0
DA:53,0
DA:55,0
DA:56,0
DA:60,1
DA:61,2
DA:63,1
DA:65,2
DA:66,1
DA:69,1
DA:71,4
DA:72,1
DA:76,2
DA:77,1
DA:79,1
DA:81,2
DA:82,1
DA:85,1
DA:87,4
DA:88,1
DA:92,1
DA:93,2
DA:95,1
DA:97,2
DA:98,1
DA:101,1
DA:103,4
DA:104,1
DA:108,1
DA:109,2
DA:111,1
DA:113,2
DA:114,1
DA:117,1
DA:119,4
DA:120,1
DA:124,2
DA:125,1
DA:127,1
DA:129,2
DA:130,1
DA:133,1
DA:135,4
DA:136,1
DA:140,1
DA:141,2
DA:143,1
DA:145,2
DA:146,1
DA:149,1
DA:151,4
DA:152,1
DA:156,2
DA:158,1
DA:160,1
DA:162,2
DA:163,1
DA:166,1
DA:168,4
DA:169,1
DA:173,1
DA:174,2
DA:176,1
DA:178,4
DA:181,1
DA:182,2
DA:184,1
DA:186,4
DA:189,1
DA:190,2
DA:192,1
DA:194,4
DA:197,2
DA:199,1
DA:201,1
DA:203,4
DA:210,0
DA:212,0
DA:213,0
DA:220,0
DA:222,0
DA:223,0
DA:226,1
DA:227,2
DA:229,1
DA:231,4
DA:234,2
DA:236,1
DA:238,1
DA:240,1
DA:241,3
DA:244,2
DA:246,1
DA:248,1
DA:250,1
DA:251,3
DA:254,1
DA:255,2
DA:257,1
DA:259,1
DA:260,1
DA:262,1
DA:264,2
DA:268,1
DA:271,2
DA:274,1
DA:276,2
DA:280,1
DA:282,1
DA:283,1
DA:285,1
DA:287,2
DA:291,1
DA:294,2
DA:297,1
DA:299,2
DA:303,0
DA:306,0
DA:307,0
DA:308,0
DA:309,0
DA:310,0
DA:311,0
DA:312,0
DA:313,0
DA:314,0
DA:315,0
DA:316,0
LF:146
LH:122
end_of_record
SF:lib\app\modules\forgot-password\ui\change_password_page.dart
DA:14,30
DA:16,0
DA:17,0
DA:24,0
DA:26,0
DA:27,0
DA:30,0
DA:31,0
DA:32,0
DA:34,0
DA:35,0
DA:40,0
DA:42,0
DA:43,0
DA:44,0
DA:45,0
DA:46,0
DA:47,0
DA:48,0
DA:49,0
DA:50,0
DA:53,0
DA:60,0
DA:61,0
DA:62,0
DA:64,0
DA:66,0
DA:67,0
DA:68,0
DA:69,0
DA:70,0
DA:72,0
DA:73,0
DA:81,0
DA:82,0
DA:84,0
DA:86,0
DA:87,0
DA:88,0
DA:89,0
DA:90,0
DA:92,0
DA:94,0
DA:95,0
DA:96,0
DA:97,0
DA:101,0
DA:102,0
DA:118,0
DA:119,0
DA:126,0
DA:127,0
DA:129,0
DA:130,0
DA:132,0
DA:133,0
DA:139,0
DA:140,0
DA:143,0
DA:144,0
DA:146,0
DA:147,0
DA:149,0
DA:150,0
DA:151,0
DA:152,0
DA:160,0
DA:161,0
DA:162,0
DA:163,0
DA:164,0
DA:165,0
DA:168,0
DA:169,0
DA:170,0
DA:171,0
DA:172,0
DA:174,0
DA:175,0
DA:176,0
LF:80
LH:1
end_of_record
SF:lib\app\modules\forgot-password\ui\forgot_password_page.dart
DA:15,30
DA:17,0
DA:18,0
DA:25,0
DA:27,0
DA:28,0
DA:31,0
DA:32,0
DA:33,0
DA:35,0
DA:36,0
DA:41,0
DA:43,0
DA:44,0
DA:45,0
DA:46,0
DA:47,0
DA:48,0
DA:49,0
DA:50,0
DA:51,0
DA:54,0
DA:58,0
DA:59,0
DA:60,0
DA:61,0
DA:63,0
DA:64,0
DA:65,0
DA:66,0
DA:68,0
DA:69,0
DA:70,0
DA:81,0
DA:82,0
DA:83,0
DA:84,0
DA:85,0
DA:86,0
DA:89,0
DA:90,0
DA:95,0
DA:96,0
DA:97,0
DA:98,0
DA:101,0
DA:102,0
DA:103,0
DA:110,0
DA:111,0
DA:112,0
DA:115,0
DA:116,0
DA:121,0
DA:123,0
DA:124,0
DA:125,0
DA:130,0
DA:131,0
DA:132,0
DA:133,0
DA:134,0
DA:135,0
DA:138,0
DA:139,0
DA:141,0
DA:142,0
DA:143,0
DA:145,0
DA:146,0
DA:154,0
DA:155,0
DA:156,0
DA:157,0
DA:160,0
DA:161,0
DA:162,0
DA:163,0
LF:78
LH:1
end_of_record
SF:lib\app\modules\forgot-password\infra\repository\forgot_password_repository_impl.dart
DA:7,2
DA:9,1
DA:11,2
DA:12,1
DA:15,1
DA:17,2
DA:18,1
LF:7
LH:7
end_of_record
SF:lib\app\modules\login\ui\widgets\maintenance_alert_widget.dart
DA:9,150
DA:11,0
DA:13,0
DA:14,0
DA:17,0
DA:19,0
DA:20,0
DA:22,0
DA:23,0
DA:25,0
DA:26,0
DA:30,0
DA:31,0
DA:38,0
DA:40,0
DA:41,0
DA:42,0
DA:43,0
DA:46,0
DA:47,0
DA:48,0
DA:49,0
LF:22
LH:1
end_of_record
SF:lib\app\shared\widgets\input-box\input_box_widget.dart
DA:21,0
DA:35,0
DA:37,0
DA:39,0
DA:40,0
DA:42,0
DA:44,0
DA:45,0
DA:46,0
DA:47,0
DA:49,0
DA:50,0
DA:51,0
DA:52,0
DA:53,0
DA:54,0
DA:55,0
DA:58,0
DA:60,0
DA:62,0
DA:63,0
DA:64,0
DA:66,0
DA:67,0
DA:68,0
DA:70,0
DA:72,0
DA:73,0
DA:74,0
DA:75,0
DA:76,0
DA:77,0
DA:78,0
DA:79,0
DA:83,0
DA:84,0
DA:87,0
DA:88,0
DA:89,0
DA:90,0
DA:91,0
DA:92,0
DA:97,0
DA:98,0
LF:44
LH:0
end_of_record
SF:lib\app\modules\login\ui\widgets\smile_logo_widget.dart
DA:8,210
DA:10,0
DA:12,0
DA:14,0
DA:15,0
DA:16,0
DA:18,0
DA:19,0
LF:8
LH:1
end_of_record
SF:lib\app\modules\home\domain\infra\maua_entities_enum.dart
DA:25,0
DA:26,0
DA:29,0
DA:30,0
DA:33,0
DA:35,0
DA:36,0
DA:37,0
DA:38,0
DA:39,0
DA:40,0
DA:41,0
DA:42,0
DA:43,0
DA:44,0
DA:45,0
DA:46,0
DA:47,0
DA:48,0
DA:49,0
DA:50,0
DA:51,0
DA:52,0
DA:53,0
DA:54,0
DA:55,0
DA:56,0
DA:57,0
DA:58,0
DA:59,0
DA:60,0
DA:61,0
DA:62,0
DA:63,0
DA:64,0
DA:65,0
DA:66,0
DA:67,0
DA:68,0
LF:39
LH:0
end_of_record
SF:lib\app\modules\home\domain\infra\social_medias_enum.dart
DA:18,0
DA:20,0
DA:23,0
DA:26,0
DA:29,0
DA:32,0
DA:35,0
DA:38,0
DA:41,0
DA:46,0
DA:48,0
DA:52,0
DA:56,0
DA:60,0
DA:64,0
DA:67,0
DA:70,0
DA:74,0
LF:18
LH:0
end_of_record
SF:lib\app\modules\home\domain\infra\speakers_enum.dart
DA:7,0
DA:8,0
DA:11,0
DA:12,0
DA:15,0
DA:17,0
DA:18,0
DA:19,0
DA:20,0
DA:21,0
DA:22,0
DA:23,0
DA:24,0
DA:25,0
DA:26,0
DA:27,0
DA:28,0
LF:17
LH:0
end_of_record
SF:lib\app\modules\home\domain\model\sponsor_email_model.dart
DA:10,0
DA:19,0
DA:27,0
DA:28,0
DA:29,0
DA:30,0
DA:31,0
DA:32,0
DA:33,0
DA:34,0
DA:38,0
DA:39,0
DA:40,0
DA:41,0
DA:42,0
DA:43,0
DA:44,0
DA:45,0
DA:46,0
LF:19
LH:0
end_of_record
SF:lib\app\modules\home\presenter\controllers\speakers_home_controller.g.dart
DA:12,1
DA:13,2
DA:15,1
DA:17,2
DA:18,1
DA:21,1
DA:23,4
DA:24,1
DA:28,1
DA:29,2
DA:31,1
DA:33,2
DA:34,1
DA:37,1
DA:39,4
DA:40,1
DA:44,1
DA:45,2
DA:47,1
DA:49,4
DA:52,1
DA:53,2
DA:55,1
DA:57,4
DA:60,0
DA:63,0
DA:64,0
DA:65,0
LF:28
LH:24
end_of_record
SF:lib\app\modules\home\presenter\controllers\speakers_home_controller.dart
DA:9,2
DA:14,1
DA:16,1
DA:22,1
DA:24,1
LF:5
LH:5
end_of_record
SF:lib\app\modules\home\ui\pages\home_page.dart
DA:15,30
DA:17,0
DA:18,0
DA:26,0
DA:27,0
DA:28,0
DA:32,0
DA:33,0
DA:34,0
DA:38,0
DA:39,0
DA:40,0
DA:44,0
DA:45,0
DA:46,0
DA:47,0
DA:48,0
DA:49,0
DA:50,0
DA:52,0
DA:56,0
DA:57,0
DA:60,0
DA:62,0
DA:63,0
DA:64,0
DA:65,0
DA:66,0
DA:67,0
DA:68,0
DA:69,0
DA:72,0
DA:74,0
DA:75,0
DA:76,0
DA:77,0
DA:78,0
DA:80,0
DA:81,0
DA:82,0
DA:83,0
DA:84,0
DA:85,0
DA:86,0
DA:87,0
DA:89,0
DA:90,0
DA:91,0
DA:92,0
DA:94,0
DA:95,0
DA:97,0
DA:98,0
DA:107,0
DA:108,0
LF:55
LH:1
end_of_record
SF:lib\app\modules\home\ui\pages\more_info_home_page.dart
DA:14,30
DA:16,0
DA:18,0
DA:19,0
DA:20,0
DA:21,0
DA:24,0
DA:25,0
DA:26,0
DA:28,0
DA:30,0
DA:31,0
DA:32,0
DA:34,0
DA:35,0
DA:37,0
DA:39,0
DA:41,0
DA:43,0
DA:44,0
DA:46,0
DA:47,0
DA:49,0
DA:51,0
DA:56,0
DA:58,0
DA:63,0
DA:65,0
DA:70,0
DA:72,0
DA:77,0
DA:78,0
DA:84,0
DA:85,0
DA:86,0
DA:87,0
DA:89,0
DA:91,0
DA:93,0
DA:97,0
DA:99,0
DA:100,0
DA:101,0
DA:102,0
DA:103,0
LF:45
LH:1
end_of_record
SF:lib\app\modules\home\ui\pages\activities-home\activities_home_page.dart
DA:12,30
DA:14,0
DA:15,0
DA:29,0
DA:31,0
DA:32,0
DA:33,0
DA:35,0
DA:36,0
DA:38,0
DA:39,0
DA:40,0
DA:41,0
DA:42,0
DA:43,0
DA:49,0
DA:50,0
DA:51,0
DA:52,0
DA:53,0
DA:54,0
DA:55,0
DA:63,0
DA:64,0
DA:65,0
DA:70,0
DA:72,0
DA:73,0
DA:74,0
DA:75,0
DA:76,0
DA:77,0
DA:78,0
DA:81,0
DA:82,0
DA:84,0
DA:85,0
DA:86,0
DA:87,0
DA:90,0
DA:92,0
DA:93,0
DA:94,0
DA:96,0
DA:97,0
DA:98,0
DA:99,0
DA:100,0
LF:48
LH:1
end_of_record
SF:lib\app\modules\home\ui\pages\activities-home\pages\next_home_page.dart
DA:10,0
DA:12,0
DA:14,0
DA:16,0
DA:19,0
DA:20,0
DA:21,0
DA:22,0
DA:26,0
DA:28,0
DA:30,0
DA:33,0
DA:34,0
DA:35,0
DA:37,0
DA:39,0
DA:45,0
DA:46,0
DA:47,0
DA:50,0
DA:51,0
DA:52,0
DA:54,0
LF:23
LH:0
end_of_record
SF:lib\app\modules\home\ui\pages\footer\footer.dart
DA:14,90
DA:16,0
DA:18,0
DA:20,0
DA:21,0
DA:24,0
DA:25,0
DA:26,0
DA:28,0
DA:29,0
DA:32,0
DA:33,0
DA:36,0
DA:37,0
DA:38,0
DA:43,0
DA:46,0
DA:47,0
DA:48,0
DA:49,0
DA:50,0
DA:51,0
DA:54,0
DA:55,0
DA:56,0
DA:57,0
DA:58,0
DA:64,0
DA:65,0
DA:67,0
DA:69,0
DA:71,0
DA:72,0
DA:74,0
DA:75,0
DA:76,0
DA:78,0
DA:79,0
DA:81,0
DA:82,0
DA:91,0
DA:92,0
DA:93,0
DA:96,0
DA:119,0
DA:121,0
DA:122,0
DA:123,0
DA:127,0
DA:128,0
DA:129,0
DA:130,0
DA:131,0
DA:133,0
DA:134,0
DA:135,0
DA:140,0
DA:141,0
DA:142,0
DA:143,0
DA:145,0
DA:146,0
DA:147,0
DA:157,0
DA:159,0
DA:160,0
DA:161,0
DA:165,0
DA:166,0
DA:167,0
DA:168,0
DA:173,0
DA:174,0
DA:175,0
DA:180,0
DA:181,0
DA:182,0
DA:187,0
DA:188,0
DA:189,0
DA:199,0
DA:202,0
DA:203,0
DA:205,0
DA:209,0
DA:210,0
DA:211,0
DA:213,0
DA:216,0
DA:225,0
DA:226,0
DA:228,0
DA:229,0
DA:232,0
DA:233,0
DA:234,0
DA:235,0
DA:242,0
DA:244,0
DA:247,0
DA:248,0
DA:249,0
DA:250,0
DA:253,0
DA:255,0
DA:256,0
DA:257,0
DA:260,0
DA:265,0
DA:267,0
DA:268,0
DA:269,0
DA:272,0
DA:273,0
DA:274,0
DA:276,0
DA:277,0
DA:279,0
DA:280,0
DA:288,0
DA:289,0
DA:290,0
DA:292,0
DA:301,0
DA:302,0
DA:304,0
DA:305,0
DA:309,0
DA:310,0
DA:312,0
DA:313,0
DA:314,0
DA:317,0
DA:319,0
DA:320,0
DA:321,0
DA:326,0
DA:328,0
DA:329,0
DA:330,0
DA:333,0
DA:335,0
DA:336,0
DA:337,0
DA:347,0
DA:348,0
DA:349,0
DA:350,0
DA:354,0
DA:355,0
DA:356,0
DA:357,0
DA:362,0
DA:364,0
DA:365,0
DA:370,0
DA:371,0
DA:372,0
DA:377,0
DA:379,0
DA:391,0
DA:394,0
DA:396,0
DA:397,0
DA:398,0
DA:400,0
DA:402,0
DA:405,0
DA:406,0
DA:407,0
DA:408,0
DA:410,0
DA:412,0
DA:418,0
LF:174
LH:1
end_of_record
SF:lib\app\modules\home\ui\pages\widgets\social_media_icons_widget.dart
DA:8,30
DA:10,0
DA:12,0
DA:13,0
DA:14,0
DA:15,0
DA:16,0
DA:20,0
DA:21,0
DA:23,0
DA:28,0
DA:34,0
DA:35,0
DA:39,0
DA:41,0
DA:42,0
DA:43,0
DA:46,0
DA:48,0
DA:49,0
LF:20
LH:1
end_of_record
SF:lib\app\modules\home\ui\pages\speakers-home\speakers_home_page.dart
DA:15,30
DA:17,0
DA:18,0
DA:23,0
DA:25,0
DA:27,0
DA:28,0
DA:29,0
DA:31,0
DA:32,0
DA:33,0
DA:34,0
DA:35,0
DA:36,0
DA:42,0
DA:43,0
DA:48,0
DA:50,0
DA:51,0
DA:52,0
DA:53,0
DA:54,0
DA:58,0
DA:59,0
DA:60,0
DA:62,0
DA:63,0
DA:64,0
DA:65,0
DA:66,0
DA:70,0
DA:71,0
DA:72,0
DA:73,0
DA:76,0
DA:78,0
DA:79,0
DA:80,0
DA:81,0
DA:83,0
DA:84,0
DA:85,0
DA:86,0
DA:93,0
DA:94,0
DA:96,0
DA:99,0
DA:100,0
DA:103,0
DA:105,0
DA:106,0
DA:107,0
DA:108,0
DA:110,0
DA:111,0
DA:112,0
DA:113,0
DA:120,0
DA:121,0
DA:123,0
DA:124,0
DA:125,0
DA:126,0
DA:132,0
DA:133,0
DA:134,0
DA:136,0
DA:137,0
DA:139,0
LF:69
LH:1
end_of_record
SF:lib\app\modules\home\ui\pages\sponsors-home\sponsors_home_page.dart
DA:15,60
DA:17,0
DA:18,0
DA:22,0
DA:24,0
DA:26,0
DA:27,0
DA:28,0
DA:29,0
DA:30,0
DA:31,0
DA:32,0
DA:33,0
DA:39,0
DA:41,0
DA:42,0
DA:43,0
DA:44,0
DA:45,0
DA:47,0
DA:53,0
DA:62,0
DA:63,0
DA:64,0
DA:65,0
DA:66,0
DA:67,0
DA:68,0
DA:69,0
DA:70,0
DA:71,0
DA:80,0
DA:81,0
DA:83,0
DA:85,0
DA:86,0
DA:88,0
DA:90,0
DA:92,0
DA:94,0
DA:96,0
DA:98,0
DA:100,0
DA:102,0
DA:107,30
DA:109,0
DA:111,0
DA:112,0
DA:114,0
DA:117,0
DA:119,0
DA:120,0
DA:125,0
DA:127,0
DA:128,0
DA:129,0
DA:132,0
DA:133,0
DA:134,0
DA:135,0
DA:138,0
DA:140,0
DA:142,0
DA:143,0
DA:144,0
DA:147,0
DA:148,0
DA:149,0
DA:151,0
DA:155,0
DA:156,0
DA:157,0
DA:160,0
DA:162,0
DA:166,0
DA:167,0
DA:174,0
DA:177,0
DA:178,0
DA:179,0
DA:180,0
DA:181,0
DA:182,0
DA:183,0
DA:186,0
DA:187,0
DA:190,0
DA:191,0
DA:192,0
DA:193,0
DA:197,0
DA:198,0
DA:199,0
DA:204,0
DA:205,0
DA:206,0
DA:212,0
DA:215,0
DA:216,0
DA:217,0
DA:218,0
DA:222,0
DA:223,0
DA:224,0
DA:229,0
DA:230,0
DA:231,0
DA:243,0
DA:244,0
DA:247,0
DA:248,0
DA:251,0
DA:252,0
DA:253,0
DA:254,0
DA:255,0
DA:256,0
DA:257,0
DA:260,0
DA:262,0
DA:266,0
DA:268,0
DA:269,0
DA:270,0
DA:271,0
DA:274,0
DA:275,0
DA:277,0
DA:278,0
DA:286,0
DA:287,0
DA:288,0
DA:289,0
DA:290,0
DA:291,0
DA:292,0
DA:298,0
DA:301,0
DA:302,0
DA:304,0
DA:305,0
DA:310,0
DA:311,0
DA:324,0
DA:328,0
DA:331,0
DA:333,0
DA:337,0
DA:339,0
DA:340,0
DA:341,0
DA:342,0
DA:343,0
DA:351,0
DA:360,0
DA:366,0
DA:371,0
DA:373,0
DA:376,0
DA:377,0
DA:378,0
DA:379,0
DA:380,0
DA:381,0
DA:382,0
DA:384,0
DA:386,0
DA:387,0
DA:389,0
DA:390,0
DA:392,0
DA:393,0
DA:395,0
DA:396,0
DA:402,0
DA:403,0
DA:404,0
DA:407,0
DA:408,0
DA:409,0
DA:413,0
DA:415,0
DA:416,0
DA:419,0
DA:421,0
DA:422,0
DA:425,0
DA:426,0
DA:427,0
DA:441,30
DA:443,0
DA:445,0
DA:447,0
DA:451,0
DA:452,0
DA:453,0
DA:454,0
DA:455,0
DA:456,0
DA:457,0
DA:458,0
DA:459,0
DA:460,0
DA:461,0
DA:462,0
DA:463,0
DA:464,0
DA:465,0
DA:466,0
DA:467,0
DA:474,30
DA:476,0
DA:478,0
DA:479,0
DA:480,0
DA:481,0
DA:482,0
DA:483,0
DA:484,0
DA:485,0
DA:486,0
DA:487,0
DA:489,0
DA:490,0
DA:493,0
DA:494,0
DA:495,0
DA:496,0
DA:497,0
DA:498,0
DA:499,0
DA:500,0
DA:503,0
DA:506,0
LF:234
LH:4
end_of_record
SF:lib\app\modules\home\ui\pages\widgets\smile_loading_logo_widget.dart
DA:6,30
DA:8,0
DA:10,0
DA:11,0
LF:4
LH:1
end_of_record
SF:lib\app\shared\widgets\app_bar\home_app_bar_widget.dart
DA:16,0
DA:25,0
DA:26,0
DA:30,0
DA:32,0
DA:34,0
DA:37,0
DA:38,0
DA:39,0
DA:40,0
DA:42,0
DA:43,0
DA:44,0
DA:46,0
DA:47,0
DA:49,0
DA:50,0
DA:53,0
DA:54,0
DA:57,0
DA:58,0
DA:60,0
DA:61,0
DA:63,0
DA:64,0
DA:69,0
DA:70,0
DA:71,0
DA:74,0
DA:76,0
DA:77,0
DA:80,0
DA:81,0
DA:88,0
DA:89,0
DA:90,0
DA:92,0
DA:95,0
DA:97,0
DA:100,0
DA:101,0
DA:102,0
DA:106,0
DA:107,0
DA:108,0
DA:109,0
DA:111,0
DA:113,0
DA:114,0
DA:117,0
DA:118,0
DA:119,0
DA:121,0
DA:123,0
DA:124,0
DA:127,0
DA:128,0
DA:129,0
DA:131,0
DA:133,0
DA:134,0
DA:137,0
DA:138,0
DA:140,0
DA:141,0
DA:142,0
DA:144,0
DA:148,0
DA:151,0
DA:152,0
DA:153,0
LF:71
LH:0
end_of_record
SF:lib\app\shared\widgets\drawer\end_drawer_widget.dart
DA:12,0
DA:19,0
DA:21,0
DA:22,0
DA:24,0
DA:25,0
DA:27,0
DA:28,0
DA:29,0
DA:30,0
DA:31,0
DA:33,0
DA:34,0
DA:35,0
DA:38,0
DA:39,0
DA:40,0
DA:41,0
DA:43,0
DA:44,0
DA:45,0
DA:48,0
DA:49,0
DA:50,0
DA:51,0
DA:53,0
DA:54,0
DA:55,0
DA:58,0
DA:59,0
DA:60,0
DA:61,0
DA:62,0
DA:66,0
DA:67,0
DA:68,0
LF:36
LH:0
end_of_record
SF:lib\app\modules\home\ui\pages\main-home\main_home_page.dart
DA:13,30
DA:15,0
DA:16,0
DA:20,0
DA:22,0
DA:23,0
DA:24,0
DA:25,0
DA:27,0
DA:28,0
DA:29,0
DA:30,0
DA:31,0
DA:32,0
DA:33,0
DA:37,0
DA:38,0
DA:39,0
DA:42,0
DA:44,0
DA:47,0
DA:48,0
DA:49,0
DA:51,0
DA:53,0
DA:55,0
DA:56,0
DA:59,0
DA:61,0
DA:62,0
DA:63,0
DA:65,0
DA:66,0
DA:67,0
DA:68,0
DA:71,0
DA:75,0
DA:77,0
DA:78,0
DA:79,0
DA:80,0
DA:83,0
DA:90,0
DA:92,0
DA:93,0
DA:99,0
DA:100,0
DA:101,0
DA:103,0
DA:104,0
DA:106,0
DA:118,0
DA:119,0
DA:123,0
DA:124,0
DA:125,0
DA:128,0
DA:129,0
DA:134,0
DA:138,0
DA:142,0
DA:146,0
DA:147,0
DA:150,0
DA:151,0
DA:152,0
DA:155,0
DA:156,0
DA:161,0
DA:162,0
DA:167,0
DA:171,0
DA:172,0
DA:173,0
DA:182,0
DA:183,0
DA:184,0
DA:185,0
DA:186,0
DA:189,0
DA:191,0
DA:192,0
DA:193,0
DA:201,0
DA:203,0
DA:204,0
DA:212,0
DA:216,0
DA:217,0
DA:220,0
DA:221,0
DA:223,0
DA:226,0
DA:228,0
DA:230,0
DA:231,0
DA:232,0
DA:234,0
DA:238,0
DA:239,0
DA:242,0
DA:243,0
DA:245,0
LF:103
LH:1
end_of_record
SF:lib\app\modules\home\ui\pages\widgets\paragraph_text_widget.dart
DA:8,0
DA:10,0
DA:12,0
DA:14,0
DA:15,0
DA:16,0
DA:17,0
DA:18,0
DA:19,0
DA:20,0
DA:22,0
DA:25,0
LF:12
LH:0
end_of_record
SF:lib\app\modules\home\ui\pages\speakers-home\widgets\speakers_card_widget.dart
DA:12,0
DA:19,0
DA:21,0
DA:23,0
DA:25,0
DA:26,0
DA:27,0
DA:28,0
DA:29,0
DA:30,0
DA:31,0
DA:32,0
DA:33,0
DA:34,0
DA:36,0
DA:38,0
DA:40,0
DA:43,0
DA:45,0
DA:47,0
DA:49,0
DA:52,0
DA:53,0
DA:55,0
DA:57,0
DA:59,0
DA:62,0
DA:64,0
DA:66,0
DA:68,0
DA:71,0
DA:73,0
DA:75,0
LF:33
LH:0
end_of_record
SF:lib\app\modules\home\ui\pages\sponsors-home\sponsor_form_dialog.dart
DA:13,30
DA:15,0
DA:16,0
DA:31,0
DA:32,0
DA:33,0
DA:34,0
DA:41,0
DA:43,0
DA:44,0
DA:45,0
DA:46,0
DA:48,0
DA:50,0
DA:53,0
DA:54,0
DA:55,0
DA:62,0
DA:63,0
DA:64,0
DA:68,0
DA:69,0
DA:75,0
DA:77,0
DA:78,0
DA:81,0
DA:82,0
DA:83,0
DA:86,0
DA:89,0
DA:90,0
DA:91,0
DA:94,0
DA:97,0
DA:98,0
DA:99,0
DA:102,0
DA:105,0
DA:106,0
DA:107,0
DA:111,0
DA:112,0
DA:115,0
DA:116,0
DA:117,0
DA:120,0
DA:123,0
DA:124,0
DA:125,0
DA:129,0
DA:130,0
DA:131,0
DA:132,0
DA:133,0
DA:134,0
DA:135,0
DA:137,0
DA:138,0
DA:144,0
DA:146,0
DA:147,0
DA:148,0
DA:153,0
DA:154,0
DA:155,0
DA:156,0
DA:158,0
DA:159,0
DA:160,0
DA:165,0
DA:167,0
DA:168,0
DA:169,0
DA:170,0
DA:174,0
DA:182,0
DA:184,0
DA:185,0
DA:186,0
DA:188,0
DA:189,0
DA:190,0
DA:196,0
DA:197,0
DA:199,0
DA:200,0
DA:201,0
DA:202,0
DA:206,0
DA:218,0
DA:219,0
DA:220,0
DA:221,0
DA:223,0
DA:224,0
DA:225,0
DA:226,0
DA:230,0
DA:232,0
DA:233,0
DA:234,0
DA:235,0
DA:236,0
DA:241,0
DA:249,0
DA:251,0
DA:252,0
DA:253,0
DA:255,0
DA:256,0
DA:257,0
DA:258,0
DA:263,0
DA:264,0
DA:266,0
DA:267,0
DA:268,0
DA:269,0
DA:270,0
DA:275,0
DA:291,0
DA:292,0
DA:295,0
DA:297,0
DA:298,0
DA:300,0
DA:301,0
DA:302,0
DA:305,0
DA:306,0
DA:307,0
DA:308,0
DA:320,0
DA:321,0
DA:324,0
DA:326,0
DA:327,0
DA:329,0
DA:331,0
DA:332,0
DA:333,0
DA:344,0
DA:345,0
DA:346,0
DA:347,0
DA:348,0
DA:352,0
DA:353,0
DA:354,0
DA:356,0
DA:357,0
DA:358,0
DA:362,0
DA:363,0
DA:374,0
DA:376,0
DA:377,0
DA:378,0
DA:388,0
DA:394,0
DA:399,0
DA:401,0
DA:402,0
DA:403,0
DA:404,0
DA:405,0
DA:406,0
LF:167
LH:1
end_of_record
SF:lib\app\modules\home\ui\pages\widgets\entities_logo_widget.dart
DA:13,0
DA:18,0
DA:20,0
DA:21,0
DA:22,0
DA:24,0
DA:25,0
DA:27,0
DA:30,0
DA:32,0
DA:35,0
DA:36,0
DA:39,0
DA:40,0
DA:41,0
DA:43,0
DA:46,0
DA:48,0
DA:51,0
DA:52,0
DA:54,0
DA:55,0
DA:56,0
DA:57,0
DA:58,0
DA:62,0
DA:64,0
DA:65,0
DA:66,0
DA:67,0
DA:70,0
DA:72,0
DA:74,0
DA:77,0
DA:79,0
DA:82,0
DA:83,0
DA:86,0
DA:87,0
DA:88,0
DA:92,0
DA:93,0
DA:94,0
DA:96,0
DA:104,0
DA:105,0
DA:106,0
DA:109,0
DA:110,0
DA:112,0
DA:115,0
DA:117,0
DA:120,0
DA:121,0
DA:122,0
DA:123,0
DA:125,0
LF:57
LH:0
end_of_record
SF:lib\app\modules\home\ui\pages\widgets\sponsors_widget.dart
DA:7,0
DA:12,0
DA:14,0
DA:16,0
DA:17,0
DA:19,0
DA:21,0
DA:22,0
DA:25,0
DA:27,0
DA:28,0
DA:31,0
DA:32,0
DA:33,0
DA:34,0
DA:35,0
DA:36,0
DA:37,0
DA:38,0
DA:39,0
DA:41,0
DA:42,0
DA:43,0
DA:44,0
DA:45,0
DA:46,0
LF:26
LH:0
end_of_record
SF:lib\app\modules\home\ui\pages\widgets\appbar_button_widget.dart
DA:16,0
DA:28,0
DA:30,0
DA:32,0
DA:33,0
DA:34,0
DA:35,0
DA:36,0
DA:37,0
DA:38,0
DA:39,0
DA:40,0
DA:41,0
DA:43,0
DA:44,0
DA:46,0
DA:48,0
DA:50,0
DA:51,0
DA:53,0
LF:20
LH:0
end_of_record
SF:lib\app\modules\login\presenter\controllers\login_controller.dart
DA:21,2
DA:41,1
DA:43,1
DA:44,1
DA:46,1
DA:49,1
DA:51,1
DA:54,0
DA:56,0
DA:57,0
DA:59,0
DA:60,0
DA:61,0
DA:62,0
DA:64,0
DA:65,0
DA:68,0
DA:69,0
DA:70,0
DA:71,0
DA:72,0
DA:73,0
DA:76,0
DA:79,0
DA:82,1
DA:84,1
DA:87,1
DA:89,1
DA:90,2
DA:91,1
DA:92,2
DA:97,1
DA:99,3
DA:102,1
DA:104,1
LF:35
LH:18
end_of_record
SF:lib\app\modules\login\presenter\controllers\login_controller.g.dart
DA:12,1
DA:13,2
DA:15,1
DA:17,2
DA:18,1
DA:21,1
DA:23,4
DA:24,1
DA:28,1
DA:29,2
DA:31,1
DA:33,2
DA:34,1
DA:37,1
DA:39,4
DA:40,1
DA:44,1
DA:45,2
DA:47,1
DA:49,2
DA:50,1
DA:53,1
DA:55,4
DA:56,1
DA:60,1
DA:61,2
DA:63,1
DA:65,2
DA:66,1
DA:69,1
DA:71,4
DA:72,1
DA:79,0
DA:81,0
DA:82,0
DA:85,0
DA:87,0
DA:88,0
DA:92,1
DA:93,2
DA:95,1
DA:97,4
DA:100,1
DA:101,2
DA:103,1
DA:105,4
DA:111,0
DA:113,0
DA:116,1
DA:117,2
DA:119,1
DA:121,4
DA:124,1
DA:125,2
DA:127,1
DA:129,2
DA:132,1
DA:134,2
DA:138,1
DA:140,2
DA:143,1
DA:145,2
DA:149,1
DA:151,2
DA:154,1
DA:156,2
DA:160,0
DA:163,0
DA:164,0
DA:165,0
DA:166,0
DA:167,0
DA:168,0
LF:73
LH:58
end_of_record
SF:lib\app\modules\login\ui\login_page.dart
DA:16,30
DA:18,0
DA:19,0
DA:25,0
DA:27,0
DA:28,0
DA:31,0
DA:32,0
DA:33,0
DA:35,0
DA:36,0
DA:41,0
DA:43,0
DA:45,0
DA:46,0
DA:47,0
DA:48,0
DA:49,0
DA:50,0
DA:51,0
DA:52,0
DA:53,0
DA:56,0
DA:57,0
DA:59,0
DA:63,0
DA:64,0
DA:65,0
DA:66,0
DA:68,0
DA:69,0
DA:70,0
DA:71,0
DA:72,0
DA:73,0
DA:76,0
DA:77,0
DA:78,0
DA:90,0
DA:91,0
DA:93,0
DA:95,0
DA:97,0
DA:98,0
DA:99,0
DA:101,0
DA:102,0
DA:104,0
DA:105,0
DA:107,0
DA:108,0
DA:109,0
DA:110,0
DA:111,0
DA:112,0
DA:117,0
DA:120,0
DA:121,0
DA:122,0
DA:123,0
DA:124,0
DA:125,0
DA:128,0
DA:129,0
DA:130,0
DA:131,0
DA:132,0
DA:134,0
DA:135,0
DA:140,0
DA:143,0
DA:144,0
DA:145,0
DA:146,0
DA:149,0
DA:150,0
DA:151,0
DA:152,0
DA:155,0
DA:156,0
DA:158,0
DA:159,0
DA:160,0
DA:166,0
DA:167,0
DA:169,0
DA:170,0
DA:178,0
DA:179,0
DA:180,0
DA:186,0
DA:187,0
DA:189,0
DA:190,0
DA:197,0
DA:200,0
DA:201,0
DA:202,0
DA:204,0
DA:205,0
DA:206,0
DA:207,0
DA:209,0
DA:211,0
DA:212,0
DA:213,0
DA:214,0
DA:218,0
DA:220,0
DA:222,0
DA:223,0
DA:226,0
DA:227,0
DA:229,0
DA:230,0
DA:241,0
LF:116
LH:1
end_of_record
SF:lib\app\shared\entities\user_registration.dart
DA:12,1
DA:27,0
DA:28,0
LF:3
LH:1
end_of_record
SF:lib\app\modules\register\domain\usecases\register_user.dart
DA:12,1
DA:14,0
DA:16,0
LF:3
LH:1
end_of_record
SF:lib\app\modules\register\external\errors\errors.dart
DA:3,0
DA:7,0
DA:11,0
LF:3
LH:0
end_of_record
SF:lib\app\modules\register\external\register_datasource_impl.dart
DA:10,1
DA:12,0
DA:14,0
DA:20,0
DA:22,0
DA:23,0
DA:24,0
DA:25,0
DA:26,0
DA:27,0
DA:28,0
DA:29,0
DA:30,0
DA:32,0
DA:33,0
DA:35,0
DA:36,0
DA:38,0
DA:41,0
DA:42,0
DA:43,0
LF:21
LH:1
end_of_record
SF:lib\app\modules\register\infra\repository\register_repository_impl.dart
DA:8,2
DA:10,1
DA:12,2
DA:13,1
LF:4
LH:4
end_of_record
SF:lib\app\modules\register\presenter\controllers\register_controller.dart
DA:22,2
DA:24,0
DA:25,0
DA:27,0
DA:86,1
DA:88,1
DA:91,1
DA:93,1
DA:96,1
DA:98,1
DA:101,1
DA:103,1
DA:106,1
DA:108,1
DA:109,2
DA:110,3
DA:116,1
DA:118,1
DA:121,1
DA:123,2
DA:124,2
DA:129,1
DA:131,2
DA:134,1
DA:136,2
DA:139,0
DA:141,0
DA:144,0
DA:146,0
DA:147,0
DA:149,0
DA:150,0
DA:152,0
DA:153,0
DA:158,1
DA:160,1
DA:161,2
DA:163,2
DA:164,0
DA:165,0
DA:167,2
DA:168,2
DA:173,1
DA:175,1
DA:176,2
DA:178,2
DA:179,2
DA:184,1
DA:186,1
DA:189,1
DA:191,1
DA:192,2
DA:193,0
DA:197,1
DA:199,1
DA:202,1
DA:204,2
DA:205,1
DA:206,2
DA:208,0
DA:209,0
DA:210,0
DA:211,0
DA:217,1
DA:219,1
DA:222,1
DA:224,1
DA:227,0
DA:229,0
DA:230,0
DA:234,0
DA:235,0
DA:236,0
DA:241,1
DA:243,1
DA:244,2
DA:246,0
DA:247,0
DA:252,0
DA:253,0
DA:254,0
DA:255,0
DA:256,0
DA:257,0
DA:258,0
DA:259,0
DA:260,0
DA:261,0
DA:262,0
DA:264,0
DA:265,0
DA:268,0
DA:270,0
DA:271,0
DA:272,0
DA:274,0
DA:275,0
DA:276,0
DA:277,0
DA:278,0
DA:279,0
DA:280,0
DA:281,0
DA:282,0
DA:285,0
DA:288,0
DA:292,1
DA:294,1
DA:297,1
DA:299,1
DA:302,1
DA:304,1
DA:307,1
DA:309,1
DA:312,1
DA:314,1
DA:317,1
DA:319,1
LF:118
LH:63
end_of_record
SF:lib\app\modules\register\presenter\controllers\register_controller.g.dart
DA:14,0
DA:15,0
DA:17,0
DA:20,0
DA:22,0
DA:23,0
DA:25,0
DA:30,0
DA:32,0
DA:33,0
DA:36,0
DA:38,0
DA:39,0
DA:43,1
DA:44,2
DA:46,1
DA:48,2
DA:49,1
DA:52,1
DA:54,4
DA:55,1
DA:59,1
DA:60,2
DA:62,1
DA:64,2
DA:65,1
DA:68,1
DA:70,4
DA:71,1
DA:75,1
DA:76,2
DA:78,1
DA:80,2
DA:81,1
DA:84,1
DA:86,4
DA:87,1
DA:91,2
DA:92,1
DA:94,1
DA:96,2
DA:97,1
DA:100,1
DA:102,4
DA:103,1
DA:107,1
DA:108,2
DA:110,1
DA:112,2
DA:113,1
DA:116,1
DA:118,4
DA:119,1
DA:123,1
DA:124,2
DA:126,1
DA:128,2
DA:129,1
DA:132,1
DA:134,4
DA:135,1
DA:139,1
DA:140,2
DA:142,1
DA:144,2
DA:145,1
DA:148,1
DA:150,4
DA:151,1
DA:155,1
DA:156,2
DA:158,1
DA:160,2
DA:161,1
DA:164,1
DA:166,4
DA:167,1
DA:171,1
DA:172,2
DA:174,1
DA:176,2
DA:177,1
DA:180,1
DA:182,4
DA:183,1
DA:190,0
DA:192,0
DA:193,0
DA:196,0
DA:198,0
DA:199,0
DA:203,1
DA:204,2
DA:206,1
DA:208,2
DA:209,1
DA:212,1
DA:214,4
DA:215,1
DA:219,1
DA:220,2
DA:222,1
DA:224,2
DA:225,1
DA:228,1
DA:230,4
DA:231,1
DA:235,1
DA:236,2
DA:238,1
DA:240,2
DA:241,1
DA:244,1
DA:246,4
DA:247,1
DA:251,1
DA:252,2
DA:254,1
DA:256,2
DA:257,1
DA:260,1
DA:262,4
DA:263,1
DA:267,1
DA:268,2
DA:270,1
DA:272,2
DA:273,1
DA:276,1
DA:278,4
DA:279,1
DA:283,1
DA:284,2
DA:286,1
DA:288,2
DA:289,1
DA:292,1
DA:294,4
DA:295,1
DA:299,2
DA:301,1
DA:303,1
DA:305,2
DA:306,1
DA:309,1
DA:311,1
DA:312,3
DA:313,1
DA:317,2
DA:318,1
DA:320,1
DA:322,2
DA:323,1
DA:326,1
DA:328,1
DA:329,3
DA:330,1
DA:334,2
DA:336,1
DA:338,1
DA:340,1
DA:341,3
DA:344,2
DA:346,1
DA:348,1
DA:350,1
DA:351,3
DA:354,1
DA:355,2
DA:357,1
DA:359,4
DA:362,1
DA:363,2
DA:365,1
DA:367,4
DA:370,1
DA:371,2
DA:373,1
DA:375,4
DA:378,1
DA:379,2
DA:381,1
DA:383,4
DA:386,1
DA:387,2
DA:389,1
DA:391,4
DA:397,0
DA:399,0
DA:402,1
DA:403,2
DA:405,1
DA:407,4
DA:410,1
DA:411,2
DA:413,1
DA:415,1
DA:416,3
DA:419,1
DA:420,2
DA:422,1
DA:424,4
DA:427,1
DA:428,2
DA:430,1
DA:432,4
DA:435,1
DA:436,2
DA:438,1
DA:440,1
DA:441,3
DA:447,0
DA:449,0
DA:452,1
DA:453,2
DA:455,1
DA:457,4
DA:460,2
DA:462,1
DA:464,1
DA:466,1
DA:467,3
DA:470,2
DA:472,1
DA:474,1
DA:476,1
DA:477,3
DA:480,2
DA:482,1
DA:484,1
DA:486,1
DA:487,3
DA:490,1
DA:491,2
DA:493,1
DA:495,2
DA:498,1
DA:500,2
DA:504,1
DA:506,2
DA:509,1
DA:511,2
DA:515,0
DA:517,0
DA:520,0
DA:522,0
DA:526,1
DA:528,2
DA:531,1
DA:533,2
DA:537,1
DA:539,2
DA:542,1
DA:544,2
DA:548,1
DA:550,2
DA:553,1
DA:555,2
DA:559,0
DA:561,0
DA:564,0
DA:566,0
DA:570,1
DA:572,2
DA:575,1
DA:577,2
DA:581,1
DA:583,2
DA:586,1
DA:588,2
DA:592,1
DA:594,2
DA:597,1
DA:599,2
DA:603,0
DA:606,0
DA:607,0
DA:608,0
DA:609,0
DA:610,0
DA:611,0
DA:612,0
DA:613,0
DA:614,0
DA:615,0
DA:616,0
DA:617,0
DA:618,0
DA:619,0
DA:620,0
DA:621,0
DA:622,0
DA:623,0
DA:624,0
DA:625,0
DA:626,0
DA:627,0
LF:297
LH:243
end_of_record
SF:lib\app\shared\entities\infra\access_level_enum.dart
DA:8,0
DA:9,0
DA:10,0
DA:11,0
DA:15,0
DA:16,0
LF:6
LH:0
end_of_record
SF:lib\app\shared\entities\infra\user_roles_enum.dart
DA:17,0
DA:18,0
DA:19,0
DA:20,0
DA:24,0
DA:25,0
DA:28,0
DA:29,0
LF:8
LH:0
end_of_record
SF:lib\app\modules\register\ui\pages\register_page.dart
DA:23,30
DA:25,0
DA:26,0
DA:32,0
DA:34,0
DA:35,0
DA:36,0
DA:39,0
DA:40,0
DA:41,0
DA:43,0
DA:44,0
DA:49,0
DA:50,0
DA:51,0
DA:53,0
DA:54,0
DA:59,0
DA:61,0
DA:62,0
DA:63,0
DA:64,0
DA:65,0
DA:66,0
DA:67,0
DA:68,0
DA:69,0
DA:70,0
DA:73,0
DA:74,0
DA:75,0
DA:80,0
DA:81,0
DA:82,0
DA:83,0
DA:84,0
DA:86,0
DA:87,0
DA:88,0
DA:90,0
DA:94,0
DA:95,0
DA:96,0
DA:107,0
DA:110,0
DA:111,0
DA:112,0
DA:113,0
DA:114,0
DA:115,0
DA:118,0
DA:119,0
DA:123,0
DA:126,0
DA:128,0
DA:129,0
DA:130,0
DA:132,0
DA:135,0
DA:136,0
DA:138,0
DA:139,0
DA:140,0
DA:143,0
DA:144,0
DA:145,0
DA:147,0
DA:148,0
DA:149,0
DA:150,0
DA:152,0
DA:153,0
DA:156,0
DA:157,0
DA:158,0
DA:167,0
DA:168,0
DA:169,0
DA:172,0
DA:173,0
DA:174,0
DA:175,0
DA:177,0
DA:182,0
DA:183,0
DA:185,0
DA:186,0
DA:187,0
DA:188,0
DA:189,0
DA:192,0
DA:195,0
DA:196,0
DA:197,0
DA:199,0
DA:200,0
DA:202,0
DA:203,0
DA:204,0
DA:207,0
DA:210,0
DA:211,0
DA:212,0
DA:215,0
DA:216,0
DA:217,0
DA:223,0
DA:224,0
DA:226,0
DA:227,0
DA:229,0
DA:230,0
DA:231,0
DA:234,0
DA:235,0
DA:238,0
DA:239,0
DA:241,0
DA:243,0
DA:244,0
DA:247,0
DA:248,0
DA:249,0
DA:250,0
DA:251,0
DA:252,0
DA:256,0
DA:259,0
DA:260,0
DA:261,0
DA:262,0
DA:265,0
DA:266,0
DA:270,0
DA:273,0
DA:274,0
DA:275,0
DA:276,0
DA:277,0
DA:278,0
DA:282,0
DA:285,0
DA:286,0
DA:287,0
DA:290,0
DA:291,0
DA:292,0
DA:293,0
DA:299,0
DA:302,0
DA:303,0
DA:304,0
DA:305,0
DA:308,0
DA:311,0
DA:312,0
DA:313,0
DA:314,0
DA:316,0
DA:319,0
DA:320,0
DA:321,0
DA:322,0
DA:323,0
DA:324,0
DA:327,0
DA:328,0
DA:329,0
DA:330,0
DA:332,0
DA:333,0
DA:334,0
DA:336,0
DA:337,0
DA:339,0
DA:340,0
DA:342,0
DA:343,0
DA:344,0
DA:346,0
DA:347,0
DA:348,0
DA:349,0
DA:350,0
DA:351,0
DA:352,0
DA:356,0
DA:365,0
DA:368,0
DA:369,0
DA:370,0
DA:371,0
DA:374,0
DA:375,0
DA:376,0
DA:377,0
DA:380,0
LF:197
LH:1
end_of_record
SF:lib\app\modules\register\ui\pages\success_register_page.dart
DA:9,30
DA:11,0
DA:12,0
DA:18,0
DA:20,0
DA:21,0
DA:22,0
DA:23,0
DA:24,0
DA:25,0
DA:26,0
DA:27,0
DA:28,0
DA:29,0
DA:32,0
DA:42,0
DA:44,0
DA:50,0
DA:51,0
DA:60,0
DA:61,0
DA:62,0
DA:63,0
DA:66,0
DA:67,0
DA:68,0
LF:26
LH:1
end_of_record
SF:lib\app\modules\register\ui\pages\verify_email_page.dart
DA:9,30
DA:11,0
DA:12,0
DA:18,0
DA:20,0
DA:21,0
DA:22,0
DA:23,0
DA:24,0
DA:25,0
DA:26,0
DA:27,0
DA:28,0
DA:29,0
DA:32,0
DA:42,0
DA:43,0
DA:52,0
DA:53,0
DA:54,0
DA:55,0
DA:58,0
DA:59,0
DA:60,0
LF:24
LH:1
end_of_record
SF:lib\app\modules\register\ui\widgets\check_box_widget.dart
DA:12,0
DA:18,0
DA:20,0
DA:22,0
DA:24,0
DA:25,0
DA:28,0
DA:29,0
DA:30,0
DA:32,0
DA:33,0
DA:36,0
DA:37,0
DA:38,0
DA:39,0
DA:41,0
DA:43,0
DA:44,0
DA:45,0
DA:46,0
DA:50,0
DA:51,0
DA:52,0
DA:53,0
DA:59,0
DA:60,0
LF:26
LH:0
end_of_record
SF:lib\app\modules\register\ui\widgets\dialog\select_role_dialog.dart
DA:13,30
DA:15,0
DA:17,0
DA:18,0
DA:19,0
DA:20,0
DA:21,0
DA:23,0
DA:24,0
DA:26,0
DA:27,0
DA:28,0
DA:29,0
DA:30,0
DA:31,0
DA:34,0
DA:35,0
DA:36,0
DA:37,0
DA:38,0
DA:41,0
DA:42,0
DA:43,0
DA:44,0
DA:45,0
LF:25
LH:1
end_of_record
SF:lib\app\modules\register\ui\widgets\enable_text_field_check_box_widget.dart
DA:10,0
DA:16,0
DA:18,0
DA:20,0
DA:21,0
DA:23,0
DA:24,0
DA:25,0
DA:26,0
DA:27,0
DA:28,0
DA:32,0
DA:33,0
DA:34,0
DA:35,0
DA:39,0
DA:42,0
DA:44,0
DA:45,0
DA:47,0
DA:48,0
DA:51,0
DA:52,0
DA:53,0
DA:54,0
DA:60,0
DA:61,0
DA:62,0
DA:63,0
DA:68,0
DA:71,0
LF:31
LH:0
end_of_record
SF:lib\app\modules\register\ui\widgets\switch_toggle_widget.dart
DA:8,0
DA:14,0
DA:17,0
DA:21,0
DA:26,0
DA:27,0
DA:28,0
DA:29,0
DA:32,0
DA:33,0
DA:38,0
DA:40,0
DA:42,0
DA:43,0
DA:46,0
DA:47,0
DA:48,0
DA:50,0
DA:52,0
DA:53,0
DA:55,0
DA:56,0
DA:57,0
DA:58,0
DA:59,0
DA:62,0
DA:63,0
DA:64,0
DA:65,0
DA:66,0
DA:72,0
DA:74,0
DA:75,0
DA:76,0
DA:77,0
DA:78,0
DA:79,0
LF:37
LH:0
end_of_record
SF:lib\app\shared\widgets\input-box\input_phone_widget.dart
DA:15,0
DA:23,0
DA:25,0
DA:27,0
DA:28,0
DA:29,0
DA:30,0
DA:32,0
DA:34,0
DA:35,0
DA:36,0
DA:37,0
DA:38,0
DA:50,0
DA:51,0
DA:52,0
DA:53,0
DA:54,0
DA:56,0
DA:57,0
DA:61,0
DA:63,0
DA:65,0
DA:66,0
DA:67,0
DA:69,0
DA:70,0
DA:71,0
DA:74,0
DA:75,0
DA:79,0
DA:80,0
DA:81,0
DA:83,0
DA:84,0
DA:88,0
DA:90,0
DA:92,0
DA:94,0
DA:95,0
DA:96,0
DA:98,0
DA:99,0
DA:100,0
DA:102,0
DA:103,0
LF:46
LH:0
end_of_record
SF:lib\app\modules\register\ui\widgets\dialog\select_role_button_widget.dart
DA:8,0
DA:11,0
DA:13,0
DA:15,0
DA:17,0
DA:18,0
DA:19,0
DA:21,0
DA:22,0
DA:23,0
DA:25,0
DA:28,0
DA:29,0
DA:30,0
DA:31,0
DA:32,0
LF:16
LH:0
end_of_record
SF:lib\app\modules\resend-confirmation\domain\usecases\resend_confirmation.dart
DA:10,1
DA:12,0
DA:14,0
LF:3
LH:1
end_of_record
SF:lib\app\modules\resend-confirmation\external\errors.dart
DA:3,0
DA:7,0
LF:2
LH:0
end_of_record
SF:lib\app\modules\resend-confirmation\external\resend_confirmation_datasourse_impl.dart
DA:11,1
DA:13,0
DA:15,0
DA:21,0
DA:23,0
DA:26,0
DA:27,0
DA:29,0
DA:30,0
DA:31,0
LF:10
LH:1
end_of_record
SF:lib\app\modules\resend-confirmation\infra\repository\resend_confirmation_repository_impl.dart
DA:8,2
DA:10,1
DA:12,2
DA:13,1
LF:4
LH:4
end_of_record
SF:lib\app\modules\resend-confirmation\presenter\controller\resend_confirmation_controller.g.dart
DA:13,2
DA:14,1
DA:16,1
DA:18,2
DA:19,1
DA:22,1
DA:24,4
DA:25,1
DA:32,0
DA:34,0
DA:35,0
DA:38,0
DA:40,0
DA:41,0
DA:45,1
DA:46,2
DA:48,1
DA:50,2
DA:51,1
DA:54,1
DA:56,4
DA:57,1
DA:61,1
DA:62,2
DA:64,1
DA:66,2
DA:67,1
DA:70,1
DA:72,4
DA:73,1
DA:77,2
DA:79,1
DA:81,1
DA:83,2
DA:84,1
DA:87,1
DA:89,4
DA:90,1
DA:94,2
DA:96,1
DA:98,1
DA:100,4
DA:103,2
DA:105,1
DA:107,1
DA:109,4
DA:112,2
DA:114,1
DA:116,1
DA:118,4
DA:125,0
DA:127,0
DA:128,0
DA:131,2
DA:133,1
DA:135,1
DA:137,1
DA:138,3
DA:145,0
DA:147,0
DA:148,0
DA:150,0
DA:152,0
DA:153,0
DA:157,0
DA:160,0
DA:161,0
DA:162,0
DA:163,0
DA:164,0
DA:165,0
LF:71
LH:49
end_of_record
SF:lib\app\modules\resend-confirmation\presenter\controller\resend_confirmation_controller.dart
DA:19,2
DA:36,1
DA:38,1
DA:41,1
DA:43,1
DA:46,1
DA:48,1
DA:51,0
DA:53,0
DA:54,0
DA:56,0
DA:57,0
DA:58,0
DA:59,0
DA:60,0
DA:62,0
DA:65,0
DA:68,1
DA:70,1
DA:73,0
DA:75,0
DA:76,0
DA:77,0
DA:78,0
LF:24
LH:9
end_of_record
SF:lib\app\modules\resend-confirmation\ui\resend_confirmation_page.dart
DA:15,30
DA:17,0
DA:18,0
DA:25,0
DA:27,0
DA:28,0
DA:31,0
DA:32,0
DA:33,0
DA:35,0
DA:36,0
DA:41,0
DA:43,0
DA:44,0
DA:45,0
DA:46,0
DA:47,0
DA:48,0
DA:49,0
DA:50,0
DA:51,0
DA:52,0
DA:55,0
DA:62,0
DA:63,0
DA:64,0
DA:65,0
DA:67,0
DA:68,0
DA:69,0
DA:70,0
DA:73,0
DA:74,0
DA:75,0
DA:86,0
DA:89,0
DA:90,0
DA:91,0
DA:92,0
DA:93,0
DA:94,0
DA:96,0
DA:97,0
DA:102,0
DA:103,0
DA:104,0
DA:106,0
DA:109,0
DA:110,0
DA:111,0
DA:118,0
DA:119,0
DA:120,0
DA:123,0
DA:125,0
DA:126,0
DA:132,0
DA:135,0
DA:136,0
DA:137,0
DA:142,0
DA:143,0
DA:144,0
DA:145,0
DA:146,0
DA:148,0
DA:151,0
DA:152,0
DA:154,0
DA:155,0
DA:156,0
DA:158,0
DA:159,0
DA:167,0
DA:168,0
DA:169,0
DA:170,0
DA:173,0
DA:174,0
DA:175,0
LF:80
LH:1
end_of_record
SF:lib\app\shared\entities\activity.dart
DA:24,7
DA:43,0
DA:44,0
DA:53,0
DA:55,0
LF:5
LH:1
end_of_record
SF:lib\app\shared\models\responsible_professor_model.dart
DA:6,0
DA:9,0
DA:10,0
DA:11,0
DA:12,0
DA:13,0
DA:16,0
DA:17,0
LF:8
LH:0
end_of_record
SF:lib\app\shared\entities\infra\delivery_enum.dart
DA:12,0
DA:14,0
DA:16,0
DA:18,0
DA:23,0
DA:24,0
DA:25,0
DA:26,0
DA:30,0
DA:31,0
LF:10
LH:0
end_of_record
SF:lib\app\shared\entities\responsible_professor.dart
DA:8,0
LF:1
LH:0
end_of_record
SF:lib\app\shared\entities\user.dart
DA:14,3
LF:1
LH:1
end_of_record
SF:lib\app\shared\services\environment\environment_enum.dart
DA:4,0
DA:6,0
DA:8,0
LF:3
LH:0
end_of_record
SF:lib\generated\intl\messages_all.dart
DA:23,12
DA:24,8
DA:25,0
DA:28,4
DA:30,4
DA:31,4
DA:32,0
DA:33,0
DA:40,4
DA:41,4
DA:42,12
DA:43,0
DA:45,0
DA:47,8
DA:48,4
DA:49,12
DA:50,8
DA:51,4
DA:54,4
DA:56,4
DA:62,4
DA:64,4
DA:66,4
LF:23
LH:18
end_of_record
SF:lib\generated\intl\messages_en.dart
DA:16,12
DA:21,0
DA:23,0
DA:31,0
DA:33,0
DA:59,0
DA:61,0
DA:75,0
DA:77,0
DA:92,0
DA:94,0
DA:95,0
DA:97,0
DA:105,0
DA:107,0
DA:111,0
DA:113,0
DA:120,0
DA:122,0
DA:126,0
DA:128,0
DA:133,0
DA:135,0
DA:154,0
DA:156,0
DA:175,0
DA:177,0
DA:181,0
DA:183,0
DA:188,0
DA:190,0
DA:195,0
DA:197,0
DA:203,0
DA:205,0
DA:219,0
DA:221,0
DA:229,0
DA:231,0
DA:239,0
DA:242,8
DA:244,4
DA:246,4
DA:248,4
DA:251,4
DA:253,4
DA:255,4
DA:257,4
DA:259,4
DA:261,4
DA:262,4
DA:263,4
DA:265,4
DA:266,4
DA:269,4
DA:271,4
DA:273,4
DA:275,4
DA:277,4
DA:279,4
DA:280,4
DA:281,4
DA:283,4
DA:285,4
DA:287,4
DA:289,4
DA:292,4
DA:293,4
DA:295,4
DA:296,4
DA:297,4
DA:298,4
DA:300,4
DA:302,4
DA:303,4
DA:304,4
DA:305,4
DA:307,4
DA:308,4
DA:310,4
DA:312,4
DA:314,4
DA:316,4
DA:318,4
DA:320,4
DA:322,4
DA:324,4
DA:325,4
DA:326,4
DA:328,4
DA:331,4
DA:332,4
DA:333,4
DA:337,4
DA:338,4
DA:341,4
DA:342,4
DA:344,4
DA:346,4
DA:348,4
DA:351,4
DA:352,4
DA:354,4
DA:355,4
DA:357,4
DA:359,4
DA:361,4
DA:362,4
DA:364,4
DA:366,4
DA:368,4
DA:371,4
DA:372,4
DA:376,4
DA:378,4
DA:379,4
DA:380,4
DA:382,4
DA:384,4
DA:388,4
DA:390,4
DA:392,4
DA:394,4
DA:396,4
DA:398,4
DA:400,4
DA:402,4
DA:404,4
DA:405,4
DA:407,4
DA:408,4
DA:411,4
DA:413,4
DA:414,4
DA:415,4
DA:417,4
DA:418,4
DA:420,4
DA:421,4
DA:422,4
DA:423,4
DA:425,4
DA:426,4
DA:430,4
DA:432,4
DA:433,4
DA:434,4
DA:435,4
DA:437,4
DA:439,4
DA:441,4
DA:442,4
DA:444,4
DA:447,4
DA:448,4
DA:451,4
DA:452,4
DA:454,4
DA:455,4
DA:457,4
DA:459,4
DA:462,4
DA:465,4
DA:466,4
LF:164
LH:125
end_of_record
SF:lib\generated\intl\messages_pt.dart
DA:16,0
DA:21,0
DA:23,0
DA:31,0
DA:33,0
DA:59,0
DA:61,0
DA:75,0
DA:77,0
DA:91,0
DA:93,0
DA:94,0
DA:96,0
DA:104,0
DA:106,0
DA:110,0
DA:112,0
DA:119,0
DA:121,0
DA:125,0
DA:127,0
DA:131,0
DA:133,0
DA:152,0
DA:154,0
DA:173,0
DA:175,0
DA:179,0
DA:181,0
DA:186,0
DA:188,0
DA:193,0
DA:195,0
DA:201,0
DA:203,0
DA:217,0
DA:219,0
DA:227,0
DA:229,0
DA:237,0
DA:240,0
DA:241,0
DA:245,0
DA:247,0
DA:250,0
DA:252,0
DA:254,0
DA:256,0
DA:258,0
DA:260,0
DA:261,0
DA:262,0
DA:264,0
DA:265,0
DA:267,0
DA:270,0
DA:272,0
DA:274,0
DA:276,0
DA:278,0
DA:279,0
DA:280,0
DA:282,0
DA:284,0
DA:286,0
DA:288,0
DA:291,0
DA:292,0
DA:294,0
DA:295,0
DA:296,0
DA:297,0
DA:299,0
DA:301,0
DA:302,0
DA:304,0
DA:305,0
DA:307,0
DA:308,0
DA:310,0
DA:313,0
DA:314,0
DA:316,0
DA:318,0
DA:320,0
DA:322,0
DA:324,0
DA:325,0
DA:326,0
DA:328,0
DA:330,0
DA:332,0
DA:334,0
DA:338,0
DA:339,0
DA:342,0
DA:343,0
DA:346,0
DA:347,0
DA:349,0
DA:352,0
DA:353,0
DA:355,0
DA:356,0
DA:358,0
DA:360,0
DA:361,0
DA:363,0
DA:365,0
DA:368,0
DA:369,0
DA:372,0
DA:373,0
DA:377,0
DA:379,0
DA:380,0
DA:381,0
DA:383,0
DA:385,0
DA:389,0
DA:391,0
DA:393,0
DA:395,0
DA:397,0
DA:399,0
DA:401,0
DA:403,0
DA:405,0
DA:406,0
DA:408,0
DA:409,0
DA:412,0
DA:414,0
DA:415,0
DA:416,0
DA:418,0
DA:419,0
DA:421,0
DA:422,0
DA:423,0
DA:424,0
DA:426,0
DA:428,0
DA:432,0
DA:433,0
DA:435,0
DA:436,0
DA:437,0
DA:439,0
DA:441,0
DA:443,0
DA:445,0
DA:446,0
DA:449,0
DA:450,0
DA:453,0
DA:454,0
DA:456,0
DA:457,0
DA:459,0
DA:461,0
DA:464,0
DA:467,0
DA:468,0
LF:164
LH:0
end_of_record
SF:lib\app\app_module.dart
DA:20,12
DA:47,0
LF:2
LH:1
end_of_record
SF:lib\app\modules\auth\auth_module.dart
DA:19,10
DA:20,5
DA:21,5
DA:22,5
DA:23,5
DA:27,15
DA:30,15
DA:33,12
DA:36,12
DA:38,16
DA:40,0
LF:11
LH:10
end_of_record
SF:lib\app\modules\register\register_module.dart
DA:18,2
DA:19,1
DA:20,1
DA:24,3
DA:27,3
DA:30,3
DA:32,3
DA:37,0
DA:38,0
DA:39,0
LF:10
LH:7
end_of_record
SF:lib\app\modules\home\home_module.dart
DA:12,2
DA:13,3
DA:18,0
DA:19,0
DA:20,0
LF:5
LH:2
end_of_record
SF:lib\app\modules\login\login_module.dart
DA:19,2
DA:20,1
DA:21,1
DA:25,3
DA:27,3
DA:29,3
DA:34,0
DA:38,0
LF:8
LH:6
end_of_record
SF:lib\app\modules\forgot-password\forgot_password_module.dart
DA:18,0
DA:19,0
DA:20,0
DA:21,0
DA:25,0
DA:28,0
DA:31,2
DA:34,3
DA:36,3
DA:42,0
DA:44,0
LF:11
LH:3
end_of_record
SF:lib\app\modules\resend-confirmation\resend_confirmation_module.dart
DA:16,2
DA:17,1
DA:21,3
DA:24,3
DA:27,3
DA:29,3
DA:35,0
LF:7
LH:6
end_of_record
SF:lib\app\modules\dashboard\adm_module.dart
DA:32,0
DA:33,0
DA:34,0
DA:35,0
DA:36,0
DA:40,0
DA:41,0
DA:43,0
DA:47,2
DA:48,1
DA:52,2
DA:53,1
DA:56,3
DA:58,3
DA:60,0
DA:62,0
DA:64,0
DA:66,0
DA:67,3
DA:69,0
DA:71,0
DA:72,0
DA:73,0
DA:74,0
DA:75,0
DA:79,0
DA:80,0
DA:88,0
DA:90,0
DA:91,0
DA:92,0
LF:31
LH:7
end_of_record
SF:lib\app\modules\dashboard\landing_module.dart
DA:12,3
DA:18,0
DA:22,0
LF:3
LH:1
end_of_record
SF:lib\app\modules\dashboard\user_module.dart
DA:47,0
DA:48,0
DA:49,0
DA:53,0
DA:54,0
DA:55,0
DA:56,0
DA:60,2
DA:61,1
DA:63,0
DA:64,0
DA:66,0
DA:67,0
DA:69,0
DA:70,0
DA:71,0
DA:74,3
DA:76,0
DA:78,0
DA:80,0
DA:82,0
DA:84,0
DA:85,0
DA:87,0
DA:89,0
DA:91,0
DA:92,0
DA:93,0
DA:94,0
DA:95,0
DA:98,2
DA:100,0
DA:101,0
DA:102,0
DA:103,0
DA:104,0
DA:108,0
DA:109,0
DA:113,0
DA:115,0
DA:117,0
DA:119,0
DA:125,0
DA:127,0
DA:129,0
DA:130,0
DA:132,0
DA:133,0
LF:48
LH:4
end_of_record
SF:lib\app\modules\home\presenter\controllers\video_controller.dart
DA:14,1
DA:16,2
DA:19,1
DA:21,1
LF:4
LH:4
end_of_record
SF:lib\app\modules\home\presenter\controllers\video_controller.g.dart
DA:12,1
DA:13,2
DA:15,1
DA:17,2
DA:18,1
DA:21,1
DA:23,4
DA:24,1
DA:28,1
DA:29,2
DA:31,1
DA:33,2
DA:34,1
DA:37,1
DA:39,4
DA:40,1
DA:44,1
DA:45,2
DA:47,1
DA:49,2
DA:52,1
DA:54,2
DA:58,1
DA:60,2
DA:63,1
DA:65,2
DA:69,0
DA:72,0
DA:73,0
DA:74,0
LF:30
LH:26
end_of_record
